#
# There is insufficient memory for the Java Runtime Environment to continue.
# Native memory allocation (malloc) failed to allocate 879216 bytes for Chunk::new
# Possible reasons:
#   The system is out of physical RAM or swap space
#   The process is running with CompressedOops enabled, and the Java Heap may be blocking the growth of the native heap
# Possible solutions:
#   Reduce memory load on the system
#   Increase physical memory or swap space
#   Check if swap backing store is full
#   Decrease Java heap size (-Xmx/-Xms)
#   Decrease number of Java threads
#   Decrease Java thread stack sizes (-Xss)
#   Set larger code cache with -XX:ReservedCodeCacheSize=
#   JVM is running with Unscaled Compressed Oops mode in which the Java heap is
#     placed in the first 4GB address space. The Java Heap base address is the
#     maximum limit for the native heap growth. Please use -XX:HeapBaseMinAddress
#     to set the Java Heap base and to place the Java Heap above 4GB virtual address.
# This output file may be truncated or incomplete.
#
#  Out of Memory Error (./src/hotspot/share/memory/arena.cpp:197), pid=70864, tid=69600
#
# JRE version: OpenJDK Runtime Environment (11.0.8+10) (build 11.0.8+10-b944.6842174)
# Java VM: OpenJDK 64-Bit Server VM (11.0.8+10-b944.6842174, mixed mode, tiered, compressed oops, g1 gc, windows-amd64)
# No core dump will be written. Minidumps are not enabled by default on client versions of Windows
#

---------------  S U M M A R Y ------------

Command Line: --add-opens=java.base/java.util=ALL-UNNAMED --add-opens=java.base/java.lang=ALL-UNNAMED --add-opens=java.base/java.lang.invoke=ALL-UNNAMED --add-opens=java.prefs/java.util.prefs=ALL-UNNAMED -Xmx2048m -Dfile.encoding=UTF-8 -Duser.country=CA -Duser.language=en -Duser.variant org.gradle.launcher.daemon.bootstrap.GradleDaemon 6.7.1

Host: AMD Athlon Silver 3050U with Radeon Graphics   , 2 cores, 3G,  Windows 10 , 64 bit Build 19041 (10.0.19041.928)
Time: Wed Jun 16 21:33:23 2021 Eastern Daylight Time elapsed time: 41 seconds (0d 0h 0m 41s)

---------------  T H R E A D  ---------------

Current thread (0x00000131765fd800):  JavaThread "C2 CompilerThread0" daemon [_thread_in_native, id=69600, stack(0x0000002926500000,0x0000002926600000)]


Current CompileTask:
C2:  41456 8332       4       java.lang.reflect.Constructor::newInstance (76 bytes)

Stack: [0x0000002926500000,0x0000002926600000]
Native frames: (J=compiled Java code, j=interpreted, Vv=VM code, C=native code)
V  [jvm.dll+0x5de50a]
V  [jvm.dll+0x7122f5]
V  [jvm.dll+0x71384d]
V  [jvm.dll+0x713f03]
V  [jvm.dll+0x23e728]
V  [jvm.dll+0xb899c]
V  [jvm.dll+0xb8e9c]
V  [jvm.dll+0x35020b]
V  [jvm.dll+0x31dea3]
V  [jvm.dll+0x31d39a]
V  [jvm.dll+0x1f7702]
V  [jvm.dll+0x1f68d4]
V  [jvm.dll+0x17f32c]
V  [jvm.dll+0x205047]
V  [jvm.dll+0x203891]
V  [jvm.dll+0x6dad3f]
V  [jvm.dll+0x6d3895]
V  [jvm.dll+0x5dd4a6]
C  [ucrtbase.dll+0x21bb2]
C  [KERNEL32.DLL+0x17034]
C  [ntdll.dll+0x52651]


---------------  P R O C E S S  ---------------

Threads class SMR info:
_java_thread_list=0x000001317cd74050, length=136, elements={
0x000001315c08b000, 0x000001317659c000, 0x000001317659f000, 0x00000131765fb800,
0x00000131765fc800, 0x00000131765fd800, 0x0000013176601800, 0x0000013176763000,
0x0000013176865000, 0x0000013176881000, 0x0000013178000000, 0x00000131772ba000,
0x00000131772cf000, 0x00000131772d0000, 0x00000131772d0800, 0x00000131776f8800,
0x00000131772b8000, 0x0000013176c9e800, 0x0000013176ca4000, 0x0000013176cb6000,
0x00000131775b4800, 0x00000131775b3000, 0x00000131775b1000, 0x00000131775b5800,
0x00000131775b7800, 0x00000131775b7000, 0x00000131775b2000, 0x00000131775b6000,
0x00000131775b3800, 0x00000131794f6000, 0x00000131794f7000, 0x00000131794f8000,
0x00000131794f8800, 0x00000131794fb000, 0x00000131794f5800, 0x00000131794fc000,
0x00000131794fa800, 0x00000131794f9800, 0x00000131794fe800, 0x00000131794fd000,
0x00000131794ff000, 0x0000013179500000, 0x0000013179501000, 0x00000131794fd800,
0x0000013179503800, 0x0000013179501800, 0x0000013179502800, 0x000001317a2a6800,
0x000001317a2a4000, 0x000001317a2a5800, 0x000001317a2a0800, 0x000001317a2a7000,
0x000001317a2a2000, 0x000001317a2a1800, 0x000001317a2a8000, 0x000001317a2a9000,
0x000001317a2a3000, 0x000001317a2a4800, 0x000001317a2ad800, 0x000001317a2af800,
0x000001317a2ad000, 0x000001317a2a9800, 0x000001317a2ae800, 0x000001317a2aa800,
0x000001317a2ab000, 0x000001317a2ac000, 0x000001317a2c6800, 0x000001317a2c5800,
0x000001317a2c4800, 0x000001317a2c0800, 0x000001317a2c4000, 0x000001317a2c2800,
0x000001317a2c1800, 0x000001317a2c8000, 0x000001317a2c7000, 0x000001317a2c3000,
0x000001317a2cc000, 0x000001317a2c9800, 0x000001317a2cd000, 0x000001317a2cd800,
0x000001317a2ce800, 0x000001317a2c9000, 0x000001317a2cf800, 0x000001317a2ca800,
0x000001317a2cb000, 0x000001317a445800, 0x000001317a446000, 0x000001317a443000,
0x000001317a447000, 0x000001317a444800, 0x000001317a441800, 0x000001317a443800,
0x000001317a448000, 0x000001317a442000, 0x000001317a448800, 0x000001317a44e800,
0x000001317a44f000, 0x000001317a449800, 0x000001317a44c000, 0x000001317a44a800,
0x000001317a44b000, 0x000001317a450000, 0x000001317a44c800, 0x000001317a44d800,
0x000001317a45e000, 0x000001317a45f800, 0x000001317a460800, 0x000001317a45f000,
0x000001317a461800, 0x000001317a462000, 0x000001317a45d800, 0x000001317a467000,
0x000001317a466800, 0x000001317a468000, 0x000001317a464800, 0x000001317a464000,
0x000001317a465800, 0x000001317a463000, 0x000001317a469800, 0x000001317a468800,
0x000001317a46a800, 0x000001317a46b000, 0x000001317a46c000, 0x000001317ab6d000,
0x000001317ab6c000, 0x000001317ab6d800, 0x000001317ab6e800, 0x000001317ab6f800,
0x000001317ab70000, 0x000001317ab71000, 0x000001317ab77800, 0x000001317ab74800,
0x000001317ab72800, 0x000001317ab76000, 0x000001317ab75000, 0x000001317ab72000
}

Java Threads: ( => current thread )
  0x000001315c08b000 JavaThread "main" [_thread_blocked, id=59880, stack(0x0000002925a00000,0x0000002925b00000)]
  0x000001317659c000 JavaThread "Reference Handler" daemon [_thread_blocked, id=61896, stack(0x0000002926100000,0x0000002926200000)]
  0x000001317659f000 JavaThread "Finalizer" daemon [_thread_blocked, id=63804, stack(0x0000002926200000,0x0000002926300000)]
  0x00000131765fb800 JavaThread "Signal Dispatcher" daemon [_thread_blocked, id=56356, stack(0x0000002926300000,0x0000002926400000)]
  0x00000131765fc800 JavaThread "Attach Listener" daemon [_thread_blocked, id=39408, stack(0x0000002926400000,0x0000002926500000)]
=>0x00000131765fd800 JavaThread "C2 CompilerThread0" daemon [_thread_in_native, id=69600, stack(0x0000002926500000,0x0000002926600000)]
  0x0000013176601800 JavaThread "C1 CompilerThread0" daemon [_thread_blocked, id=69292, stack(0x0000002926600000,0x0000002926700000)]
  0x0000013176763000 JavaThread "Sweeper thread" daemon [_thread_blocked, id=60344, stack(0x0000002926700000,0x0000002926800000)]
  0x0000013176865000 JavaThread "Common-Cleaner" daemon [_thread_blocked, id=71032, stack(0x0000002926800000,0x0000002926900000)]
  0x0000013176881000 JavaThread "Service Thread" daemon [_thread_blocked, id=67896, stack(0x0000002926900000,0x0000002926a00000)]
  0x0000013178000000 JavaThread "Daemon health stats" [_thread_blocked, id=72388, stack(0x0000002926c00000,0x0000002926d00000)]
  0x00000131772ba000 JavaThread "Incoming local TCP Connector on port 50564" [_thread_in_native, id=69808, stack(0x0000002926f00000,0x0000002927000000)]
  0x00000131772cf000 JavaThread "Daemon" [_thread_blocked, id=51668, stack(0x0000002927000000,0x0000002927100000)]
  0x00000131772d0000 JavaThread "Daemon periodic checks" [_thread_blocked, id=59500, stack(0x0000002927100000,0x0000002927200000)]
  0x00000131772d0800 JavaThread "Handler for socket connection from /127.0.0.1:50564 to /127.0.0.1:50565" [_thread_in_native, id=70288, stack(0x0000002927200000,0x0000002927300000)]
  0x00000131776f8800 JavaThread "Cancel handler" [_thread_blocked, id=68036, stack(0x0000002927300000,0x0000002927400000)]
  0x00000131772b8000 JavaThread "Daemon worker" [_thread_in_native, id=70560, stack(0x0000002927400000,0x0000002927500000)]
  0x0000013176c9e800 JavaThread "Asynchronous log dispatcher for DefaultDaemonConnection: socket connection from /127.0.0.1:50564 to /127.0.0.1:50565" [_thread_blocked, id=64000, stack(0x0000002927500000,0x0000002927600000)]
  0x0000013176ca4000 JavaThread "Stdin handler" [_thread_blocked, id=69644, stack(0x0000002927600000,0x0000002927700000)]
  0x0000013176cb6000 JavaThread "Thread-8" [_thread_blocked, id=56004, stack(0x0000002927700000,0x0000002927800000)]
  0x00000131775b4800 JavaThread "Cache worker for file hash cache (C:\Users\Lenovo\.gradle\caches\6.7.1\fileHashes)" [_thread_blocked, id=69232, stack(0x0000002927800000,0x0000002927900000)]
  0x00000131775b3000 JavaThread "File lock request listener" [_thread_in_native, id=70984, stack(0x0000002927900000,0x0000002927a00000)]
  0x00000131775b1000 JavaThread "Cache worker for journal cache (C:\Users\Lenovo\.gradle\caches\journal-1)" [_thread_blocked, id=62080, stack(0x0000002927a00000,0x0000002927b00000)]
  0x00000131775b5800 JavaThread "Cache worker for file hash cache (C:\Users\Lenovo\AndroidStudioProjects\CurrencyConverter\.gradle\6.7.1\fileHashes)" [_thread_blocked, id=71820, stack(0x0000002927b00000,0x0000002927c00000)]
  0x00000131775b7800 JavaThread "Cache worker for checksums cache (C:\Users\Lenovo\AndroidStudioProjects\CurrencyConverter\.gradle\checksums)" [_thread_blocked, id=71960, stack(0x0000002927c00000,0x0000002927d00000)]
  0x00000131775b7000 JavaThread "Cache worker for cache directory md-supplier (C:\Users\Lenovo\.gradle\caches\6.7.1\md-supplier)" [_thread_blocked, id=72280, stack(0x0000002927d00000,0x0000002927e00000)]
  0x00000131775b2000 JavaThread "Cache worker for cache directory md-rule (C:\Users\Lenovo\.gradle\caches\6.7.1\md-rule)" [_thread_blocked, id=19856, stack(0x0000002927e00000,0x0000002927f00000)]
  0x00000131775b6000 JavaThread "Cache worker for execution history cache (C:\Users\Lenovo\.gradle\caches\6.7.1\executionHistory)" [_thread_blocked, id=48312, stack(0x0000002927f00000,0x0000002928000000)]
  0x00000131775b3800 JavaThread "jar transforms" [_thread_blocked, id=34960, stack(0x0000002928000000,0x0000002928100000)]
  0x00000131794f6000 JavaThread "Cache worker for file content cache (C:\Users\Lenovo\.gradle\caches\6.7.1\fileContent)" [_thread_blocked, id=68096, stack(0x0000002928100000,0x0000002928200000)]
  0x00000131794f7000 JavaThread "Cache worker for Build Output Cleanup Cache (C:\Users\Lenovo\AndroidStudioProjects\CurrencyConverter\.gradle\buildOutputCleanup)" [_thread_blocked, id=72132, stack(0x0000002928200000,0x0000002928300000)]
  0x00000131794f8000 JavaThread "Build operations" [_thread_blocked, id=59404, stack(0x0000002928300000,0x0000002928400000)]
  0x00000131794f8800 JavaThread "Build operations Thread 2" [_thread_blocked, id=69488, stack(0x0000002928400000,0x0000002928500000)]
  0x00000131794fb000 JavaThread "jar transforms Thread 2" [_thread_blocked, id=8808, stack(0x0000002928500000,0x0000002928600000)]
  0x00000131794f5800 JavaThread "jar transforms Thread 3" [_thread_blocked, id=71632, stack(0x0000002928600000,0x0000002928700000)]
  0x00000131794fc000 JavaThread "jar transforms Thread 4" [_thread_blocked, id=63716, stack(0x0000002928700000,0x0000002928800000)]
  0x00000131794fa800 JavaThread "jar transforms Thread 5" [_thread_blocked, id=65352, stack(0x0000002928800000,0x0000002928900000)]
  0x00000131794f9800 JavaThread "jar transforms Thread 6" [_thread_blocked, id=71628, stack(0x0000002928900000,0x0000002928a00000)]
  0x00000131794fe800 JavaThread "jar transforms Thread 7" [_thread_blocked, id=66064, stack(0x0000002928a00000,0x0000002928b00000)]
  0x00000131794fd000 JavaThread "jar transforms Thread 8" [_thread_blocked, id=64860, stack(0x0000002928b00000,0x0000002928c00000)]
  0x00000131794ff000 JavaThread "jar transforms Thread 9" [_thread_blocked, id=67256, stack(0x0000002928c00000,0x0000002928d00000)]
  0x0000013179500000 JavaThread "jar transforms Thread 10" [_thread_blocked, id=70172, stack(0x0000002928d00000,0x0000002928e00000)]
  0x0000013179501000 JavaThread "jar transforms Thread 11" [_thread_blocked, id=64840, stack(0x0000002928e00000,0x0000002928f00000)]
  0x00000131794fd800 JavaThread "jar transforms Thread 12" [_thread_blocked, id=67188, stack(0x0000002928f00000,0x0000002929000000)]
  0x0000013179503800 JavaThread "jar transforms Thread 13" [_thread_blocked, id=69528, stack(0x0000002929000000,0x0000002929100000)]
  0x0000013179501800 JavaThread "jar transforms Thread 14" [_thread_blocked, id=72144, stack(0x0000002929100000,0x0000002929200000)]
  0x0000013179502800 JavaThread "jar transforms Thread 15" [_thread_blocked, id=72200, stack(0x0000002929200000,0x0000002929300000)]
  0x000001317a2a6800 JavaThread "jar transforms Thread 16" [_thread_blocked, id=72640, stack(0x0000002929300000,0x0000002929400000)]
  0x000001317a2a4000 JavaThread "jar transforms Thread 17" [_thread_blocked, id=65908, stack(0x0000002929400000,0x0000002929500000)]
  0x000001317a2a5800 JavaThread "jar transforms Thread 18" [_thread_blocked, id=71020, stack(0x0000002929500000,0x0000002929600000)]
  0x000001317a2a0800 JavaThread "jar transforms Thread 19" [_thread_blocked, id=62792, stack(0x0000002929600000,0x0000002929700000)]
  0x000001317a2a7000 JavaThread "jar transforms Thread 20" [_thread_blocked, id=51608, stack(0x0000002929700000,0x0000002929800000)]
  0x000001317a2a2000 JavaThread "jar transforms Thread 21" [_thread_blocked, id=59604, stack(0x0000002929800000,0x0000002929900000)]
  0x000001317a2a1800 JavaThread "jar transforms Thread 22" [_thread_blocked, id=59092, stack(0x0000002929900000,0x0000002929a00000)]
  0x000001317a2a8000 JavaThread "jar transforms Thread 23" [_thread_blocked, id=67548, stack(0x0000002929a00000,0x0000002929b00000)]
  0x000001317a2a9000 JavaThread "jar transforms Thread 24" [_thread_blocked, id=70468, stack(0x0000002929b00000,0x0000002929c00000)]
  0x000001317a2a3000 JavaThread "jar transforms Thread 25" [_thread_blocked, id=70588, stack(0x0000002929c00000,0x0000002929d00000)]
  0x000001317a2a4800 JavaThread "jar transforms Thread 26" [_thread_blocked, id=68476, stack(0x0000002929d00000,0x0000002929e00000)]
  0x000001317a2ad800 JavaThread "jar transforms Thread 27" [_thread_blocked, id=71160, stack(0x0000002929e00000,0x0000002929f00000)]
  0x000001317a2af800 JavaThread "jar transforms Thread 28" [_thread_blocked, id=69240, stack(0x0000002929f00000,0x000000292a000000)]
  0x000001317a2ad000 JavaThread "jar transforms Thread 29" [_thread_blocked, id=64604, stack(0x000000292a000000,0x000000292a100000)]
  0x000001317a2a9800 JavaThread "jar transforms Thread 30" [_thread_blocked, id=62012, stack(0x000000292a100000,0x000000292a200000)]
  0x000001317a2ae800 JavaThread "jar transforms Thread 31" [_thread_blocked, id=70408, stack(0x000000292a200000,0x000000292a300000)]
  0x000001317a2aa800 JavaThread "jar transforms Thread 32" [_thread_blocked, id=53368, stack(0x000000292a300000,0x000000292a400000)]
  0x000001317a2ab000 JavaThread "jar transforms Thread 33" [_thread_blocked, id=64844, stack(0x000000292a400000,0x000000292a500000)]
  0x000001317a2ac000 JavaThread "jar transforms Thread 34" [_thread_blocked, id=64312, stack(0x000000292a500000,0x000000292a600000)]
  0x000001317a2c6800 JavaThread "jar transforms Thread 35" [_thread_blocked, id=70768, stack(0x000000292a600000,0x000000292a700000)]
  0x000001317a2c5800 JavaThread "jar transforms Thread 36" [_thread_blocked, id=68352, stack(0x000000292a700000,0x000000292a800000)]
  0x000001317a2c4800 JavaThread "jar transforms Thread 37" [_thread_blocked, id=68292, stack(0x000000292a800000,0x000000292a900000)]
  0x000001317a2c0800 JavaThread "jar transforms Thread 38" [_thread_blocked, id=68904, stack(0x000000292a900000,0x000000292aa00000)]
  0x000001317a2c4000 JavaThread "jar transforms Thread 39" [_thread_blocked, id=55052, stack(0x000000292aa00000,0x000000292ab00000)]
  0x000001317a2c2800 JavaThread "jar transforms Thread 40" [_thread_blocked, id=63232, stack(0x000000292ab00000,0x000000292ac00000)]
  0x000001317a2c1800 JavaThread "jar transforms Thread 41" [_thread_blocked, id=64192, stack(0x000000292ac00000,0x000000292ad00000)]
  0x000001317a2c8000 JavaThread "jar transforms Thread 42" [_thread_blocked, id=58872, stack(0x000000292ad00000,0x000000292ae00000)]
  0x000001317a2c7000 JavaThread "jar transforms Thread 43" [_thread_blocked, id=52632, stack(0x000000292ae00000,0x000000292af00000)]
  0x000001317a2c3000 JavaThread "jar transforms Thread 44" [_thread_blocked, id=68636, stack(0x000000292af00000,0x000000292b000000)]
  0x000001317a2cc000 JavaThread "jar transforms Thread 45" [_thread_blocked, id=71280, stack(0x000000292b000000,0x000000292b100000)]
  0x000001317a2c9800 JavaThread "jar transforms Thread 46" [_thread_blocked, id=58832, stack(0x000000292b100000,0x000000292b200000)]
  0x000001317a2cd000 JavaThread "jar transforms Thread 47" [_thread_blocked, id=72396, stack(0x000000292b200000,0x000000292b300000)]
  0x000001317a2cd800 JavaThread "jar transforms Thread 48" [_thread_blocked, id=63132, stack(0x000000292b300000,0x000000292b400000)]
  0x000001317a2ce800 JavaThread "jar transforms Thread 49" [_thread_blocked, id=64240, stack(0x000000292b400000,0x000000292b500000)]
  0x000001317a2c9000 JavaThread "jar transforms Thread 50" [_thread_blocked, id=57364, stack(0x000000292b500000,0x000000292b600000)]
  0x000001317a2cf800 JavaThread "jar transforms Thread 51" [_thread_blocked, id=68156, stack(0x000000292b600000,0x000000292b700000)]
  0x000001317a2ca800 JavaThread "jar transforms Thread 52" [_thread_blocked, id=72232, stack(0x000000292b700000,0x000000292b800000)]
  0x000001317a2cb000 JavaThread "jar transforms Thread 53" [_thread_blocked, id=71236, stack(0x000000292b800000,0x000000292b900000)]
  0x000001317a445800 JavaThread "jar transforms Thread 54" [_thread_blocked, id=69408, stack(0x000000292b900000,0x000000292ba00000)]
  0x000001317a446000 JavaThread "jar transforms Thread 55" [_thread_blocked, id=62520, stack(0x000000292ba00000,0x000000292bb00000)]
  0x000001317a443000 JavaThread "jar transforms Thread 56" [_thread_blocked, id=65512, stack(0x000000292bb00000,0x000000292bc00000)]
  0x000001317a447000 JavaThread "jar transforms Thread 57" [_thread_blocked, id=68656, stack(0x000000292bc00000,0x000000292bd00000)]
  0x000001317a444800 JavaThread "jar transforms Thread 58" [_thread_blocked, id=53712, stack(0x000000292bd00000,0x000000292be00000)]
  0x000001317a441800 JavaThread "jar transforms Thread 59" [_thread_blocked, id=67528, stack(0x000000292be00000,0x000000292bf00000)]
  0x000001317a443800 JavaThread "jar transforms Thread 60" [_thread_blocked, id=64372, stack(0x000000292bf00000,0x000000292c000000)]
  0x000001317a448000 JavaThread "jar transforms Thread 61" [_thread_blocked, id=68012, stack(0x000000292c000000,0x000000292c100000)]
  0x000001317a442000 JavaThread "jar transforms Thread 62" [_thread_blocked, id=70504, stack(0x000000292c100000,0x000000292c200000)]
  0x000001317a448800 JavaThread "jar transforms Thread 63" [_thread_blocked, id=69888, stack(0x000000292c200000,0x000000292c300000)]
  0x000001317a44e800 JavaThread "jar transforms Thread 64" [_thread_blocked, id=58000, stack(0x000000292c300000,0x000000292c400000)]
  0x000001317a44f000 JavaThread "jar transforms Thread 65" [_thread_blocked, id=58388, stack(0x000000292c400000,0x000000292c500000)]
  0x000001317a449800 JavaThread "jar transforms Thread 66" [_thread_blocked, id=57660, stack(0x000000292c500000,0x000000292c600000)]
  0x000001317a44c000 JavaThread "jar transforms Thread 67" [_thread_blocked, id=64940, stack(0x000000292c600000,0x000000292c700000)]
  0x000001317a44a800 JavaThread "jar transforms Thread 68" [_thread_blocked, id=64696, stack(0x000000292c700000,0x000000292c800000)]
  0x000001317a44b000 JavaThread "jar transforms Thread 69" [_thread_blocked, id=68348, stack(0x000000292c800000,0x000000292c900000)]
  0x000001317a450000 JavaThread "jar transforms Thread 70" [_thread_blocked, id=66464, stack(0x000000292c900000,0x000000292ca00000)]
  0x000001317a44c800 JavaThread "jar transforms Thread 71" [_thread_blocked, id=55708, stack(0x000000292ca00000,0x000000292cb00000)]
  0x000001317a44d800 JavaThread "jar transforms Thread 72" [_thread_blocked, id=65172, stack(0x000000292cb00000,0x000000292cc00000)]
  0x000001317a45e000 JavaThread "jar transforms Thread 73" [_thread_blocked, id=70872, stack(0x000000292cc00000,0x000000292cd00000)]
  0x000001317a45f800 JavaThread "jar transforms Thread 74" [_thread_blocked, id=72100, stack(0x000000292cd00000,0x000000292ce00000)]
  0x000001317a460800 JavaThread "jar transforms Thread 75" [_thread_blocked, id=10380, stack(0x000000292ce00000,0x000000292cf00000)]
  0x000001317a45f000 JavaThread "jar transforms Thread 76" [_thread_blocked, id=66496, stack(0x000000292cf00000,0x000000292d000000)]
  0x000001317a461800 JavaThread "jar transforms Thread 77" [_thread_blocked, id=72304, stack(0x000000292d000000,0x000000292d100000)]
  0x000001317a462000 JavaThread "jar transforms Thread 78" [_thread_blocked, id=732, stack(0x000000292d100000,0x000000292d200000)]
  0x000001317a45d800 JavaThread "jar transforms Thread 79" [_thread_blocked, id=72372, stack(0x000000292d200000,0x000000292d300000)]
  0x000001317a467000 JavaThread "jar transforms Thread 80" [_thread_blocked, id=53560, stack(0x000000292d300000,0x000000292d400000)]
  0x000001317a466800 JavaThread "jar transforms Thread 81" [_thread_blocked, id=41508, stack(0x000000292d400000,0x000000292d500000)]
  0x000001317a468000 JavaThread "jar transforms Thread 82" [_thread_blocked, id=53124, stack(0x000000292d500000,0x000000292d600000)]
  0x000001317a464800 JavaThread "jar transforms Thread 83" [_thread_blocked, id=72072, stack(0x000000292d600000,0x000000292d700000)]
  0x000001317a464000 JavaThread "jar transforms Thread 84" [_thread_blocked, id=58360, stack(0x000000292d700000,0x000000292d800000)]
  0x000001317a465800 JavaThread "jar transforms Thread 85" [_thread_blocked, id=55324, stack(0x000000292d800000,0x000000292d900000)]
  0x000001317a463000 JavaThread "jar transforms Thread 86" [_thread_blocked, id=70608, stack(0x000000292d900000,0x000000292da00000)]
  0x000001317a469800 JavaThread "jar transforms Thread 87" [_thread_blocked, id=55660, stack(0x000000292da00000,0x000000292db00000)]
  0x000001317a468800 JavaThread "jar transforms Thread 88" [_thread_blocked, id=72260, stack(0x000000292db00000,0x000000292dc00000)]
  0x000001317a46a800 JavaThread "jar transforms Thread 89" [_thread_blocked, id=65052, stack(0x000000292dc00000,0x000000292dd00000)]
  0x000001317a46b000 JavaThread "jar transforms Thread 90" [_thread_blocked, id=72668, stack(0x000000292dd00000,0x000000292de00000)]
  0x000001317a46c000 JavaThread "jar transforms Thread 91" [_thread_blocked, id=63960, stack(0x000000292de00000,0x000000292df00000)]
  0x000001317ab6d000 JavaThread "jar transforms Thread 92" [_thread_blocked, id=58376, stack(0x000000292df00000,0x000000292e000000)]
  0x000001317ab6c000 JavaThread "jar transforms Thread 93" [_thread_blocked, id=65544, stack(0x000000292e000000,0x000000292e100000)]
  0x000001317ab6d800 JavaThread "jar transforms Thread 94" [_thread_blocked, id=55800, stack(0x000000292e100000,0x000000292e200000)]
  0x000001317ab6e800 JavaThread "jar transforms Thread 95" [_thread_blocked, id=60624, stack(0x000000292e200000,0x000000292e300000)]
  0x000001317ab6f800 JavaThread "jar transforms Thread 96" [_thread_blocked, id=65616, stack(0x000000292e300000,0x000000292e400000)]
  0x000001317ab70000 JavaThread "jar transforms Thread 97" [_thread_blocked, id=72328, stack(0x000000292e400000,0x000000292e500000)]
  0x000001317ab71000 JavaThread "Memory manager" [_thread_blocked, id=69824, stack(0x000000292e500000,0x000000292e600000)]
  0x000001317ab77800 JavaThread "build event listener" [_thread_blocked, id=72012, stack(0x0000002925900000,0x0000002925a00000)]
  0x000001317ab74800 JavaThread "build event listener" [_thread_blocked, id=65136, stack(0x000000292e600000,0x000000292e700000)]
  0x000001317ab72800 JavaThread "Execution worker for ':'" [_thread_blocked, id=62712, stack(0x000000292e700000,0x000000292e800000)]
  0x000001317ab76000 JavaThread "Cache worker for execution history cache (C:\Users\Lenovo\AndroidStudioProjects\CurrencyConverter\.gradle\6.7.1\executionHistory)" [_thread_blocked, id=68016, stack(0x000000292e800000,0x000000292e900000)]
  0x000001317ab75000 JavaThread "WorkerExecutor Queue" [_thread_blocked, id=69056, stack(0x000000292e900000,0x000000292ea00000)]
  0x000001317ab72000 JavaThread "WorkerExecutor Queue Thread 2" [_thread_blocked, id=64284, stack(0x000000292ea00000,0x000000292eb00000)]

Other Threads:
  0x0000013176596800 VMThread "VM Thread" [stack: 0x0000002926000000,0x0000002926100000] [id=69604]
  0x0000013176882000 WatcherThread [stack: 0x0000002926a00000,0x0000002926b00000] [id=59772]
  0x000001315c0a2000 GCTaskThread "GC Thread#0" [stack: 0x0000002925b00000,0x0000002925c00000] [id=70432]
  0x0000013176ab4800 GCTaskThread "GC Thread#1" [stack: 0x0000002926b00000,0x0000002926c00000] [id=71224]
  0x000001315c0d3800 ConcurrentGCThread "G1 Main Marker" [stack: 0x0000002925c00000,0x0000002925d00000] [id=44612]
  0x000001315c0d6800 ConcurrentGCThread "G1 Conc#0" [stack: 0x0000002925d00000,0x0000002925e00000] [id=70800]
  0x000001315c113000 ConcurrentGCThread "G1 Refine#0" [stack: 0x0000002925e00000,0x0000002925f00000] [id=59844]
  0x000001315c114000 ConcurrentGCThread "G1 Young RemSet Sampling" [stack: 0x0000002925f00000,0x0000002926000000] [id=57752]

Threads with active compile tasks:
C2 CompilerThread0  41517 8332       4       java.lang.reflect.Constructor::newInstance (76 bytes)

VM state:not at safepoint (normal execution)

VM Mutex/Monitor currently owned by a thread: None

Heap address: 0x0000000080000000, size: 2048 MB, Compressed Oops mode: 32-bit
Narrow klass base: 0x0000000000000000, Narrow klass shift: 3
Compressed class space size: 1073741824 Address: 0x0000000100000000

Heap:
 garbage-first heap   total 121856K, used 68435K [0x0000000080000000, 0x0000000100000000)
  region size 1024K, 15 young (15360K), 3 survivors (3072K)
 Metaspace       used 77090K, capacity 78971K, committed 78976K, reserved 1118208K
  class space    used 9983K, capacity 10624K, committed 10624K, reserved 1048576K
Heap Regions: E=young(eden), S=young(survivor), O=old, HS=humongous(starts), HC=humongous(continues), CS=collection set, F=free, A=archive, TAMS=top-at-mark-start (previous, next)
|   0|0x0000000080000000, 0x0000000080100000, 0x0000000080100000|100%| O|  |TAMS 0x0000000080100000, 0x0000000080000000| Untracked 
|   1|0x0000000080100000, 0x0000000080200000, 0x0000000080200000|100%| O|  |TAMS 0x0000000080200000, 0x0000000080100000| Untracked 
|   2|0x0000000080200000, 0x0000000080300000, 0x0000000080300000|100%| O|  |TAMS 0x0000000080300000, 0x0000000080200000| Untracked 
|   3|0x0000000080300000, 0x0000000080400000, 0x0000000080400000|100%| O|  |TAMS 0x0000000080400000, 0x0000000080300000| Untracked 
|   4|0x0000000080400000, 0x0000000080500000, 0x0000000080500000|100%|HS|  |TAMS 0x0000000080500000, 0x0000000080400000| Complete 
|   5|0x0000000080500000, 0x0000000080600000, 0x0000000080600000|100%|HC|  |TAMS 0x0000000080600000, 0x0000000080500000| Complete 
|   6|0x0000000080600000, 0x0000000080700000, 0x0000000080700000|100%|HC|  |TAMS 0x0000000080700000, 0x0000000080600000| Complete 
|   7|0x0000000080700000, 0x0000000080800000, 0x0000000080800000|100%| O|  |TAMS 0x0000000080800000, 0x0000000080700000| Untracked 
|   8|0x0000000080800000, 0x0000000080900000, 0x0000000080900000|100%| O|  |TAMS 0x0000000080900000, 0x0000000080800000| Untracked 
|   9|0x0000000080900000, 0x0000000080a00000, 0x0000000080a00000|100%| O|  |TAMS 0x0000000080a00000, 0x0000000080900000| Untracked 
|  10|0x0000000080a00000, 0x0000000080b00000, 0x0000000080b00000|100%| O|  |TAMS 0x0000000080b00000, 0x0000000080a00000| Untracked 
|  11|0x0000000080b00000, 0x0000000080c00000, 0x0000000080c00000|100%| O|  |TAMS 0x0000000080c00000, 0x0000000080b00000| Untracked 
|  12|0x0000000080c00000, 0x0000000080d00000, 0x0000000080d00000|100%| O|  |TAMS 0x0000000080d00000, 0x0000000080c00000| Untracked 
|  13|0x0000000080d00000, 0x0000000080e00000, 0x0000000080e00000|100%| O|  |TAMS 0x0000000080e00000, 0x0000000080d00000| Untracked 
|  14|0x0000000080e00000, 0x0000000080f00000, 0x0000000080f00000|100%| O|  |TAMS 0x0000000080f00000, 0x0000000080e00000| Untracked 
|  15|0x0000000080f00000, 0x0000000081000000, 0x0000000081000000|100%| O|  |TAMS 0x0000000081000000, 0x0000000080f00000| Untracked 
|  16|0x0000000081000000, 0x0000000081100000, 0x0000000081100000|100%| O|  |TAMS 0x0000000081100000, 0x0000000081000000| Untracked 
|  17|0x0000000081100000, 0x0000000081200000, 0x0000000081200000|100%| O|  |TAMS 0x0000000081200000, 0x0000000081100000| Untracked 
|  18|0x0000000081200000, 0x0000000081300000, 0x0000000081300000|100%| O|  |TAMS 0x0000000081300000, 0x0000000081200000| Untracked 
|  19|0x0000000081300000, 0x0000000081400000, 0x0000000081400000|100%| O|  |TAMS 0x0000000081400000, 0x0000000081300000| Untracked 
|  20|0x0000000081400000, 0x0000000081500000, 0x0000000081500000|100%| O|  |TAMS 0x0000000081500000, 0x0000000081400000| Untracked 
|  21|0x0000000081500000, 0x0000000081600000, 0x0000000081600000|100%| O|  |TAMS 0x0000000081600000, 0x0000000081500000| Untracked 
|  22|0x0000000081600000, 0x0000000081700000, 0x0000000081700000|100%| O|  |TAMS 0x0000000081700000, 0x0000000081600000| Untracked 
|  23|0x0000000081700000, 0x0000000081800000, 0x0000000081800000|100%| O|  |TAMS 0x0000000081800000, 0x0000000081700000| Untracked 
|  24|0x0000000081800000, 0x0000000081900000, 0x0000000081900000|100%| O|  |TAMS 0x0000000081900000, 0x0000000081800000| Untracked 
|  25|0x0000000081900000, 0x0000000081a00000, 0x0000000081a00000|100%|HS|  |TAMS 0x0000000081a00000, 0x0000000081900000| Complete 
|  26|0x0000000081a00000, 0x0000000081b00000, 0x0000000081b00000|100%|HS|  |TAMS 0x0000000081b00000, 0x0000000081a00000| Complete 
|  27|0x0000000081b00000, 0x0000000081c00000, 0x0000000081c00000|100%|HC|  |TAMS 0x0000000081c00000, 0x0000000081b00000| Complete 
|  28|0x0000000081c00000, 0x0000000081d00000, 0x0000000081d00000|100%| O|  |TAMS 0x0000000081d00000, 0x0000000081c00000| Untracked 
|  29|0x0000000081d00000, 0x0000000081e00000, 0x0000000081e00000|100%| O|  |TAMS 0x0000000081e00000, 0x0000000081d00000| Untracked 
|  30|0x0000000081e00000, 0x0000000081f00000, 0x0000000081f00000|100%| O|  |TAMS 0x0000000081f00000, 0x0000000081e00000| Untracked 
|  31|0x0000000081f00000, 0x0000000082000000, 0x0000000082000000|100%| O|  |TAMS 0x0000000082000000, 0x0000000081f00000| Untracked 
|  32|0x0000000082000000, 0x0000000082100000, 0x0000000082100000|100%| O|  |TAMS 0x0000000082100000, 0x0000000082000000| Untracked 
|  33|0x0000000082100000, 0x0000000082200000, 0x0000000082200000|100%| O|  |TAMS 0x0000000082200000, 0x0000000082100000| Untracked 
|  34|0x0000000082200000, 0x0000000082300000, 0x0000000082300000|100%| O|  |TAMS 0x0000000082300000, 0x0000000082200000| Untracked 
|  35|0x0000000082300000, 0x0000000082400000, 0x0000000082400000|100%| O|  |TAMS 0x0000000082400000, 0x0000000082300000| Untracked 
|  36|0x0000000082400000, 0x0000000082500000, 0x0000000082500000|100%| O|  |TAMS 0x0000000082500000, 0x0000000082400000| Untracked 
|  37|0x0000000082500000, 0x0000000082600000, 0x0000000082600000|100%| O|  |TAMS 0x0000000082600000, 0x0000000082500000| Untracked 
|  38|0x0000000082600000, 0x0000000082700000, 0x0000000082700000|100%| O|  |TAMS 0x0000000082700000, 0x0000000082600000| Untracked 
|  39|0x0000000082700000, 0x0000000082800000, 0x0000000082800000|100%| O|  |TAMS 0x0000000082800000, 0x0000000082700000| Untracked 
|  40|0x0000000082800000, 0x0000000082900000, 0x0000000082900000|100%| O|  |TAMS 0x0000000082900000, 0x0000000082800000| Untracked 
|  41|0x0000000082900000, 0x0000000082a00000, 0x0000000082a00000|100%| O|  |TAMS 0x0000000082a00000, 0x0000000082900000| Untracked 
|  42|0x0000000082a00000, 0x0000000082b00000, 0x0000000082b00000|100%| O|  |TAMS 0x0000000082b00000, 0x0000000082a00000| Untracked 
|  43|0x0000000082b00000, 0x0000000082c00000, 0x0000000082c00000|100%| O|  |TAMS 0x0000000082c00000, 0x0000000082b00000| Untracked 
|  44|0x0000000082c00000, 0x0000000082d00000, 0x0000000082d00000|100%| O|  |TAMS 0x0000000082d00000, 0x0000000082c00000| Untracked 
|  45|0x0000000082d00000, 0x0000000082e00000, 0x0000000082e00000|100%| O|  |TAMS 0x0000000082e00000, 0x0000000082d00000| Untracked 
|  46|0x0000000082e00000, 0x0000000082f00000, 0x0000000082f00000|100%| O|  |TAMS 0x0000000082f00000, 0x0000000082e00000| Untracked 
|  47|0x0000000082f00000, 0x0000000083000000, 0x0000000083000000|100%| O|  |TAMS 0x0000000083000000, 0x0000000082f00000| Untracked 
|  48|0x0000000083000000, 0x0000000083100000, 0x0000000083100000|100%| O|  |TAMS 0x0000000083100000, 0x0000000083000000| Untracked 
|  49|0x0000000083100000, 0x0000000083200000, 0x0000000083200000|100%| O|  |TAMS 0x0000000083200000, 0x0000000083100000| Untracked 
|  50|0x0000000083200000, 0x0000000083300000, 0x0000000083300000|100%| O|  |TAMS 0x0000000083300000, 0x0000000083200000| Untracked 
|  51|0x0000000083300000, 0x0000000083400000, 0x0000000083400000|100%| O|  |TAMS 0x0000000083400000, 0x0000000083300000| Untracked 
|  52|0x0000000083400000, 0x00000000834e5a00, 0x0000000083500000| 89%| O|  |TAMS 0x00000000834e5a00, 0x0000000083400000| Untracked 
|  53|0x0000000083500000, 0x0000000083500000, 0x0000000083600000|  0%| F|  |TAMS 0x0000000083500000, 0x0000000083500000| Untracked 
|  54|0x0000000083600000, 0x0000000083600000, 0x0000000083700000|  0%| F|  |TAMS 0x0000000083600000, 0x0000000083600000| Untracked 
|  55|0x0000000083700000, 0x0000000083700000, 0x0000000083800000|  0%| F|  |TAMS 0x0000000083700000, 0x0000000083700000| Untracked 
|  56|0x0000000083800000, 0x0000000083800000, 0x0000000083900000|  0%| F|  |TAMS 0x0000000083800000, 0x0000000083800000| Untracked 
|  57|0x0000000083900000, 0x0000000083900000, 0x0000000083a00000|  0%| F|  |TAMS 0x0000000083900000, 0x0000000083900000| Untracked 
|  58|0x0000000083a00000, 0x0000000083a00000, 0x0000000083b00000|  0%| F|  |TAMS 0x0000000083a00000, 0x0000000083a00000| Untracked 
|  59|0x0000000083b00000, 0x0000000083b00000, 0x0000000083c00000|  0%| F|  |TAMS 0x0000000083b00000, 0x0000000083b00000| Untracked 
|  60|0x0000000083c00000, 0x0000000083c00000, 0x0000000083d00000|  0%| F|  |TAMS 0x0000000083c00000, 0x0000000083c00000| Untracked 
|  61|0x0000000083d00000, 0x0000000083d00000, 0x0000000083e00000|  0%| F|  |TAMS 0x0000000083d00000, 0x0000000083d00000| Untracked 
|  62|0x0000000083e00000, 0x0000000083e00000, 0x0000000083f00000|  0%| F|  |TAMS 0x0000000083e00000, 0x0000000083e00000| Untracked 
|  63|0x0000000083f00000, 0x0000000083f00000, 0x0000000084000000|  0%| F|  |TAMS 0x0000000083f00000, 0x0000000083f00000| Untracked 
|  64|0x0000000084000000, 0x0000000084000000, 0x0000000084100000|  0%| F|  |TAMS 0x0000000084000000, 0x0000000084000000| Untracked 
|  65|0x0000000084100000, 0x0000000084100000, 0x0000000084200000|  0%| F|  |TAMS 0x0000000084100000, 0x0000000084100000| Untracked 
|  66|0x0000000084200000, 0x0000000084200000, 0x0000000084300000|  0%| F|  |TAMS 0x0000000084200000, 0x0000000084200000| Untracked 
|  67|0x0000000084300000, 0x0000000084300000, 0x0000000084400000|  0%| F|  |TAMS 0x0000000084300000, 0x0000000084300000| Untracked 
|  68|0x0000000084400000, 0x0000000084400000, 0x0000000084500000|  0%| F|  |TAMS 0x0000000084400000, 0x0000000084400000| Untracked 
|  69|0x0000000084500000, 0x0000000084500000, 0x0000000084600000|  0%| F|  |TAMS 0x0000000084500000, 0x0000000084500000| Untracked 
|  70|0x0000000084600000, 0x00000000846ef4d8, 0x0000000084700000| 93%| S|CS|TAMS 0x0000000084600000, 0x0000000084600000| Complete 
|  71|0x0000000084700000, 0x0000000084800000, 0x0000000084800000|100%| S|CS|TAMS 0x0000000084700000, 0x0000000084700000| Complete 
|  72|0x0000000084800000, 0x0000000084800000, 0x0000000084900000|  0%| F|  |TAMS 0x0000000084800000, 0x0000000084800000| Untracked 
|  73|0x0000000084900000, 0x0000000084a00000, 0x0000000084a00000|100%| S|CS|TAMS 0x0000000084900000, 0x0000000084900000| Complete 
|  74|0x0000000084a00000, 0x0000000084a00000, 0x0000000084b00000|  0%| F|  |TAMS 0x0000000084a00000, 0x0000000084a00000| Untracked 
|  75|0x0000000084b00000, 0x0000000084b00000, 0x0000000084c00000|  0%| F|  |TAMS 0x0000000084b00000, 0x0000000084b00000| Untracked 
|  76|0x0000000084c00000, 0x0000000084c00000, 0x0000000084d00000|  0%| F|  |TAMS 0x0000000084c00000, 0x0000000084c00000| Untracked 
|  77|0x0000000084d00000, 0x0000000084d00000, 0x0000000084e00000|  0%| F|  |TAMS 0x0000000084d00000, 0x0000000084d00000| Untracked 
|  78|0x0000000084e00000, 0x0000000084e00000, 0x0000000084f00000|  0%| F|  |TAMS 0x0000000084e00000, 0x0000000084e00000| Untracked 
|  79|0x0000000084f00000, 0x0000000084f00000, 0x0000000085000000|  0%| F|  |TAMS 0x0000000084f00000, 0x0000000084f00000| Untracked 
|  80|0x0000000085000000, 0x0000000085000000, 0x0000000085100000|  0%| F|  |TAMS 0x0000000085000000, 0x0000000085000000| Untracked 
|  81|0x0000000085100000, 0x0000000085100000, 0x0000000085200000|  0%| F|  |TAMS 0x0000000085100000, 0x0000000085100000| Untracked 
|  82|0x0000000085200000, 0x0000000085200000, 0x0000000085300000|  0%| F|  |TAMS 0x0000000085200000, 0x0000000085200000| Untracked 
|  83|0x0000000085300000, 0x0000000085300000, 0x0000000085400000|  0%| F|  |TAMS 0x0000000085300000, 0x0000000085300000| Untracked 
|  84|0x0000000085400000, 0x0000000085400000, 0x0000000085500000|  0%| F|  |TAMS 0x0000000085400000, 0x0000000085400000| Untracked 
|  85|0x0000000085500000, 0x0000000085500000, 0x0000000085600000|  0%| F|  |TAMS 0x0000000085500000, 0x0000000085500000| Untracked 
|  86|0x0000000085600000, 0x0000000085600000, 0x0000000085700000|  0%| F|  |TAMS 0x0000000085600000, 0x0000000085600000| Untracked 
|  87|0x0000000085700000, 0x0000000085700000, 0x0000000085800000|  0%| F|  |TAMS 0x0000000085700000, 0x0000000085700000| Untracked 
|  88|0x0000000085800000, 0x0000000085800000, 0x0000000085900000|  0%| F|  |TAMS 0x0000000085800000, 0x0000000085800000| Untracked 
|  89|0x0000000085900000, 0x0000000085900000, 0x0000000085a00000|  0%| F|  |TAMS 0x0000000085900000, 0x0000000085900000| Untracked 
|  90|0x0000000085a00000, 0x0000000085a00000, 0x0000000085b00000|  0%| F|  |TAMS 0x0000000085a00000, 0x0000000085a00000| Untracked 
|  91|0x0000000085b00000, 0x0000000085b00000, 0x0000000085c00000|  0%| F|  |TAMS 0x0000000085b00000, 0x0000000085b00000| Untracked 
|  92|0x0000000085c00000, 0x0000000085c00000, 0x0000000085d00000|  0%| F|  |TAMS 0x0000000085c00000, 0x0000000085c00000| Untracked 
|  93|0x0000000085d00000, 0x0000000085d00000, 0x0000000085e00000|  0%| F|  |TAMS 0x0000000085d00000, 0x0000000085d00000| Untracked 
|  94|0x0000000085e00000, 0x0000000085e00000, 0x0000000085f00000|  0%| F|  |TAMS 0x0000000085e00000, 0x0000000085e00000| Untracked 
|  95|0x0000000085f00000, 0x0000000085f00000, 0x0000000086000000|  0%| F|  |TAMS 0x0000000085f00000, 0x0000000085f00000| Untracked 
|  96|0x0000000086000000, 0x0000000086000000, 0x0000000086100000|  0%| F|  |TAMS 0x0000000086000000, 0x0000000086000000| Untracked 
|  97|0x0000000086100000, 0x0000000086100000, 0x0000000086200000|  0%| F|  |TAMS 0x0000000086100000, 0x0000000086100000| Untracked 
|  98|0x0000000086200000, 0x0000000086200000, 0x0000000086300000|  0%| F|  |TAMS 0x0000000086200000, 0x0000000086200000| Untracked 
|  99|0x0000000086300000, 0x0000000086300000, 0x0000000086400000|  0%| F|  |TAMS 0x0000000086300000, 0x0000000086300000| Untracked 
| 100|0x0000000086400000, 0x0000000086400000, 0x0000000086500000|  0%| F|  |TAMS 0x0000000086400000, 0x0000000086400000| Untracked 
| 101|0x0000000086500000, 0x0000000086500000, 0x0000000086600000|  0%| F|  |TAMS 0x0000000086500000, 0x0000000086500000| Untracked 
| 102|0x0000000086600000, 0x0000000086600000, 0x0000000086700000|  0%| F|  |TAMS 0x0000000086600000, 0x0000000086600000| Untracked 
| 103|0x0000000086700000, 0x0000000086700000, 0x0000000086800000|  0%| F|  |TAMS 0x0000000086700000, 0x0000000086700000| Untracked 
| 104|0x0000000086800000, 0x0000000086800000, 0x0000000086900000|  0%| F|  |TAMS 0x0000000086800000, 0x0000000086800000| Untracked 
| 105|0x0000000086900000, 0x0000000086900000, 0x0000000086a00000|  0%| F|  |TAMS 0x0000000086900000, 0x0000000086900000| Untracked 
| 106|0x0000000086a00000, 0x0000000086a00000, 0x0000000086b00000|  0%| F|  |TAMS 0x0000000086a00000, 0x0000000086a00000| Untracked 
| 107|0x0000000086b00000, 0x0000000086b716a0, 0x0000000086c00000| 44%| E|  |TAMS 0x0000000086b00000, 0x0000000086b00000| Complete 
| 108|0x0000000086c00000, 0x0000000086d00000, 0x0000000086d00000|100%| E|CS|TAMS 0x0000000086c00000, 0x0000000086c00000| Complete 
| 109|0x0000000086d00000, 0x0000000086e00000, 0x0000000086e00000|100%| E|CS|TAMS 0x0000000086d00000, 0x0000000086d00000| Complete 
| 110|0x0000000086e00000, 0x0000000086f00000, 0x0000000086f00000|100%| E|CS|TAMS 0x0000000086e00000, 0x0000000086e00000| Complete 
| 111|0x0000000086f00000, 0x0000000087000000, 0x0000000087000000|100%| E|CS|TAMS 0x0000000086f00000, 0x0000000086f00000| Complete 
| 112|0x0000000087000000, 0x0000000087100000, 0x0000000087100000|100%| E|CS|TAMS 0x0000000087000000, 0x0000000087000000| Complete 
| 113|0x0000000087100000, 0x0000000087200000, 0x0000000087200000|100%| E|CS|TAMS 0x0000000087100000, 0x0000000087100000| Complete 
| 114|0x0000000087200000, 0x0000000087300000, 0x0000000087300000|100%| E|CS|TAMS 0x0000000087200000, 0x0000000087200000| Complete 
| 115|0x0000000087300000, 0x0000000087400000, 0x0000000087400000|100%| E|CS|TAMS 0x0000000087300000, 0x0000000087300000| Complete 
| 116|0x0000000087400000, 0x0000000087500000, 0x0000000087500000|100%| E|CS|TAMS 0x0000000087400000, 0x0000000087400000| Complete 
| 117|0x0000000087500000, 0x0000000087600000, 0x0000000087600000|100%| E|CS|TAMS 0x0000000087500000, 0x0000000087500000| Complete 
| 118|0x0000000087600000, 0x0000000087700000, 0x0000000087700000|100%| E|CS|TAMS 0x0000000087600000, 0x0000000087600000| Complete 

Card table byte_map: [0x000001316f210000,0x000001316f610000] _byte_map_base: 0x000001316ee10000

Marking Bits (Prev, Next): (CMBitMap*) 0x000001315c0caa00, (CMBitMap*) 0x000001315c0ca9c8
 Prev Bits: [0x0000013171a10000, 0x0000013173a10000)
 Next Bits: [0x000001316fa10000, 0x0000013171a10000)

Polling page: 0x000001315a700000

Metaspace:

Usage:
  Non-class:     66.75 MB capacity,    65.53 MB ( 98%) used,     1.03 MB (  2%) free+waste,   189.81 KB ( <1%) overhead. 
      Class:     10.38 MB capacity,     9.75 MB ( 94%) used,   553.07 KB (  5%) free+waste,    86.94 KB ( <1%) overhead. 
       Both:     77.12 MB capacity,    75.28 MB ( 98%) used,     1.57 MB (  2%) free+waste,   276.75 KB ( <1%) overhead. 

Virtual space:
  Non-class space:       68.00 MB reserved,      66.75 MB ( 98%) committed 
      Class space:        1.00 GB reserved,      10.38 MB (  1%) committed 
             Both:        1.07 GB reserved,      77.13 MB (  7%) committed 

Chunk freelists:
   Non-Class:  5.00 KB
       Class:  0 bytes
        Both:  5.00 KB

MaxMetaspaceSize: 17179869184.00 GB
CompressedClassSpaceSize: 1.00 GB

CodeHeap 'non-profiled nmethods': size=120064Kb used=4859Kb max_used=4859Kb free=115205Kb
 bounds [0x00000131674d0000, 0x0000013167990000, 0x000001316ea10000]
CodeHeap 'profiled nmethods': size=120000Kb used=18014Kb max_used=18014Kb free=101985Kb
 bounds [0x000001315ffa0000, 0x0000013161140000, 0x00000131674d0000]
CodeHeap 'non-nmethods': size=5696Kb used=2246Kb max_used=2291Kb free=3449Kb
 bounds [0x000001315fa10000, 0x000001315fc80000, 0x000001315ffa0000]
 total_blobs=8986 nmethods=8150 adapters=747
 compilation: enabled
              stopped_count=0, restarted_count=0
 full_count=0

Compilation events (20 events):
Event: 41.408 Thread 0x0000013176601800 8347  s!   3       org.apache.xerces.jaxp.SAXParserImpl$JAXPSAXParser::setFeature (131 bytes)
Event: 41.409 Thread 0x0000013176601800 nmethod 8347 0x0000013161110010 code [0x0000013161110280, 0x0000013161110c68]
Event: 41.409 Thread 0x0000013176601800 8348       3       com.google.common.base.Preconditions::checkArgument (17 bytes)
Event: 41.409 Thread 0x0000013176601800 nmethod 8348 0x0000013161110f90 code [0x0000013161111180, 0x00000131611114d8]
Event: 41.413 Thread 0x0000013176601800 8349       3       java.io.BufferedReader::<init> (62 bytes)
Event: 41.413 Thread 0x0000013176601800 nmethod 8349 0x0000013161111610 code [0x0000013161111800, 0x0000013161111dd8]
Event: 41.418 Thread 0x0000013176601800 8351       3       java.net.URL::<init> (7 bytes)
Event: 41.418 Thread 0x0000013176601800 nmethod 8351 0x0000013161111f90 code [0x0000013161112160, 0x0000013161112308]
Event: 41.420 Thread 0x0000013176601800 8352       3       org.apache.xerces.dom.ElementImpl::synchronizeData (34 bytes)
Event: 41.421 Thread 0x0000013176601800 nmethod 8352 0x0000013161112410 code [0x0000013161112660, 0x0000013161112fc8]
Event: 41.431 Thread 0x0000013176601800 8354       1       com.google.common.base.Splitter::access$200 (5 bytes)
Event: 41.431 Thread 0x0000013176601800 nmethod 8354 0x000001316798dc10 code [0x000001316798ddc0, 0x000001316798de58]
Event: 41.431 Thread 0x0000013176601800 8355       1       com.google.common.base.Splitter::access$300 (5 bytes)
Event: 41.431 Thread 0x0000013176601800 nmethod 8355 0x000001316798df10 code [0x000001316798e0c0, 0x000001316798e158]
Event: 41.431 Thread 0x0000013176601800 8356       1       com.google.common.base.Splitter::access$400 (5 bytes)
Event: 41.431 Thread 0x0000013176601800 nmethod 8356 0x000001316798e210 code [0x000001316798e3c0, 0x000001316798e458]
Event: 41.439 Thread 0x0000013176601800 8357       3       sun.nio.cs.StreamDecoder::<init> (23 bytes)
Event: 41.439 Thread 0x0000013176601800 nmethod 8357 0x0000013161113290 code [0x00000131611134a0, 0x0000013161113a58]
Event: 41.447 Thread 0x0000013176601800 8358  s    3       java.util.Hashtable::clear (38 bytes)
Event: 41.447 Thread 0x0000013176601800 nmethod 8358 0x0000013161113c10 code [0x0000013161113de0, 0x0000013161114298]

GC Heap History (20 events):
Event: 24.482 GC heap before
{Heap before GC invocations=27 (full 0):
 garbage-first heap   total 83968K, used 63377K [0x0000000080000000, 0x0000000100000000)
  region size 1024K, 21 young (21504K), 2 survivors (2048K)
 Metaspace       used 59416K, capacity 60782K, committed 61056K, reserved 1101824K
  class space    used 7533K, capacity 8000K, committed 8064K, reserved 1048576K
}
Event: 24.489 GC heap after
{Heap after GC invocations=28 (full 0):
 garbage-first heap   total 83968K, used 44161K [0x0000000080000000, 0x0000000100000000)
  region size 1024K, 3 young (3072K), 3 survivors (3072K)
 Metaspace       used 59416K, capacity 60782K, committed 61056K, reserved 1101824K
  class space    used 7533K, capacity 8000K, committed 8064K, reserved 1048576K
}
Event: 25.202 GC heap before
{Heap before GC invocations=28 (full 0):
 garbage-first heap   total 83968K, used 63617K [0x0000000080000000, 0x0000000100000000)
  region size 1024K, 22 young (22528K), 3 survivors (3072K)
 Metaspace       used 60810K, capacity 62164K, committed 62336K, reserved 1103872K
  class space    used 7712K, capacity 8226K, committed 8320K, reserved 1048576K
}
Event: 25.212 GC heap after
{Heap after GC invocations=29 (full 0):
 garbage-first heap   total 83968K, used 45900K [0x0000000080000000, 0x0000000100000000)
  region size 1024K, 2 young (2048K), 2 survivors (2048K)
 Metaspace       used 60810K, capacity 62164K, committed 62336K, reserved 1103872K
  class space    used 7712K, capacity 8226K, committed 8320K, reserved 1048576K
}
Event: 26.163 GC heap before
{Heap before GC invocations=30 (full 0):
 garbage-first heap   total 83968K, used 64332K [0x0000000080000000, 0x0000000100000000)
  region size 1024K, 20 young (20480K), 2 survivors (2048K)
 Metaspace       used 63302K, capacity 64781K, committed 65152K, reserved 1105920K
  class space    used 8194K, capacity 8714K, committed 8832K, reserved 1048576K
}
Event: 26.170 GC heap after
{Heap after GC invocations=31 (full 0):
 garbage-first heap   total 83968K, used 46662K [0x0000000080000000, 0x0000000100000000)
  region size 1024K, 3 young (3072K), 3 survivors (3072K)
 Metaspace       used 63302K, capacity 64781K, committed 65152K, reserved 1105920K
  class space    used 8194K, capacity 8714K, committed 8832K, reserved 1048576K
}
Event: 29.356 GC heap before
{Heap before GC invocations=31 (full 0):
 garbage-first heap   total 83968K, used 65094K [0x0000000080000000, 0x0000000100000000)
  region size 1024K, 21 young (21504K), 3 survivors (3072K)
 Metaspace       used 65165K, capacity 66689K, committed 66944K, reserved 1107968K
  class space    used 8449K, capacity 9002K, committed 9088K, reserved 1048576K
}
Event: 29.372 GC heap after
{Heap after GC invocations=32 (full 0):
 garbage-first heap   total 83968K, used 47828K [0x0000000080000000, 0x0000000100000000)
  region size 1024K, 3 young (3072K), 3 survivors (3072K)
 Metaspace       used 65165K, capacity 66689K, committed 66944K, reserved 1107968K
  class space    used 8449K, capacity 9002K, committed 9088K, reserved 1048576K
}
Event: 30.497 GC heap before
{Heap before GC invocations=33 (full 0):
 garbage-first heap   total 83968K, used 66260K [0x0000000080000000, 0x0000000100000000)
  region size 1024K, 21 young (21504K), 3 survivors (3072K)
 Metaspace       used 66554K, capacity 68114K, committed 68480K, reserved 1107968K
  class space    used 8674K, capacity 9231K, committed 9344K, reserved 1048576K
}
Event: 30.510 GC heap after
{Heap after GC invocations=34 (full 0):
 garbage-first heap   total 101376K, used 49020K [0x0000000080000000, 0x0000000100000000)
  region size 1024K, 3 young (3072K), 3 survivors (3072K)
 Metaspace       used 66554K, capacity 68114K, committed 68480K, reserved 1107968K
  class space    used 8674K, capacity 9231K, committed 9344K, reserved 1048576K
}
Event: 31.538 GC heap before
{Heap before GC invocations=34 (full 0):
 garbage-first heap   total 101376K, used 75644K [0x0000000080000000, 0x0000000100000000)
  region size 1024K, 29 young (29696K), 3 survivors (3072K)
 Metaspace       used 69266K, capacity 70902K, committed 71168K, reserved 1110016K
  class space    used 9096K, capacity 9685K, committed 9728K, reserved 1048576K
}
Event: 31.552 GC heap after
{Heap after GC invocations=35 (full 0):
 garbage-first heap   total 101376K, used 50565K [0x0000000080000000, 0x0000000100000000)
  region size 1024K, 3 young (3072K), 3 survivors (3072K)
 Metaspace       used 69266K, capacity 70902K, committed 71168K, reserved 1110016K
  class space    used 9096K, capacity 9685K, committed 9728K, reserved 1048576K
}
Event: 33.746 GC heap before
{Heap before GC invocations=36 (full 0):
 garbage-first heap   total 101376K, used 77189K [0x0000000080000000, 0x0000000100000000)
  region size 1024K, 30 young (30720K), 3 survivors (3072K)
 Metaspace       used 73242K, capacity 74921K, committed 75264K, reserved 1114112K
  class space    used 9528K, capacity 10117K, committed 10240K, reserved 1048576K
}
Event: 33.763 GC heap after
{Heap after GC invocations=37 (full 0):
 garbage-first heap   total 101376K, used 52351K [0x0000000080000000, 0x0000000100000000)
  region size 1024K, 4 young (4096K), 4 survivors (4096K)
 Metaspace       used 73242K, capacity 74921K, committed 75264K, reserved 1114112K
  class space    used 9528K, capacity 10117K, committed 10240K, reserved 1048576K
}
Event: 35.834 GC heap before
{Heap before GC invocations=37 (full 0):
 garbage-first heap   total 101376K, used 78975K [0x0000000080000000, 0x0000000100000000)
  region size 1024K, 31 young (31744K), 4 survivors (4096K)
 Metaspace       used 75511K, capacity 77295K, committed 77440K, reserved 1116160K
  class space    used 9862K, capacity 10505K, committed 10624K, reserved 1048576K
}
Event: 35.862 GC heap after
{Heap after GC invocations=38 (full 0):
 garbage-first heap   total 101376K, used 54274K [0x0000000080000000, 0x0000000100000000)
  region size 1024K, 4 young (4096K), 4 survivors (4096K)
 Metaspace       used 75511K, capacity 77295K, committed 77440K, reserved 1116160K
  class space    used 9862K, capacity 10505K, committed 10624K, reserved 1048576K
}
Event: 39.770 GC heap before
{Heap before GC invocations=39 (full 0):
 garbage-first heap   total 101376K, used 79874K [0x0000000080000000, 0x0000000100000000)
  region size 1024K, 30 young (30720K), 4 survivors (4096K)
 Metaspace       used 75858K, capacity 77718K, committed 77952K, reserved 1116160K
  class space    used 9876K, capacity 10514K, committed 10624K, reserved 1048576K
}
Event: 39.790 GC heap after
{Heap after GC invocations=40 (full 0):
 garbage-first heap   total 101376K, used 55777K [0x0000000080000000, 0x0000000100000000)
  region size 1024K, 4 young (4096K), 4 survivors (4096K)
 Metaspace       used 75858K, capacity 77718K, committed 77952K, reserved 1116160K
  class space    used 9876K, capacity 10514K, committed 10624K, reserved 1048576K
}
Event: 41.032 GC heap before
{Heap before GC invocations=40 (full 0):
 garbage-first heap   total 101376K, used 80353K [0x0000000080000000, 0x0000000100000000)
  region size 1024K, 29 young (29696K), 4 survivors (4096K)
 Metaspace       used 76952K, capacity 78842K, committed 78976K, reserved 1118208K
  class space    used 9983K, capacity 10624K, committed 10624K, reserved 1048576K
}
Event: 41.053 GC heap after
{Heap after GC invocations=41 (full 0):
 garbage-first heap   total 121856K, used 57171K [0x0000000080000000, 0x0000000100000000)
  region size 1024K, 3 young (3072K), 3 survivors (3072K)
 Metaspace       used 76952K, capacity 78842K, committed 78976K, reserved 1118208K
  class space    used 9983K, capacity 10624K, committed 10624K, reserved 1048576K
}

Deoptimization events (20 events):
Event: 40.409 Thread 0x00000131772b8000 DEOPT PACKING pc=0x00000131679547c8 sp=0x00000029274f69c0
Event: 40.409 Thread 0x00000131772b8000 DEOPT UNPACKING pc=0x000001315fa374af sp=0x00000029274f6980 mode 2
Event: 40.611 Thread 0x00000131772b8000 DEOPT PACKING pc=0x0000013160f16531 sp=0x00000029274f5750
Event: 40.611 Thread 0x00000131772b8000 DEOPT UNPACKING pc=0x000001315fa372ce sp=0x00000029274f4c18 mode 0
Event: 40.617 Thread 0x00000131772b8000 Uncommon trap: trap_request=0xffffff4d fr.pc=0x000001316777cd94 relative=0x00000000000005b4
Event: 40.617 Thread 0x00000131772b8000 Uncommon trap: reason=unstable_if action=reinterpret pc=0x000001316777cd94 method=java.lang.StringCoding.decodeUTF8([BIIZ)Ljava/lang/StringCoding$Result; @ 12 c2
Event: 40.617 Thread 0x00000131772b8000 DEOPT PACKING pc=0x000001316777cd94 sp=0x00000029274f7ab0
Event: 40.617 Thread 0x00000131772b8000 DEOPT UNPACKING pc=0x000001315fa374af sp=0x00000029274f7a70 mode 2
Event: 40.653 Thread 0x00000131772b8000 Uncommon trap: trap_request=0xffffff4d fr.pc=0x00000131674e5a98 relative=0x0000000000000258
Event: 40.653 Thread 0x00000131772b8000 Uncommon trap: reason=unstable_if action=reinterpret pc=0x00000131674e5a98 method=java.lang.String.getChars(II[CI)V @ 23 c2
Event: 40.653 Thread 0x00000131772b8000 DEOPT PACKING pc=0x00000131674e5a98 sp=0x00000029274f7770
Event: 40.653 Thread 0x00000131772b8000 DEOPT UNPACKING pc=0x000001315fa374af sp=0x00000029274f7708 mode 2
Event: 40.653 Thread 0x00000131772b8000 Uncommon trap: trap_request=0xffffff4d fr.pc=0x00000131675aca88 relative=0x0000000000000268
Event: 40.653 Thread 0x00000131772b8000 Uncommon trap: reason=unstable_if action=reinterpret pc=0x00000131675aca88 method=java.lang.AbstractStringBuilder.appendChars([CII)V @ 43 c2
Event: 40.653 Thread 0x00000131772b8000 DEOPT PACKING pc=0x00000131675aca88 sp=0x00000029274f76b0
Event: 40.653 Thread 0x00000131772b8000 DEOPT UNPACKING pc=0x000001315fa374af sp=0x00000029274f7628 mode 2
Event: 40.706 Thread 0x00000131772b8000 DEOPT PACKING pc=0x000001315ffdd2bc sp=0x00000029274f7690
Event: 40.706 Thread 0x00000131772b8000 DEOPT UNPACKING pc=0x000001315fa372ce sp=0x00000029274f6af0 mode 0
Event: 40.997 Thread 0x00000131772b8000 DEOPT PACKING pc=0x0000013160f16531 sp=0x00000029274f56c0
Event: 40.997 Thread 0x00000131772b8000 DEOPT UNPACKING pc=0x000001315fa372ce sp=0x00000029274f4b88 mode 0

Classes redefined (0 events):
No events

Internal exceptions (20 events):
Event: 33.785 Thread 0x0000013176cb6000 Exception <a 'java/lang/NoSuchMethodError'{0x0000000086113ce0}: <clinit>> (0x0000000086113ce0) thrown at [./src/hotspot/share/prims/jni.cpp, line 1362]
Event: 33.790 Thread 0x0000013176cb6000 Exception <a 'java/lang/NoSuchMethodError'{0x000000008614a250}: <clinit>> (0x000000008614a250) thrown at [./src/hotspot/share/prims/jni.cpp, line 1362]
Event: 33.791 Thread 0x0000013176cb6000 Exception <a 'java/lang/NoSuchMethodError'{0x000000008615e008}: <clinit>> (0x000000008615e008) thrown at [./src/hotspot/share/prims/jni.cpp, line 1362]
Event: 33.791 Thread 0x0000013176cb6000 Exception <a 'java/lang/NoSuchMethodError'{0x000000008615f780}: <clinit>> (0x000000008615f780) thrown at [./src/hotspot/share/prims/jni.cpp, line 1362]
Event: 33.793 Thread 0x00000131772b8000 Exception <a 'java/lang/NoSuchMethodError'{0x000000008616b5b8}: 'java.lang.Object java.lang.invoke.Invokers$Holder.linkToTargetMethod(java.lang.Object, java.lang.Object, java.lang.Object, java.lang.Object, java.lang.Object, java.lang.Object, java.lang.Object, java.lang.Object)'> (0x000000008616b5b8) thrown at [./src/hotspot/share/interpreter/linkResolver.cpp, line 773]
Event: 33.815 Thread 0x000001317ab77800 Exception <a 'java/lang/NoSuchMethodError'{0x000000008612e3b0}: <clinit>> (0x000000008612e3b0) thrown at [./src/hotspot/share/prims/jni.cpp, line 1362]
Event: 33.817 Thread 0x000001317ab77800 Exception <a 'java/lang/NoSuchMethodError'{0x0000000085f4c3f0}: <clinit>> (0x0000000085f4c3f0) thrown at [./src/hotspot/share/prims/jni.cpp, line 1362]
Event: 34.066 Thread 0x0000013176cb6000 Exception <a 'java/lang/NoSuchMethodError'{0x0000000085c18848}: <clinit>> (0x0000000085c18848) thrown at [./src/hotspot/share/prims/jni.cpp, line 1362]
Event: 34.372 Thread 0x00000131772b8000 Exception <a 'java/lang/NoSuchMethodError'{0x0000000085bed378}: 'java.lang.Object java.lang.invoke.DirectMethodHandle$Holder.invokeSpecial(java.lang.Object, java.lang.Object, int, java.lang.Object, java.lang.Object)'> (0x0000000085bed378) thrown at [./src/hotspot/share/interpreter/linkResolver.cpp, line 773]
Event: 34.414 Thread 0x00000131772b8000 Exception <a 'java/lang/NoSuchMethodError'{0x0000000085bf61b0}: 'java.lang.Object java.lang.invoke.DirectMethodHandle$Holder.invokeStatic(java.lang.Object, java.lang.Object, int, java.lang.Object)'> (0x0000000085bf61b0) thrown at [./src/hotspot/share/interpreter/linkResolver.cpp, line 773]
Event: 34.414 Thread 0x00000131772b8000 Exception <a 'java/lang/NoSuchMethodError'{0x0000000085bfa6a0}: 'java.lang.Object java.lang.invoke.Invokers$Holder.linkToTargetMethod(java.lang.Object, int, java.lang.Object, java.lang.Object)'> (0x0000000085bfa6a0) thrown at [./src/hotspot/share/interpreter/linkResolver.cpp, line 773]
Event: 34.516 Thread 0x00000131772b8000 Exception <a 'java/lang/NoSuchMethodError'{0x0000000085a117b8}: 'void java.lang.invoke.DirectMethodHandle$Holder.invokeVirtual(java.lang.Object, java.lang.Object)'> (0x0000000085a117b8) thrown at [./src/hotspot/share/interpreter/linkResolver.cpp, line 773]
Event: 34.610 Thread 0x0000013176cb6000 Exception <a 'java/lang/NoSuchMethodError'{0x000000008583a620}: <clinit>> (0x000000008583a620) thrown at [./src/hotspot/share/prims/jni.cpp, line 1362]
Event: 34.638 Thread 0x00000131772b8000 Exception <a 'sun/nio/fs/WindowsException'{0x00000000859cef20}> (0x00000000859cef20) thrown at [./src/hotspot/share/prims/jni.cpp, line 615]
Event: 34.639 Thread 0x00000131772b8000 Exception <a 'sun/nio/fs/WindowsException'{0x00000000859d0358}> (0x00000000859d0358) thrown at [./src/hotspot/share/prims/jni.cpp, line 615]
Event: 34.696 Thread 0x000001317ab75000 Exception <a 'sun/nio/fs/WindowsException'{0x0000000085612a78}> (0x0000000085612a78) thrown at [./src/hotspot/share/prims/jni.cpp, line 615]
Event: 35.326 Thread 0x000001317ab72800 Exception <a 'java/lang/NoSuchMethodError'{0x00000000853af770}: 'java.lang.Object java.lang.invoke.Invokers$Holder.linkToTargetMethod(java.lang.Object, java.lang.Object, java.lang.Object, java.lang.Object, java.lang.Object, java.lang.Object, java.lang.Object)'> (0x00000000853af770) thrown at [./src/hotspot/share/interpreter/linkResolver.cpp, line 773]
Event: 35.384 Thread 0x000001317ab72800 Exception <a 'java/lang/NoSuchMethodError'{0x00000000851ade18}: 'java.lang.Object java.lang.invoke.DirectMethodHandle$Holder.invokeSpecialIFC(java.lang.Object, java.lang.Object, java.lang.Object)'> (0x00000000851ade18) thrown at [./src/hotspot/share/interpreter/linkResolver.cpp, line 773]
Event: 35.384 Thread 0x00000131794f8000 Exception <a 'java/lang/NoSuchMethodError'{0x00000000851ba7c0}: 'java.lang.Object java.lang.invoke.DirectMethodHandle$Holder.invokeSpecialIFC(java.lang.Object, java.lang.Object, java.lang.Object)'> (0x00000000851ba7c0) thrown at [./src/hotspot/share/interpreter/linkResolver.cpp, line 773]
Event: 39.602 Thread 0x000001317ab72800 Exception <a 'java/lang/NoSuchMethodError'{0x0000000084a37998}: <clinit>> (0x0000000084a37998) thrown at [./src/hotspot/share/prims/jni.cpp, line 1362]

Events (20 events):
Event: 40.445 loading class com/google/common/collect/Multimaps$AsMap$EntrySet$1
Event: 40.445 loading class com/google/common/collect/Multimaps$AsMap$EntrySet$1 done
Event: 40.446 loading class com/google/common/collect/Maps$3
Event: 40.446 loading class com/google/common/collect/Maps$3 done
Event: 40.448 loading class com/google/common/collect/TransformedIterator
Event: 40.448 loading class com/google/common/collect/TransformedIterator done
Event: 40.449 loading class com/google/common/collect/LinkedListMultimap$DistinctKeyIterator
Event: 40.449 loading class com/google/common/collect/LinkedListMultimap$DistinctKeyIterator done
Event: 40.450 loading class com/google/common/collect/LinkedListMultimap$1
Event: 40.450 loading class com/google/common/collect/LinkedListMultimap$1 done
Event: 40.451 loading class com/google/common/collect/LinkedListMultimap$ValueForKeyIterator
Event: 40.451 loading class com/google/common/collect/LinkedListMultimap$ValueForKeyIterator done
Event: 40.663 Executing VM operation: BulkRevokeBias
Event: 40.665 Executing VM operation: BulkRevokeBias done
Event: 41.032 Executing VM operation: G1CollectForAllocation
Event: 41.053 Executing VM operation: G1CollectForAllocation done
Event: 41.135 Executing VM operation: CGC_Operation
Event: 41.153 Executing VM operation: CGC_Operation done
Event: 41.192 Executing VM operation: CGC_Operation
Event: 41.193 Executing VM operation: CGC_Operation done


Dynamic libraries:
0x00007ff6e2fe0000 - 0x00007ff6e2fea000 	C:\Program Files\Android\Android Studio\jre\bin\java.exe
0x00007ff801a10000 - 0x00007ff801c05000 	C:\WINDOWS\SYSTEM32\ntdll.dll
0x00007ff800240000 - 0x00007ff8002fd000 	C:\WINDOWS\System32\KERNEL32.DLL
0x00007fffff4f0000 - 0x00007fffff7b8000 	C:\WINDOWS\System32\KERNELBASE.dll
0x00007fffff7c0000 - 0x00007fffff8c0000 	C:\WINDOWS\System32\ucrtbase.dll
0x00007ffff1fc0000 - 0x00007ffff1fd9000 	C:\Program Files\Android\Android Studio\jre\bin\jli.dll
0x00007fffefad0000 - 0x00007fffefae7000 	C:\Program Files\Android\Android Studio\jre\bin\VCRUNTIME140.dll
0x00007ff801590000 - 0x00007ff801730000 	C:\WINDOWS\System32\USER32.dll
0x00007ff800060000 - 0x00007ff800082000 	C:\WINDOWS\System32\win32u.dll
0x00007ff800530000 - 0x00007ff80055a000 	C:\WINDOWS\System32\GDI32.dll
0x00007fffff8c0000 - 0x00007fffff9cb000 	C:\WINDOWS\System32\gdi32full.dll
0x00007fffff3a0000 - 0x00007fffff43d000 	C:\WINDOWS\System32\msvcp_win.dll
0x00007ffff0870000 - 0x00007ffff0b0a000 	C:\WINDOWS\WinSxS\amd64_microsoft.windows.common-controls_6595b64144ccf1df_6.0.19041.844_none_ca00b6081b84eb1d\COMCTL32.dll
0x00007ff800b20000 - 0x00007ff800bbe000 	C:\WINDOWS\System32\msvcrt.dll
0x00007ff800be0000 - 0x00007ff800c10000 	C:\WINDOWS\System32\IMM32.DLL
0x00007fffb2950000 - 0x00007fffb29ed000 	C:\Program Files\Android\Android Studio\jre\bin\msvcp140.dll
0x00007fff9a590000 - 0x00007fff9b04c000 	C:\Program Files\Android\Android Studio\jre\bin\server\jvm.dll
0x00007ff801920000 - 0x00007ff8019cc000 	C:\WINDOWS\System32\ADVAPI32.dll
0x00007ff800360000 - 0x00007ff8003fb000 	C:\WINDOWS\System32\sechost.dll
0x00007ff8000f0000 - 0x00007ff80021b000 	C:\WINDOWS\System32\RPCRT4.dll
0x00007ff800bc0000 - 0x00007ff800bc8000 	C:\WINDOWS\System32\PSAPI.DLL
0x00007fffd66c0000 - 0x00007fffd66c9000 	C:\WINDOWS\SYSTEM32\WSOCK32.dll
0x00007ff800cf0000 - 0x00007ff800d5b000 	C:\WINDOWS\System32\WS2_32.dll
0x00007ffff6d20000 - 0x00007ffff6d2a000 	C:\WINDOWS\SYSTEM32\VERSION.dll
0x00007ffff6d30000 - 0x00007ffff6d57000 	C:\WINDOWS\SYSTEM32\WINMM.dll
0x00007ffffcf80000 - 0x00007ffffcf92000 	C:\WINDOWS\SYSTEM32\kernel.appcore.dll
0x00007fffbfd80000 - 0x00007fffbfd91000 	C:\Program Files\Android\Android Studio\jre\bin\verify.dll
0x00007fffec820000 - 0x00007fffeca04000 	C:\WINDOWS\SYSTEM32\DBGHELP.DLL
0x00007fffebb30000 - 0x00007fffebb5c000 	C:\WINDOWS\SYSTEM32\dbgcore.DLL
0x00007fffff320000 - 0x00007fffff3a0000 	C:\WINDOWS\System32\bcryptPrimitives.dll
0x00007fffbe970000 - 0x00007fffbe999000 	C:\Program Files\Android\Android Studio\jre\bin\java.dll
0x00007ffff2e30000 - 0x00007ffff2e3b000 	C:\Program Files\Android\Android Studio\jre\bin\jimage.dll
0x00007fffbf3b0000 - 0x00007fffbf3c8000 	C:\Program Files\Android\Android Studio\jre\bin\zip.dll
0x00007ff800dc0000 - 0x00007ff801502000 	C:\WINDOWS\System32\SHELL32.dll
0x00007ffffd290000 - 0x00007ffffda20000 	C:\WINDOWS\SYSTEM32\windows.storage.dll
0x00007ff800560000 - 0x00007ff8008b5000 	C:\WINDOWS\System32\combase.dll
0x00007ffffeae0000 - 0x00007ffffeb0c000 	C:\WINDOWS\SYSTEM32\Wldp.dll
0x00007ff801870000 - 0x00007ff80191e000 	C:\WINDOWS\System32\SHCORE.dll
0x00007ff800090000 - 0x00007ff8000e5000 	C:\WINDOWS\System32\shlwapi.dll
0x00007fffff080000 - 0x00007fffff09f000 	C:\WINDOWS\SYSTEM32\profapi.dll
0x00007fffbce60000 - 0x00007fffbce7a000 	C:\Program Files\Android\Android Studio\jre\bin\net.dll
0x00007ffff0fc0000 - 0x00007ffff10cb000 	C:\WINDOWS\SYSTEM32\WINHTTP.dll
0x00007ffffe850000 - 0x00007ffffe8ba000 	C:\WINDOWS\system32\mswsock.dll
0x00007fffb8070000 - 0x00007fffb8084000 	C:\Program Files\Android\Android Studio\jre\bin\nio.dll
0x00007fffbe9b0000 - 0x00007fffbe9d7000 	C:\Users\Lenovo\.gradle\native\fdc75f09e3144964f2cf3f50f0aa648679c211496f362492102eb8c894070792\windows-amd64\native-platform.dll
0x00007fffafc50000 - 0x00007fffafde6000 	C:\Users\Lenovo\.gradle\native\12488b8bf47d2d4c9fbf2f6322a914ad602e24e48041cd04a747c6da556b65c4\windows-amd64\native-platform-file-events.dll
0x00007ffff2c90000 - 0x00007ffff2c9a000 	C:\Program Files\Android\Android Studio\jre\bin\management.dll
0x00007ffff2ad0000 - 0x00007ffff2adc000 	C:\Program Files\Android\Android Studio\jre\bin\management_ext.dll
0x00007ffffea20000 - 0x00007ffffea38000 	C:\WINDOWS\SYSTEM32\CRYPTSP.dll
0x00007ffffe1f0000 - 0x00007ffffe224000 	C:\WINDOWS\system32\rsaenh.dll
0x00007fffff2f0000 - 0x00007fffff317000 	C:\WINDOWS\System32\bcrypt.dll
0x00007fffff040000 - 0x00007fffff06e000 	C:\WINDOWS\SYSTEM32\USERENV.dll
0x00007ffffea40000 - 0x00007ffffea4c000 	C:\WINDOWS\SYSTEM32\CRYPTBASE.dll
0x00007ffffe540000 - 0x00007ffffe57b000 	C:\WINDOWS\SYSTEM32\IPHLPAPI.DLL
0x00007ff801860000 - 0x00007ff801868000 	C:\WINDOWS\System32\NSI.dll
0x00007ffff4d70000 - 0x00007ffff4d87000 	C:\WINDOWS\SYSTEM32\dhcpcsvc6.DLL
0x00007ffff4d50000 - 0x00007ffff4d6d000 	C:\WINDOWS\SYSTEM32\dhcpcsvc.DLL
0x00007ffffe580000 - 0x00007ffffe64c000 	C:\WINDOWS\SYSTEM32\DNSAPI.dll
0x00007ffff6fb0000 - 0x00007ffff6fbb000 	C:\WINDOWS\SYSTEM32\WINNSI.DLL

dbghelp: loaded successfully - version: 4.0.5 - missing functions: none
symbol engine: initialized successfully - sym options: 0x614 - pdb path: .;C:\Program Files\Android\Android Studio\jre\bin;C:\WINDOWS\SYSTEM32;C:\WINDOWS\WinSxS\amd64_microsoft.windows.common-controls_6595b64144ccf1df_6.0.19041.844_none_ca00b6081b84eb1d;C:\Program Files\Android\Android Studio\jre\bin\server;C:\Users\Lenovo\.gradle\native\fdc75f09e3144964f2cf3f50f0aa648679c211496f362492102eb8c894070792\windows-amd64;C:\Users\Lenovo\.gradle\native\12488b8bf47d2d4c9fbf2f6322a914ad602e24e48041cd04a747c6da556b65c4\windows-amd64

VM Arguments:
jvm_args: --add-opens=java.base/java.util=ALL-UNNAMED --add-opens=java.base/java.lang=ALL-UNNAMED --add-opens=java.base/java.lang.invoke=ALL-UNNAMED --add-opens=java.prefs/java.util.prefs=ALL-UNNAMED -Xmx2048m -Dfile.encoding=UTF-8 -Duser.country=CA -Duser.language=en -Duser.variant 
java_command: org.gradle.launcher.daemon.bootstrap.GradleDaemon 6.7.1
java_class_path (initial): C:\Users\Lenovo\.gradle\wrapper\dists\gradle-6.7.1-bin\bwlcbys1h7rz3272sye1xwiv6\gradle-6.7.1\lib\gradle-launcher-6.7.1.jar
Launcher Type: SUN_STANDARD

[Global flags]
     intx CICompilerCount                          = 2                                         {product} {ergonomic}
     uint ConcGCThreads                            = 1                                         {product} {ergonomic}
     uint G1ConcRefinementThreads                  = 2                                         {product} {ergonomic}
   size_t G1HeapRegionSize                         = 1048576                                   {product} {ergonomic}
    uintx GCDrainStackTargetSize                   = 64                                        {product} {ergonomic}
   size_t InitialHeapSize                          = 58720256                                  {product} {ergonomic}
   size_t MarkStackSize                            = 4194304                                   {product} {ergonomic}
   size_t MaxHeapSize                              = 2147483648                                {product} {command line}
   size_t MaxNewSize                               = 1287651328                                {product} {ergonomic}
   size_t MinHeapDeltaBytes                        = 1048576                                   {product} {ergonomic}
    uintx NonNMethodCodeHeapSize                   = 5825164                                {pd product} {ergonomic}
    uintx NonProfiledCodeHeapSize                  = 122916538                              {pd product} {ergonomic}
    uintx ProfiledCodeHeapSize                     = 122916538                              {pd product} {ergonomic}
    uintx ReservedCodeCacheSize                    = 251658240                              {pd product} {ergonomic}
     bool SegmentedCodeCache                       = true                                      {product} {ergonomic}
     bool UseCompressedClassPointers               = true                                 {lp64_product} {ergonomic}
     bool UseCompressedOops                        = true                                 {lp64_product} {ergonomic}
     bool UseG1GC                                  = true                                      {product} {ergonomic}
     bool UseLargePagesIndividualAllocation        = false                                  {pd product} {ergonomic}

Logging:
Log output configuration:
 #0: stdout all=warning uptime,level,tags
 #1: stderr all=off uptime,level,tags

Environment Variables:
PATH=C:\Python39\Scripts\;C:\Python39\;C:\Program Files\Common Files\Oracle\Java\javapath;C:\Program Files (x86)\Common Files\Oracle\Java\javapath;C:\oraclexe\app\oracle\product\11.2.0\server\bin;C:\python38\Scripts\;C:\python38\;C:\WINDOWS\system32;C:\WINDOWS;C:\WINDOWS\System32\Wbem;C:\WINDOWS\System32\WindowsPowerShell\v1.0\;C:\WINDOWS\System32\OpenSSH\;C:\Program Files\Microsoft SQL Server\Client SDK\ODBC\170\Tools\Binn\;C:\Program Files (x86)\Microsoft SQL Server\150\Tools\Binn\;C:\Program Files\Microsoft SQL Server\150\Tools\Binn\;C:\Program Files\Microsoft SQL Server\150\DTS\Binn\;C:\Program Files (x86)\Microsoft SQL Server\150\DTS\Binn\;C:\Program Files\dotnet\;C:\Program Files\Microsoft SQL Server\130\Tools\Binn\;C:\Program Files\nodejs\;C:\ProgramData\chocolatey\bin;C:\Program Files\Git\cmd;C:\Program Files\MySQL\MySQL Shell 8.0\bin\;C:\Users\Lenovo\AppData\Local\Microsoft\WindowsApps;;C:\Users\Lenovo\AppData\Local\Programs\Microsoft VS Code\bin;C:\Users\Lenovo\.dotnet\tools;C:\Users\Lenovo\AppData\Roaming\npm
USERNAME=Lenovo
OS=Windows_NT
PROCESSOR_IDENTIFIER=AMD64 Family 23 Model 24 Stepping 1, AuthenticAMD



---------------  S Y S T E M  ---------------

OS: Windows 10 , 64 bit Build 19041 (10.0.19041.928)
OS uptime: 8 days 1:35 hours

CPU:total 2 (initial active 2) (2 cores per cpu, 1 threads per core) family 23 model 24 stepping 1, cmov, cx8, fxsr, mmx, sse, sse2, sse3, ssse3, sse4.1, sse4.2, popcnt, avx, avx2, aes, clmul, mmxext, 3dnowpref, lzcnt, sse4a, tsc, tscinvbit, tscinv, bmi1, bmi2, adx, sha, fma

Memory: 4k page, system-wide physical 3460M (317M free)
TotalPageFile size 14212M (AvailPageFile size 3M)
current process WorkingSet (physical memory assigned to process): 240M, peak: 245M
current process commit charge ("private bytes"): 348M, peak: 349M

vm_info: OpenJDK 64-Bit Server VM (11.0.8+10-b944.6842174) for windows-amd64 JRE (11.0.8+10-b944.6842174), built on Sep 19 2020 01:11:42 by "builder" with MS VC++ 14.0 (VS2015)

END.
