#
# There is insufficient memory for the Java Runtime Environment to continue.
# Native memory allocation (mmap) failed to map 25165824 bytes for Failed to commit area from 0x0000000087800000 to 0x0000000089000000 of length 25165824.
# Possible reasons:
#   The system is out of physical RAM or swap space
#   The process is running with CompressedOops enabled, and the Java Heap may be blocking the growth of the native heap
# Possible solutions:
#   Reduce memory load on the system
#   Increase physical memory or swap space
#   Check if swap backing store is full
#   Decrease Java heap size (-Xmx/-Xms)
#   Decrease number of Java threads
#   Decrease Java thread stack sizes (-Xss)
#   Set larger code cache with -XX:ReservedCodeCacheSize=
#   JVM is running with Unscaled Compressed Oops mode in which the Java heap is
#     placed in the first 4GB address space. The Java Heap base address is the
#     maximum limit for the native heap growth. Please use -XX:HeapBaseMinAddress
#     to set the Java Heap base and to place the Java Heap above 4GB virtual address.
# This output file may be truncated or incomplete.
#
#  Out of Memory Error (./src/hotspot/os/windows/os_windows.cpp:3303), pid=72672, tid=66860
#
# JRE version: OpenJDK Runtime Environment (11.0.8+10) (build 11.0.8+10-b944.6842174)
# Java VM: OpenJDK 64-Bit Server VM (11.0.8+10-b944.6842174, mixed mode, tiered, compressed oops, g1 gc, windows-amd64)
# No core dump will be written. Minidumps are not enabled by default on client versions of Windows
#

---------------  S U M M A R Y ------------

Command Line: --add-opens=java.base/java.util=ALL-UNNAMED --add-opens=java.base/java.lang=ALL-UNNAMED --add-opens=java.base/java.lang.invoke=ALL-UNNAMED --add-opens=java.prefs/java.util.prefs=ALL-UNNAMED -Xmx2048m -Dfile.encoding=UTF-8 -Duser.country=CA -Duser.language=en -Duser.variant org.gradle.launcher.daemon.bootstrap.GradleDaemon 6.7.1

Host: AMD Athlon Silver 3050U with Radeon Graphics   , 2 cores, 3G,  Windows 10 , 64 bit Build 19041 (10.0.19041.928)
Time: Wed Jun 16 21:41:31 2021 Eastern Daylight Time elapsed time: 37 seconds (0d 0h 0m 37s)

---------------  T H R E A D  ---------------

Current thread (0x00000200a22ba000):  VMThread "VM Thread" [stack: 0x0000006af2500000,0x0000006af2600000] [id=66860]

Stack: [0x0000006af2500000,0x0000006af2600000]
[error occurred during error reporting (printing stack bounds), id 0xc0000005, EXCEPTION_ACCESS_VIOLATION (0xc0000005) at pc=0x000002008bef0dad]

Native frames: (J=compiled Java code, j=interpreted, Vv=VM code, C=native code)
V  [jvm.dll+0x5de50a]
V  [jvm.dll+0x7122f5]
V  [jvm.dll+0x71384d]
V  [jvm.dll+0x713e65]
V  [jvm.dll+0x713e1b]
V  [jvm.dll+0x5dd958]
V  [jvm.dll+0x5de0f8]
C  [ntdll.dll+0xa217f]
C  [ntdll.dll+0x51454]
C  [ntdll.dll+0xa0cae]
C  0x000002008bef0dad

VM_Operation (0x0000006af39f6d30): G1CollectForAllocation, mode: safepoint, requested by thread 0x00000200a340e000


---------------  P R O C E S S  ---------------

Threads class SMR info:
_java_thread_list=0x00000200a91b6ca0, length=130, elements={
0x000002008856f000, 0x00000200a22be000, 0x00000200a22c1800, 0x00000200a231a800,
0x00000200a231b000, 0x00000200a231c000, 0x00000200a2321800, 0x00000200a248d000,
0x00000200a2589800, 0x00000200a25db000, 0x00000200a409d000, 0x00000200a3811000,
0x00000200a251c000, 0x00000200a3d50800, 0x00000200a35b8000, 0x00000200a340d800,
0x00000200a340e000, 0x00000200a2e5f800, 0x00000200a28e6800, 0x00000200a335f800,
0x00000200a36f5000, 0x00000200a36f5800, 0x00000200a36f6800, 0x00000200a36f7800,
0x00000200a4622800, 0x00000200a4621000, 0x00000200a461f800, 0x00000200a4620000,
0x00000200a4621800, 0x00000200a4623800, 0x00000200a461d800, 0x00000200a4624000,
0x00000200a461e800, 0x00000200a4626000, 0x00000200a462a000, 0x00000200a4628800,
0x00000200a4626800, 0x00000200a4627800, 0x00000200a4625000, 0x00000200a462b800,
0x00000200a4629000, 0x00000200a462c800, 0x00000200a462a800, 0x00000200a528c800,
0x00000200a5292800, 0x00000200a5293000, 0x00000200a5290000, 0x00000200a528e800,
0x00000200a5291000, 0x00000200a5291800, 0x00000200a528d800, 0x00000200a5298000,
0x00000200a5295800, 0x00000200a5295000, 0x00000200a5299000, 0x00000200a5297800,
0x00000200a5296800, 0x00000200a5299800, 0x00000200a5294000, 0x00000200a529a800,
0x00000200a529b800, 0x00000200a6f07800, 0x00000200a6f03800, 0x00000200a6f08800,
0x00000200a6f06800, 0x00000200a6f0a000, 0x00000200a6f04000, 0x00000200a6f06000,
0x00000200a6f09000, 0x00000200a6f0a800, 0x00000200a6f05000, 0x00000200a6f0d000,
0x00000200a6f10800, 0x00000200a6f0f000, 0x00000200a6f0e000, 0x00000200a6f0f800,
0x00000200a6f11000, 0x00000200a6f0b800, 0x00000200a6f12000, 0x00000200a6f0c800,
0x00000200a6f13800, 0x00000200a6f16000, 0x00000200a6f15000, 0x00000200a6f16800,
0x00000200a6f19000, 0x00000200a6f17800, 0x00000200a6f14000, 0x00000200a6f1e000,
0x00000200a6f1d000, 0x00000200a6f1a000, 0x00000200a6f1a800, 0x00000200a6f18800,
0x00000200a6f20800, 0x00000200a6f1f000, 0x00000200a6f1c800, 0x00000200a6f1f800,
0x00000200a6f21000, 0x00000200a6f1b800, 0x00000200a6f22000, 0x00000200a6f24000,
0x00000200a6f26000, 0x00000200a6f25000, 0x00000200a6f26800, 0x00000200a6f27800,
0x00000200a6f23800, 0x00000200a6f2e000, 0x00000200a6f2b800, 0x00000200a6f28800,
0x00000200a6f2c800, 0x00000200a6f2a800, 0x00000200a6f2d000, 0x00000200a6f2f000,
0x00000200a6f29000, 0x00000200a6f2f800, 0x00000200a6f2a000, 0x00000200a6f31000,
0x00000200a6f32000, 0x00000200a6f30800, 0x00000200a6355800, 0x00000200a635c000,
0x00000200a6359800, 0x00000200a6356000, 0x00000200a6357000, 0x00000200a6357800,
0x00000200a635c800, 0x00000200a635d800, 0x00000200a635a000, 0x00000200a6358800,
0x00000200a635f000, 0x00000200a635b000
}

Java Threads: ( => current thread )
  0x000002008856f000 JavaThread "main" [_thread_blocked, id=61048, stack(0x0000006af1f00000,0x0000006af2000000)]
  0x00000200a22be000 JavaThread "Reference Handler" daemon [_thread_blocked, id=59404, stack(0x0000006af2600000,0x0000006af2700000)]
  0x00000200a22c1800 JavaThread "Finalizer" daemon [_thread_blocked, id=38328, stack(0x0000006af2700000,0x0000006af2800000)]
  0x00000200a231a800 JavaThread "Signal Dispatcher" daemon [_thread_blocked, id=64940, stack(0x0000006af2800000,0x0000006af2900000)]
  0x00000200a231b000 JavaThread "Attach Listener" daemon [_thread_blocked, id=72656, stack(0x0000006af2900000,0x0000006af2a00000)]
  0x00000200a231c000 JavaThread "C2 CompilerThread0" daemon [_thread_blocked, id=64240, stack(0x0000006af2a00000,0x0000006af2b00000)]
  0x00000200a2321800 JavaThread "C1 CompilerThread0" daemon [_thread_blocked, id=71820, stack(0x0000006af2b00000,0x0000006af2c00000)]
  0x00000200a248d000 JavaThread "Sweeper thread" daemon [_thread_blocked, id=58376, stack(0x0000006af2c00000,0x0000006af2d00000)]
  0x00000200a2589800 JavaThread "Common-Cleaner" daemon [_thread_blocked, id=70536, stack(0x0000006af2d00000,0x0000006af2e00000)]
  0x00000200a25db000 JavaThread "Service Thread" daemon [_thread_blocked, id=53040, stack(0x0000006af2e00000,0x0000006af2f00000)]
  0x00000200a409d000 JavaThread "Daemon health stats" [_thread_blocked, id=69420, stack(0x0000006af3100000,0x0000006af3200000)]
  0x00000200a3811000 JavaThread "Incoming local TCP Connector on port 62908" [_thread_in_native, id=63148, stack(0x0000006af3400000,0x0000006af3500000)]
  0x00000200a251c000 JavaThread "Daemon" [_thread_blocked, id=69880, stack(0x0000006af3500000,0x0000006af3600000)]
  0x00000200a3d50800 JavaThread "Handler for socket connection from /127.0.0.1:62908 to /127.0.0.1:62909" [_thread_in_native, id=70556, stack(0x0000006af3600000,0x0000006af3700000)]
  0x00000200a35b8000 JavaThread "Daemon periodic checks" [_thread_blocked, id=68960, stack(0x0000006af3700000,0x0000006af3800000)]
  0x00000200a340d800 JavaThread "Cancel handler" [_thread_blocked, id=60632, stack(0x0000006af3800000,0x0000006af3900000)]
  0x00000200a340e000 JavaThread "Daemon worker" [_thread_blocked, id=69072, stack(0x0000006af3900000,0x0000006af3a00000)]
  0x00000200a2e5f800 JavaThread "Asynchronous log dispatcher for DefaultDaemonConnection: socket connection from /127.0.0.1:62908 to /127.0.0.1:62909" [_thread_blocked, id=65752, stack(0x0000006af3a00000,0x0000006af3b00000)]
  0x00000200a28e6800 JavaThread "Stdin handler" [_thread_blocked, id=70780, stack(0x0000006af3b00000,0x0000006af3c00000)]
  0x00000200a335f800 JavaThread "Thread-8" [_thread_blocked, id=67828, stack(0x0000006af3c00000,0x0000006af3d00000)]
  0x00000200a36f5000 JavaThread "Cache worker for file hash cache (C:\Users\Lenovo\.gradle\caches\6.7.1\fileHashes)" [_thread_blocked, id=51668, stack(0x0000006af3d00000,0x0000006af3e00000)]
  0x00000200a36f5800 JavaThread "File lock request listener" [_thread_in_native, id=48940, stack(0x0000006af3e00000,0x0000006af3f00000)]
  0x00000200a36f6800 JavaThread "Cache worker for journal cache (C:\Users\Lenovo\.gradle\caches\journal-1)" [_thread_blocked, id=61248, stack(0x0000006af3f00000,0x0000006af4000000)]
  0x00000200a36f7800 JavaThread "Cache worker for file hash cache (C:\Users\Lenovo\AndroidStudioProjects\CurrencyConverter\.gradle\6.7.1\fileHashes)" [_thread_blocked, id=70880, stack(0x0000006af4000000,0x0000006af4100000)]
  0x00000200a4622800 JavaThread "jar transforms" [_thread_blocked, id=61936, stack(0x0000006af4100000,0x0000006af4200000)]
  0x00000200a4621000 JavaThread "jar transforms Thread 2" [_thread_blocked, id=71476, stack(0x0000006af4200000,0x0000006af4300000)]
  0x00000200a461f800 JavaThread "jar transforms Thread 3" [_thread_blocked, id=67896, stack(0x0000006af4300000,0x0000006af4400000)]
  0x00000200a4620000 JavaThread "jar transforms Thread 4" [_thread_blocked, id=70768, stack(0x0000006af4400000,0x0000006af4500000)]
  0x00000200a4621800 JavaThread "jar transforms Thread 5" [_thread_blocked, id=60472, stack(0x0000006af4500000,0x0000006af4600000)]
  0x00000200a4623800 JavaThread "jar transforms Thread 6" [_thread_blocked, id=68292, stack(0x0000006af4600000,0x0000006af4700000)]
  0x00000200a461d800 JavaThread "jar transforms Thread 7" [_thread_blocked, id=69068, stack(0x0000006af4700000,0x0000006af4800000)]
  0x00000200a4624000 JavaThread "jar transforms Thread 8" [_thread_blocked, id=72596, stack(0x0000006af4800000,0x0000006af4900000)]
  0x00000200a461e800 JavaThread "jar transforms Thread 9" [_thread_blocked, id=64696, stack(0x0000006af4900000,0x0000006af4a00000)]
  0x00000200a4626000 JavaThread "jar transforms Thread 10" [_thread_blocked, id=63804, stack(0x0000006af4a00000,0x0000006af4b00000)]
  0x00000200a462a000 JavaThread "jar transforms Thread 11" [_thread_blocked, id=65544, stack(0x0000006af4b00000,0x0000006af4c00000)]
  0x00000200a4628800 JavaThread "jar transforms Thread 12" [_thread_blocked, id=53628, stack(0x0000006af4c00000,0x0000006af4d00000)]
  0x00000200a4626800 JavaThread "jar transforms Thread 13" [_thread_blocked, id=71808, stack(0x0000006af4d00000,0x0000006af4e00000)]
  0x00000200a4627800 JavaThread "jar transforms Thread 14" [_thread_blocked, id=56004, stack(0x0000006af4e00000,0x0000006af4f00000)]
  0x00000200a4625000 JavaThread "jar transforms Thread 15" [_thread_blocked, id=55152, stack(0x0000006af4f00000,0x0000006af5000000)]
  0x00000200a462b800 JavaThread "jar transforms Thread 16" [_thread_blocked, id=52064, stack(0x0000006af5000000,0x0000006af5100000)]
  0x00000200a4629000 JavaThread "jar transforms Thread 17" [_thread_blocked, id=71096, stack(0x0000006af5100000,0x0000006af5200000)]
  0x00000200a462c800 JavaThread "jar transforms Thread 18" [_thread_blocked, id=59500, stack(0x0000006af5200000,0x0000006af5300000)]
  0x00000200a462a800 JavaThread "jar transforms Thread 19" [_thread_blocked, id=70036, stack(0x0000006af5300000,0x0000006af5400000)]
  0x00000200a528c800 JavaThread "jar transforms Thread 20" [_thread_blocked, id=65352, stack(0x0000006af5400000,0x0000006af5500000)]
  0x00000200a5292800 JavaThread "jar transforms Thread 21" [_thread_blocked, id=55800, stack(0x0000006af5500000,0x0000006af5600000)]
  0x00000200a5293000 JavaThread "Cache worker for checksums cache (C:\Users\Lenovo\AndroidStudioProjects\CurrencyConverter\.gradle\checksums)" [_thread_blocked, id=70988, stack(0x0000006af5600000,0x0000006af5700000)]
  0x00000200a5290000 JavaThread "Cache worker for cache directory md-supplier (C:\Users\Lenovo\.gradle\caches\6.7.1\md-supplier)" [_thread_blocked, id=70800, stack(0x0000006af5700000,0x0000006af5800000)]
  0x00000200a528e800 JavaThread "Cache worker for cache directory md-rule (C:\Users\Lenovo\.gradle\caches\6.7.1\md-rule)" [_thread_blocked, id=64268, stack(0x0000006af5800000,0x0000006af5900000)]
  0x00000200a5291000 JavaThread "Cache worker for execution history cache (C:\Users\Lenovo\.gradle\caches\6.7.1\executionHistory)" [_thread_blocked, id=64312, stack(0x0000006af5900000,0x0000006af5a00000)]
  0x00000200a5291800 JavaThread "Cache worker for file content cache (C:\Users\Lenovo\.gradle\caches\6.7.1\fileContent)" [_thread_blocked, id=54396, stack(0x0000006af5a00000,0x0000006af5b00000)]
  0x00000200a528d800 JavaThread "Cache worker for Build Output Cleanup Cache (C:\Users\Lenovo\AndroidStudioProjects\CurrencyConverter\.gradle\buildOutputCleanup)" [_thread_blocked, id=63712, stack(0x0000006af5b00000,0x0000006af5c00000)]
  0x00000200a5298000 JavaThread "Build operations" [_thread_blocked, id=59436, stack(0x0000006af5c00000,0x0000006af5d00000)]
  0x00000200a5295800 JavaThread "Build operations Thread 2" [_thread_blocked, id=62792, stack(0x0000006af5d00000,0x0000006af5e00000)]
  0x00000200a5295000 JavaThread "jar transforms Thread 22" [_thread_blocked, id=67548, stack(0x0000006af5e00000,0x0000006af5f00000)]
  0x00000200a5299000 JavaThread "jar transforms Thread 23" [_thread_blocked, id=71192, stack(0x0000006af5f00000,0x0000006af6000000)]
  0x00000200a5297800 JavaThread "jar transforms Thread 24" [_thread_blocked, id=66704, stack(0x0000006af6000000,0x0000006af6100000)]
  0x00000200a5296800 JavaThread "jar transforms Thread 25" [_thread_blocked, id=70920, stack(0x0000006af6100000,0x0000006af6200000)]
  0x00000200a5299800 JavaThread "jar transforms Thread 26" [_thread_blocked, id=59984, stack(0x0000006af6200000,0x0000006af6300000)]
  0x00000200a5294000 JavaThread "jar transforms Thread 27" [_thread_blocked, id=55020, stack(0x0000006af6300000,0x0000006af6400000)]
  0x00000200a529a800 JavaThread "jar transforms Thread 28" [_thread_blocked, id=65588, stack(0x0000006af6400000,0x0000006af6500000)]
  0x00000200a529b800 JavaThread "jar transforms Thread 29" [_thread_blocked, id=61212, stack(0x0000006af6500000,0x0000006af6600000)]
  0x00000200a6f07800 JavaThread "jar transforms Thread 30" [_thread_blocked, id=68232, stack(0x0000006af6600000,0x0000006af6700000)]
  0x00000200a6f03800 JavaThread "jar transforms Thread 31" [_thread_blocked, id=72120, stack(0x0000006af6700000,0x0000006af6800000)]
  0x00000200a6f08800 JavaThread "jar transforms Thread 32" [_thread_blocked, id=70432, stack(0x0000006af6800000,0x0000006af6900000)]
  0x00000200a6f06800 JavaThread "jar transforms Thread 33" [_thread_blocked, id=69600, stack(0x0000006af6900000,0x0000006af6a00000)]
  0x00000200a6f0a000 JavaThread "jar transforms Thread 34" [_thread_blocked, id=65396, stack(0x0000006af6a00000,0x0000006af6b00000)]
  0x00000200a6f04000 JavaThread "jar transforms Thread 35" [_thread_blocked, id=66928, stack(0x0000006af6b00000,0x0000006af6c00000)]
  0x00000200a6f06000 JavaThread "jar transforms Thread 36" [_thread_blocked, id=72020, stack(0x0000006af6c00000,0x0000006af6d00000)]
  0x00000200a6f09000 JavaThread "jar transforms Thread 37" [_thread_blocked, id=65772, stack(0x0000006af6d00000,0x0000006af6e00000)]
  0x00000200a6f0a800 JavaThread "jar transforms Thread 38" [_thread_blocked, id=68716, stack(0x0000006af6e00000,0x0000006af6f00000)]
  0x00000200a6f05000 JavaThread "jar transforms Thread 39" [_thread_blocked, id=72100, stack(0x0000006af6f00000,0x0000006af7000000)]
  0x00000200a6f0d000 JavaThread "jar transforms Thread 40" [_thread_blocked, id=55912, stack(0x0000006af7000000,0x0000006af7100000)]
  0x00000200a6f10800 JavaThread "jar transforms Thread 41" [_thread_blocked, id=62012, stack(0x0000006af7100000,0x0000006af7200000)]
  0x00000200a6f0f000 JavaThread "jar transforms Thread 42" [_thread_blocked, id=72036, stack(0x0000006af7200000,0x0000006af7300000)]
  0x00000200a6f0e000 JavaThread "jar transforms Thread 43" [_thread_blocked, id=69320, stack(0x0000006af7300000,0x0000006af7400000)]
  0x00000200a6f0f800 JavaThread "jar transforms Thread 44" [_thread_blocked, id=72200, stack(0x0000006af7400000,0x0000006af7500000)]
  0x00000200a6f11000 JavaThread "jar transforms Thread 45" [_thread_blocked, id=72616, stack(0x0000006af7500000,0x0000006af7600000)]
  0x00000200a6f0b800 JavaThread "jar transforms Thread 46" [_thread_blocked, id=72496, stack(0x0000006af7600000,0x0000006af7700000)]
  0x00000200a6f12000 JavaThread "jar transforms Thread 47" [_thread_blocked, id=71336, stack(0x0000006af7700000,0x0000006af7800000)]
  0x00000200a6f0c800 JavaThread "jar transforms Thread 48" [_thread_blocked, id=69292, stack(0x0000006af7800000,0x0000006af7900000)]
  0x00000200a6f13800 JavaThread "jar transforms Thread 49" [_thread_blocked, id=70984, stack(0x0000006af7900000,0x0000006af7a00000)]
  0x00000200a6f16000 JavaThread "jar transforms Thread 50" [_thread_blocked, id=67596, stack(0x0000006af7a00000,0x0000006af7b00000)]
  0x00000200a6f15000 JavaThread "jar transforms Thread 51" [_thread_blocked, id=69248, stack(0x0000006af7b00000,0x0000006af7c00000)]
  0x00000200a6f16800 JavaThread "jar transforms Thread 52" [_thread_blocked, id=63688, stack(0x0000006af7c00000,0x0000006af7d00000)]
  0x00000200a6f19000 JavaThread "jar transforms Thread 53" [_thread_blocked, id=67928, stack(0x0000006af7d00000,0x0000006af7e00000)]
  0x00000200a6f17800 JavaThread "jar transforms Thread 54" [_thread_blocked, id=56400, stack(0x0000006af7e00000,0x0000006af7f00000)]
  0x00000200a6f14000 JavaThread "jar transforms Thread 55" [_thread_blocked, id=71216, stack(0x0000006af7f00000,0x0000006af8000000)]
  0x00000200a6f1e000 JavaThread "jar transforms Thread 56" [_thread_blocked, id=71416, stack(0x0000006af8000000,0x0000006af8100000)]
  0x00000200a6f1d000 JavaThread "jar transforms Thread 57" [_thread_blocked, id=65384, stack(0x0000006af8100000,0x0000006af8200000)]
  0x00000200a6f1a000 JavaThread "jar transforms Thread 58" [_thread_blocked, id=64244, stack(0x0000006af8200000,0x0000006af8300000)]
  0x00000200a6f1a800 JavaThread "jar transforms Thread 59" [_thread_blocked, id=53560, stack(0x0000006af8300000,0x0000006af8400000)]
  0x00000200a6f18800 JavaThread "jar transforms Thread 60" [_thread_blocked, id=62712, stack(0x0000006af8400000,0x0000006af8500000)]
  0x00000200a6f20800 JavaThread "jar transforms Thread 61" [_thread_blocked, id=63960, stack(0x0000006af8500000,0x0000006af8600000)]
  0x00000200a6f1f000 JavaThread "jar transforms Thread 62" [_thread_blocked, id=68636, stack(0x0000006af8600000,0x0000006af8700000)]
  0x00000200a6f1c800 JavaThread "jar transforms Thread 63" [_thread_blocked, id=71468, stack(0x0000006af8700000,0x0000006af8800000)]
  0x00000200a6f1f800 JavaThread "jar transforms Thread 64" [_thread_blocked, id=72272, stack(0x0000006af8800000,0x0000006af8900000)]
  0x00000200a6f21000 JavaThread "jar transforms Thread 65" [_thread_blocked, id=58388, stack(0x0000006af8900000,0x0000006af8a00000)]
  0x00000200a6f1b800 JavaThread "jar transforms Thread 66" [_thread_blocked, id=59588, stack(0x0000006af8a00000,0x0000006af8b00000)]
  0x00000200a6f22000 JavaThread "jar transforms Thread 67" [_thread_blocked, id=69824, stack(0x0000006af8b00000,0x0000006af8c00000)]
  0x00000200a6f24000 JavaThread "jar transforms Thread 68" [_thread_blocked, id=72276, stack(0x0000006af8c00000,0x0000006af8d00000)]
  0x00000200a6f26000 JavaThread "jar transforms Thread 69" [_thread_blocked, id=69240, stack(0x0000006af8d00000,0x0000006af8e00000)]
  0x00000200a6f25000 JavaThread "jar transforms Thread 70" [_thread_blocked, id=65860, stack(0x0000006af8e00000,0x0000006af8f00000)]
  0x00000200a6f26800 JavaThread "jar transforms Thread 71" [_thread_blocked, id=71040, stack(0x0000006af8f00000,0x0000006af9000000)]
  0x00000200a6f27800 JavaThread "jar transforms Thread 72" [_thread_blocked, id=65616, stack(0x0000006af9000000,0x0000006af9100000)]
  0x00000200a6f23800 JavaThread "jar transforms Thread 73" [_thread_blocked, id=68956, stack(0x0000006af9100000,0x0000006af9200000)]
  0x00000200a6f2e000 JavaThread "jar transforms Thread 74" [_thread_blocked, id=70608, stack(0x0000006af9200000,0x0000006af9300000)]
  0x00000200a6f2b800 JavaThread "jar transforms Thread 75" [_thread_blocked, id=54892, stack(0x0000006af9300000,0x0000006af9400000)]
  0x00000200a6f28800 JavaThread "jar transforms Thread 76" [_thread_blocked, id=72176, stack(0x0000006af9400000,0x0000006af9500000)]
  0x00000200a6f2c800 JavaThread "jar transforms Thread 77" [_thread_blocked, id=66464, stack(0x0000006af9500000,0x0000006af9600000)]
  0x00000200a6f2a800 JavaThread "jar transforms Thread 78" [_thread_blocked, id=70640, stack(0x0000006af9600000,0x0000006af9700000)]
  0x00000200a6f2d000 JavaThread "jar transforms Thread 79" [_thread_blocked, id=61896, stack(0x0000006af9700000,0x0000006af9800000)]
  0x00000200a6f2f000 JavaThread "jar transforms Thread 80" [_thread_blocked, id=71564, stack(0x0000006af9800000,0x0000006af9900000)]
  0x00000200a6f29000 JavaThread "jar transforms Thread 81" [_thread_blocked, id=64860, stack(0x0000006af9900000,0x0000006af9a00000)]
  0x00000200a6f2f800 JavaThread "jar transforms Thread 82" [_thread_blocked, id=60344, stack(0x0000006af9a00000,0x0000006af9b00000)]
  0x00000200a6f2a000 JavaThread "jar transforms Thread 83" [_thread_blocked, id=70488, stack(0x0000006af9b00000,0x0000006af9c00000)]
  0x00000200a6f31000 JavaThread "jar transforms Thread 84" [_thread_blocked, id=63132, stack(0x0000006af9c00000,0x0000006af9d00000)]
  0x00000200a6f32000 JavaThread "jar transforms Thread 85" [_thread_blocked, id=71844, stack(0x0000006af9d00000,0x0000006af9e00000)]
  0x00000200a6f30800 JavaThread "jar transforms Thread 86" [_thread_blocked, id=63632, stack(0x0000006af9e00000,0x0000006af9f00000)]
  0x00000200a6355800 JavaThread "jar transforms Thread 87" [_thread_blocked, id=67164, stack(0x0000006af9f00000,0x0000006afa000000)]
  0x00000200a635c000 JavaThread "jar transforms Thread 88" [_thread_blocked, id=64840, stack(0x0000006afa000000,0x0000006afa100000)]
  0x00000200a6359800 JavaThread "jar transforms Thread 89" [_thread_blocked, id=72048, stack(0x0000006afa100000,0x0000006afa200000)]
  0x00000200a6356000 JavaThread "jar transforms Thread 90" [_thread_blocked, id=71352, stack(0x0000006afa200000,0x0000006afa300000)]
  0x00000200a6357000 JavaThread "jar transforms Thread 91" [_thread_blocked, id=71268, stack(0x0000006afa300000,0x0000006afa400000)]
  0x00000200a6357800 JavaThread "jar transforms Thread 92" [_thread_blocked, id=39408, stack(0x0000006afa400000,0x0000006afa500000)]
  0x00000200a635c800 JavaThread "jar transforms Thread 93" [_thread_blocked, id=68496, stack(0x0000006afa500000,0x0000006afa600000)]
  0x00000200a635d800 JavaThread "jar transforms Thread 94" [_thread_blocked, id=71460, stack(0x0000006afa600000,0x0000006afa700000)]
  0x00000200a635a000 JavaThread "jar transforms Thread 95" [_thread_blocked, id=68900, stack(0x0000006afa700000,0x0000006afa800000)]
  0x00000200a6358800 JavaThread "jar transforms Thread 96" [_thread_blocked, id=72092, stack(0x0000006afa800000,0x0000006afa900000)]
  0x00000200a635f000 JavaThread "jar transforms Thread 97" [_thread_blocked, id=65864, stack(0x0000006afa900000,0x0000006afaa00000)]
  0x00000200a635b000 JavaThread "Memory manager" [_thread_blocked, id=70792, stack(0x0000006afaa00000,0x0000006afab00000)]

Other Threads:
=>0x00000200a22ba000 VMThread "VM Thread" [stack: 0x0000006af2500000,0x0000006af2600000] [id=66860]
  0x00000200a25dc800 WatcherThread [stack: 0x0000006af2f00000,0x0000006af3000000] [id=57000]
  0x0000020088582000 GCTaskThread "GC Thread#0" [stack: 0x0000006af2000000,0x0000006af2100000] [id=65228]
  0x00000200a27d1000 GCTaskThread "GC Thread#1" [stack: 0x0000006af3000000,0x0000006af3100000] [id=68388]
  0x00000200885b3800 ConcurrentGCThread "G1 Main Marker" [stack: 0x0000006af2100000,0x0000006af2200000] [id=69864]
  0x00000200885b7000 ConcurrentGCThread "G1 Conc#0" [stack: 0x0000006af2200000,0x0000006af2300000] [id=71964]
  0x00000200885f5000 ConcurrentGCThread "G1 Refine#0" [stack: 0x0000006af2300000,0x0000006af2400000] [id=70572]
  0x00000200885f8000 ConcurrentGCThread "G1 Young RemSet Sampling" [stack: 0x0000006af2400000,0x0000006af2500000] [id=66312]

Threads with active compile tasks:

VM state:at safepoint (normal execution)

VM Mutex/Monitor currently owned by a thread:  ([mutex/lock_event])
[0x000002008856a830] Threads_lock - owner thread: 0x00000200a22ba000
[0x000002008856bb50] Heap_lock - owner thread: 0x00000200a340e000

Heap address: 0x0000000080000000, size: 2048 MB, Compressed Oops mode: 32-bit
Narrow klass base: 0x0000000000000000, Narrow klass shift: 3
Compressed class space size: 1073741824 Address: 0x0000000100000000

Heap:
 garbage-first heap   total 147456K, used 73020K [0x0000000080000000, 0x0000000100000000)
  region size 1024K, 3 young (3072K), 3 survivors (3072K)
 Metaspace       used 70878K, capacity 72635K, committed 72704K, reserved 1112064K
  class space    used 9117K, capacity 9698K, committed 9728K, reserved 1048576K
Heap Regions: E=young(eden), S=young(survivor), O=old, HS=humongous(starts), HC=humongous(continues), CS=collection set, F=free, A=archive, TAMS=top-at-mark-start (previous, next)
|   0|0x0000000080000000, 0x0000000080100000, 0x0000000080100000|100%| O|  |TAMS 0x0000000080100000, 0x0000000080100000| Untracked 
|   1|0x0000000080100000, 0x0000000080200000, 0x0000000080200000|100%| O|  |TAMS 0x0000000080200000, 0x0000000080200000| Untracked 
|   2|0x0000000080200000, 0x0000000080300000, 0x0000000080300000|100%| O|  |TAMS 0x0000000080300000, 0x0000000080300000| Untracked 
|   3|0x0000000080300000, 0x0000000080400000, 0x0000000080400000|100%| O|  |TAMS 0x0000000080400000, 0x0000000080400000| Untracked 
|   4|0x0000000080400000, 0x0000000080500000, 0x0000000080500000|100%|HS|  |TAMS 0x0000000080500000, 0x0000000080500000| Complete 
|   5|0x0000000080500000, 0x0000000080600000, 0x0000000080600000|100%|HC|  |TAMS 0x0000000080600000, 0x0000000080600000| Complete 
|   6|0x0000000080600000, 0x0000000080700000, 0x0000000080700000|100%|HC|  |TAMS 0x0000000080700000, 0x0000000080700000| Complete 
|   7|0x0000000080700000, 0x0000000080800000, 0x0000000080800000|100%| O|  |TAMS 0x0000000080800000, 0x0000000080800000| Untracked 
|   8|0x0000000080800000, 0x0000000080900000, 0x0000000080900000|100%| O|  |TAMS 0x0000000080900000, 0x0000000080900000| Untracked 
|   9|0x0000000080900000, 0x0000000080a00000, 0x0000000080a00000|100%| O|  |TAMS 0x0000000080a00000, 0x0000000080a00000| Untracked 
|  10|0x0000000080a00000, 0x0000000080b00000, 0x0000000080b00000|100%| O|  |TAMS 0x0000000080b00000, 0x0000000080b00000| Untracked 
|  11|0x0000000080b00000, 0x0000000080c00000, 0x0000000080c00000|100%| O|  |TAMS 0x0000000080c00000, 0x0000000080c00000| Untracked 
|  12|0x0000000080c00000, 0x0000000080d00000, 0x0000000080d00000|100%| O|  |TAMS 0x0000000080d00000, 0x0000000080d00000| Untracked 
|  13|0x0000000080d00000, 0x0000000080e00000, 0x0000000080e00000|100%| O|  |TAMS 0x0000000080e00000, 0x0000000080e00000| Untracked 
|  14|0x0000000080e00000, 0x0000000080f00000, 0x0000000080f00000|100%| O|  |TAMS 0x0000000080f00000, 0x0000000080f00000| Untracked 
|  15|0x0000000080f00000, 0x0000000081000000, 0x0000000081000000|100%| O|  |TAMS 0x0000000081000000, 0x0000000081000000| Untracked 
|  16|0x0000000081000000, 0x0000000081100000, 0x0000000081100000|100%|HS|  |TAMS 0x0000000081100000, 0x0000000081100000| Complete 
|  17|0x0000000081100000, 0x0000000081200000, 0x0000000081200000|100%|HC|  |TAMS 0x0000000081200000, 0x0000000081200000| Complete 
|  18|0x0000000081200000, 0x0000000081300000, 0x0000000081300000|100%|HS|  |TAMS 0x0000000081300000, 0x0000000081300000| Complete 
|  19|0x0000000081300000, 0x0000000081400000, 0x0000000081400000|100%|HC|  |TAMS 0x0000000081400000, 0x0000000081400000| Complete 
|  20|0x0000000081400000, 0x0000000081500000, 0x0000000081500000|100%|HC|  |TAMS 0x0000000081500000, 0x0000000081500000| Complete 
|  21|0x0000000081500000, 0x0000000081600000, 0x0000000081600000|100%|HS|  |TAMS 0x0000000081600000, 0x0000000081600000| Complete 
|  22|0x0000000081600000, 0x0000000081700000, 0x0000000081700000|100%|HC|  |TAMS 0x0000000081700000, 0x0000000081700000| Complete 
|  23|0x0000000081700000, 0x0000000081800000, 0x0000000081800000|100%|HC|  |TAMS 0x0000000081800000, 0x0000000081800000| Complete 
|  24|0x0000000081800000, 0x0000000081900000, 0x0000000081900000|100%|HC|  |TAMS 0x0000000081900000, 0x0000000081900000| Complete 
|  25|0x0000000081900000, 0x0000000081a00000, 0x0000000081a00000|100%| O|  |TAMS 0x0000000081a00000, 0x0000000081a00000| Untracked 
|  26|0x0000000081a00000, 0x0000000081b00000, 0x0000000081b00000|100%| O|  |TAMS 0x0000000081b00000, 0x0000000081b00000| Untracked 
|  27|0x0000000081b00000, 0x0000000081c00000, 0x0000000081c00000|100%| O|  |TAMS 0x0000000081c00000, 0x0000000081c00000| Untracked 
|  28|0x0000000081c00000, 0x0000000081d00000, 0x0000000081d00000|100%| O|  |TAMS 0x0000000081d00000, 0x0000000081d00000| Untracked 
|  29|0x0000000081d00000, 0x0000000081e00000, 0x0000000081e00000|100%| O|  |TAMS 0x0000000081e00000, 0x0000000081e00000| Untracked 
|  30|0x0000000081e00000, 0x0000000081f00000, 0x0000000081f00000|100%| O|  |TAMS 0x0000000081f00000, 0x0000000081f00000| Untracked 
|  31|0x0000000081f00000, 0x0000000082000000, 0x0000000082000000|100%| O|  |TAMS 0x0000000082000000, 0x0000000082000000| Untracked 
|  32|0x0000000082000000, 0x0000000082100000, 0x0000000082100000|100%| O|  |TAMS 0x0000000082100000, 0x0000000082100000| Untracked 
|  33|0x0000000082100000, 0x0000000082200000, 0x0000000082200000|100%| O|  |TAMS 0x0000000082200000, 0x0000000082200000| Untracked 
|  34|0x0000000082200000, 0x0000000082300000, 0x0000000082300000|100%| O|  |TAMS 0x0000000082300000, 0x0000000082300000| Untracked 
|  35|0x0000000082300000, 0x0000000082400000, 0x0000000082400000|100%| O|  |TAMS 0x0000000082400000, 0x0000000082400000| Untracked 
|  36|0x0000000082400000, 0x0000000082500000, 0x0000000082500000|100%|HS|  |TAMS 0x0000000082500000, 0x0000000082500000| Complete 
|  37|0x0000000082500000, 0x0000000082600000, 0x0000000082600000|100%|HC|  |TAMS 0x0000000082600000, 0x0000000082600000| Complete 
|  38|0x0000000082600000, 0x0000000082700000, 0x0000000082700000|100%|HC|  |TAMS 0x0000000082700000, 0x0000000082700000| Complete 
|  39|0x0000000082700000, 0x0000000082800000, 0x0000000082800000|100%|HC|  |TAMS 0x0000000082800000, 0x0000000082800000| Complete 
|  40|0x0000000082800000, 0x0000000082900000, 0x0000000082900000|100%|HS|  |TAMS 0x0000000082900000, 0x0000000082900000| Complete 
|  41|0x0000000082900000, 0x0000000082a00000, 0x0000000082a00000|100%|HC|  |TAMS 0x0000000082a00000, 0x0000000082a00000| Complete 
|  42|0x0000000082a00000, 0x0000000082b00000, 0x0000000082b00000|100%|HC|  |TAMS 0x0000000082b00000, 0x0000000082b00000| Complete 
|  43|0x0000000082b00000, 0x0000000082c00000, 0x0000000082c00000|100%| O|  |TAMS 0x0000000082c00000, 0x0000000082c00000| Untracked 
|  44|0x0000000082c00000, 0x0000000082d00000, 0x0000000082d00000|100%| O|  |TAMS 0x0000000082d00000, 0x0000000082d00000| Untracked 
|  45|0x0000000082d00000, 0x0000000082e00000, 0x0000000082e00000|100%| O|  |TAMS 0x0000000082e00000, 0x0000000082e00000| Untracked 
|  46|0x0000000082e00000, 0x0000000082f00000, 0x0000000082f00000|100%| O|  |TAMS 0x0000000082f00000, 0x0000000082f00000| Untracked 
|  47|0x0000000082f00000, 0x0000000083000000, 0x0000000083000000|100%| O|  |TAMS 0x0000000083000000, 0x0000000083000000| Untracked 
|  48|0x0000000083000000, 0x0000000083100000, 0x0000000083100000|100%| O|  |TAMS 0x0000000083100000, 0x0000000083100000| Untracked 
|  49|0x0000000083100000, 0x0000000083200000, 0x0000000083200000|100%| O|  |TAMS 0x0000000083200000, 0x0000000083200000| Untracked 
|  50|0x0000000083200000, 0x0000000083300000, 0x0000000083300000|100%|HS|  |TAMS 0x0000000083300000, 0x0000000083300000| Complete 
|  51|0x0000000083300000, 0x0000000083400000, 0x0000000083400000|100%|HS|  |TAMS 0x0000000083400000, 0x0000000083400000| Complete 
|  52|0x0000000083400000, 0x0000000083500000, 0x0000000083500000|100%|HC|  |TAMS 0x0000000083500000, 0x0000000083500000| Complete 
|  53|0x0000000083500000, 0x0000000083600000, 0x0000000083600000|100%| O|  |TAMS 0x0000000083600000, 0x0000000083600000| Untracked 
|  54|0x0000000083600000, 0x0000000083700000, 0x0000000083700000|100%| O|  |TAMS 0x0000000083700000, 0x0000000083700000| Untracked 
|  55|0x0000000083700000, 0x0000000083800000, 0x0000000083800000|100%| O|  |TAMS 0x0000000083800000, 0x0000000083800000| Untracked 
|  56|0x0000000083800000, 0x0000000083900000, 0x0000000083900000|100%| O|  |TAMS 0x0000000083900000, 0x0000000083900000| Untracked 
|  57|0x0000000083900000, 0x0000000083a00000, 0x0000000083a00000|100%| O|  |TAMS 0x0000000083a00000, 0x0000000083a00000| Untracked 
|  58|0x0000000083a00000, 0x0000000083b00000, 0x0000000083b00000|100%| O|  |TAMS 0x0000000083b00000, 0x0000000083b00000| Untracked 
|  59|0x0000000083b00000, 0x0000000083c00000, 0x0000000083c00000|100%| O|  |TAMS 0x0000000083c00000, 0x0000000083c00000| Untracked 
|  60|0x0000000083c00000, 0x0000000083d00000, 0x0000000083d00000|100%| O|  |TAMS 0x0000000083d00000, 0x0000000083d00000| Untracked 
|  61|0x0000000083d00000, 0x0000000083e00000, 0x0000000083e00000|100%| O|  |TAMS 0x0000000083e00000, 0x0000000083e00000| Untracked 
|  62|0x0000000083e00000, 0x0000000083f00000, 0x0000000083f00000|100%| O|  |TAMS 0x0000000083f00000, 0x0000000083f00000| Untracked 
|  63|0x0000000083f00000, 0x0000000084000000, 0x0000000084000000|100%| O|  |TAMS 0x0000000084000000, 0x0000000084000000| Untracked 
|  64|0x0000000084000000, 0x0000000084100000, 0x0000000084100000|100%| O|  |TAMS 0x00000000840ef600, 0x0000000084100000| Untracked 
|  65|0x0000000084100000, 0x0000000084200000, 0x0000000084200000|100%| O|  |TAMS 0x0000000084100000, 0x0000000084200000| Untracked 
|  66|0x0000000084200000, 0x0000000084300000, 0x0000000084300000|100%| O|  |TAMS 0x0000000084200000, 0x0000000084300000| Untracked 
|  67|0x0000000084300000, 0x0000000084400000, 0x0000000084400000|100%| O|  |TAMS 0x0000000084300000, 0x0000000084400000| Untracked 
|  68|0x0000000084400000, 0x00000000844b2600, 0x0000000084500000| 69%| O|  |TAMS 0x0000000084400000, 0x00000000844b2600| Untracked 
|  69|0x0000000084500000, 0x0000000084500000, 0x0000000084600000|  0%| F|  |TAMS 0x0000000084500000, 0x0000000084500000| Untracked 
|  70|0x0000000084600000, 0x0000000084600000, 0x0000000084700000|  0%| F|  |TAMS 0x0000000084600000, 0x0000000084600000| Untracked 
|  71|0x0000000084700000, 0x0000000084700000, 0x0000000084800000|  0%| F|  |TAMS 0x0000000084700000, 0x0000000084700000| Untracked 
|  72|0x0000000084800000, 0x0000000084800000, 0x0000000084900000|  0%| F|  |TAMS 0x0000000084800000, 0x0000000084800000| Untracked 
|  73|0x0000000084900000, 0x0000000084900000, 0x0000000084a00000|  0%| F|  |TAMS 0x0000000084900000, 0x0000000084900000| Untracked 
|  74|0x0000000084a00000, 0x0000000084a00000, 0x0000000084b00000|  0%| F|  |TAMS 0x0000000084a00000, 0x0000000084a00000| Untracked 
|  75|0x0000000084b00000, 0x0000000084b00000, 0x0000000084c00000|  0%| F|  |TAMS 0x0000000084b00000, 0x0000000084b00000| Untracked 
|  76|0x0000000084c00000, 0x0000000084c00000, 0x0000000084d00000|  0%| F|  |TAMS 0x0000000084c00000, 0x0000000084c00000| Untracked 
|  77|0x0000000084d00000, 0x0000000084d00000, 0x0000000084e00000|  0%| F|  |TAMS 0x0000000084d00000, 0x0000000084d00000| Untracked 
|  78|0x0000000084e00000, 0x0000000084e00000, 0x0000000084f00000|  0%| F|  |TAMS 0x0000000084e00000, 0x0000000084e00000| Untracked 
|  79|0x0000000084f00000, 0x0000000084f00000, 0x0000000085000000|  0%| F|  |TAMS 0x0000000084f00000, 0x0000000084f00000| Untracked 
|  80|0x0000000085000000, 0x0000000085000000, 0x0000000085100000|  0%| F|  |TAMS 0x0000000085000000, 0x0000000085000000| Untracked 
|  81|0x0000000085100000, 0x0000000085100000, 0x0000000085200000|  0%| F|  |TAMS 0x0000000085100000, 0x0000000085100000| Untracked 
|  82|0x0000000085200000, 0x0000000085200000, 0x0000000085300000|  0%| F|  |TAMS 0x0000000085200000, 0x0000000085200000| Untracked 
|  83|0x0000000085300000, 0x0000000085300000, 0x0000000085400000|  0%| F|  |TAMS 0x0000000085300000, 0x0000000085300000| Untracked 
|  84|0x0000000085400000, 0x0000000085400000, 0x0000000085500000|  0%| F|  |TAMS 0x0000000085400000, 0x0000000085400000| Untracked 
|  85|0x0000000085500000, 0x0000000085500000, 0x0000000085600000|  0%| F|  |TAMS 0x0000000085500000, 0x0000000085500000| Untracked 
|  86|0x0000000085600000, 0x0000000085600000, 0x0000000085700000|  0%| F|  |TAMS 0x0000000085600000, 0x0000000085600000| Untracked 
|  87|0x0000000085700000, 0x0000000085700000, 0x0000000085800000|  0%| F|  |TAMS 0x0000000085700000, 0x0000000085700000| Untracked 
|  88|0x0000000085800000, 0x0000000085800000, 0x0000000085900000|  0%| F|  |TAMS 0x0000000085800000, 0x0000000085800000| Untracked 
|  89|0x0000000085900000, 0x0000000085900000, 0x0000000085a00000|  0%| F|  |TAMS 0x0000000085900000, 0x0000000085900000| Untracked 
|  90|0x0000000085a00000, 0x0000000085a00000, 0x0000000085b00000|  0%| F|  |TAMS 0x0000000085a00000, 0x0000000085a00000| Untracked 
|  91|0x0000000085b00000, 0x0000000085b00000, 0x0000000085c00000|  0%| F|  |TAMS 0x0000000085b00000, 0x0000000085b00000| Untracked 
|  92|0x0000000085c00000, 0x0000000085c9cde0, 0x0000000085d00000| 61%| S|CS|TAMS 0x0000000085c00000, 0x0000000085c00000| Complete 
|  93|0x0000000085d00000, 0x0000000085e00000, 0x0000000085e00000|100%| S|CS|TAMS 0x0000000085d00000, 0x0000000085d00000| Complete 
|  94|0x0000000085e00000, 0x0000000085f00000, 0x0000000085f00000|100%| S|CS|TAMS 0x0000000085e00000, 0x0000000085e00000| Complete 
|  95|0x0000000085f00000, 0x0000000085f00000, 0x0000000086000000|  0%| F|  |TAMS 0x0000000085f00000, 0x0000000085f00000| Untracked 
|  96|0x0000000086000000, 0x0000000086000000, 0x0000000086100000|  0%| F|  |TAMS 0x0000000086000000, 0x0000000086000000| Untracked 
|  97|0x0000000086100000, 0x0000000086100000, 0x0000000086200000|  0%| F|  |TAMS 0x0000000086100000, 0x0000000086100000| Untracked 
|  98|0x0000000086200000, 0x0000000086200000, 0x0000000086300000|  0%| F|  |TAMS 0x0000000086200000, 0x0000000086200000| Untracked 
|  99|0x0000000086300000, 0x0000000086300000, 0x0000000086400000|  0%| F|  |TAMS 0x0000000086300000, 0x0000000086300000| Untracked 
| 100|0x0000000086400000, 0x0000000086400000, 0x0000000086500000|  0%| F|  |TAMS 0x0000000086400000, 0x0000000086400000| Untracked 
| 101|0x0000000086500000, 0x0000000086500000, 0x0000000086600000|  0%| F|  |TAMS 0x0000000086500000, 0x0000000086500000| Untracked 
| 102|0x0000000086600000, 0x0000000086600000, 0x0000000086700000|  0%| F|  |TAMS 0x0000000086600000, 0x0000000086600000| Untracked 
| 103|0x0000000086700000, 0x0000000086700000, 0x0000000086800000|  0%| F|  |TAMS 0x0000000086700000, 0x0000000086700000| Untracked 
| 104|0x0000000086800000, 0x0000000086800000, 0x0000000086900000|  0%| F|  |TAMS 0x0000000086800000, 0x0000000086800000| Untracked 
| 105|0x0000000086900000, 0x0000000086900000, 0x0000000086a00000|  0%| F|  |TAMS 0x0000000086900000, 0x0000000086900000| Untracked 
| 106|0x0000000086a00000, 0x0000000086a00000, 0x0000000086b00000|  0%| F|  |TAMS 0x0000000086a00000, 0x0000000086a00000| Untracked 
| 107|0x0000000086b00000, 0x0000000086b00000, 0x0000000086c00000|  0%| F|  |TAMS 0x0000000086b00000, 0x0000000086b00000| Untracked 
| 108|0x0000000086c00000, 0x0000000086c00000, 0x0000000086d00000|  0%| F|  |TAMS 0x0000000086c00000, 0x0000000086c00000| Untracked 
| 109|0x0000000086d00000, 0x0000000086d00000, 0x0000000086e00000|  0%| F|  |TAMS 0x0000000086d00000, 0x0000000086d00000| Untracked 
| 110|0x0000000086e00000, 0x0000000086e00000, 0x0000000086f00000|  0%| F|  |TAMS 0x0000000086e00000, 0x0000000086e00000| Untracked 
| 111|0x0000000086f00000, 0x0000000086f00000, 0x0000000087000000|  0%| F|  |TAMS 0x0000000086f00000, 0x0000000086f00000| Untracked 
| 112|0x0000000087000000, 0x0000000087000000, 0x0000000087100000|  0%| F|  |TAMS 0x0000000087000000, 0x0000000087000000| Untracked 
| 113|0x0000000087100000, 0x0000000087100000, 0x0000000087200000|  0%| F|  |TAMS 0x0000000087100000, 0x0000000087100000| Untracked 
| 114|0x0000000087200000, 0x0000000087200000, 0x0000000087300000|  0%| F|  |TAMS 0x0000000087200000, 0x0000000087200000| Untracked 
| 115|0x0000000087300000, 0x0000000087300000, 0x0000000087400000|  0%| F|  |TAMS 0x0000000087300000, 0x0000000087300000| Untracked 
| 116|0x0000000087400000, 0x0000000087400000, 0x0000000087500000|  0%| F|  |TAMS 0x0000000087400000, 0x0000000087400000| Untracked 
| 117|0x0000000087500000, 0x0000000087500000, 0x0000000087600000|  0%| F|  |TAMS 0x0000000087500000, 0x0000000087500000| Untracked 
| 118|0x0000000087600000, 0x0000000087600000, 0x0000000087700000|  0%| F|  |TAMS 0x0000000087600000, 0x0000000087600000| Untracked 
| 119|0x0000000087700000, 0x0000000087700000, 0x0000000087800000|  0%| F|  |TAMS 0x0000000087700000, 0x0000000087700000| Untracked 

Card table byte_map: [0x000002009aef0000,0x000002009b2f0000] _byte_map_base: 0x000002009aaf0000

Marking Bits (Prev, Next): (CMBitMap*) 0x00000200885aadb0, (CMBitMap*) 0x00000200885aad78
 Prev Bits: [0x000002009d6f0000, 0x000002009f6f0000)
 Next Bits: [0x000002009b6f0000, 0x000002009d6f0000)

Polling page: 0x0000020086550000

Metaspace:

Usage:
  Non-class:     61.46 MB capacity,    60.31 MB ( 98%) used,  1023.31 KB (  2%) free+waste,   152.06 KB ( <1%) overhead. 
      Class:      9.47 MB capacity,     8.90 MB ( 94%) used,   509.38 KB (  5%) free+waste,    71.31 KB ( <1%) overhead. 
       Both:     70.93 MB capacity,    69.22 MB ( 98%) used,     1.50 MB (  2%) free+waste,   223.38 KB ( <1%) overhead. 

Virtual space:
  Non-class space:       62.00 MB reserved,      61.50 MB (>99%) committed 
      Class space:        1.00 GB reserved,       9.50 MB ( <1%) committed 
             Both:        1.06 GB reserved,      71.00 MB (  7%) committed 

Chunk freelists:
   Non-Class:  39.00 KB
       Class:  30.00 KB
        Both:  69.00 KB

MaxMetaspaceSize: 17179869184.00 GB
CompressedClassSpaceSize: 1.00 GB

CodeHeap 'non-profiled nmethods': size=120064Kb used=4052Kb max_used=4052Kb free=116011Kb
 bounds [0x00000200939b0000, 0x0000020093db0000, 0x000002009aef0000]
CodeHeap 'profiled nmethods': size=120000Kb used=14556Kb max_used=14556Kb free=105443Kb
 bounds [0x000002008c480000, 0x000002008d2c0000, 0x00000200939b0000]
CodeHeap 'non-nmethods': size=5696Kb used=2259Kb max_used=2308Kb free=3436Kb
 bounds [0x000002008bef0000, 0x000002008c160000, 0x000002008c480000]
 total_blobs=7344 nmethods=6488 adapters=767
 compilation: enabled
              stopped_count=0, restarted_count=0
 full_count=0

Compilation events (20 events):
Event: 37.432 Thread 0x00000200a2321800 nmethod 6720 0x000002008d2b6110 code [0x000002008d2b62c0, 0x000002008d2b64d8]
Event: 37.435 Thread 0x00000200a231c000 nmethod 6716 0x0000020093da2e90 code [0x0000020093da30a0, 0x0000020093da3660]
Event: 37.435 Thread 0x00000200a231c000 6718       4       java.beans.Introspector::decapitalize (68 bytes)
Event: 37.435 Thread 0x00000200a2321800 6722  s    3       org.gradle.model.internal.core.ModelPath$Cache::get (41 bytes)
Event: 37.436 Thread 0x00000200a2321800 nmethod 6722 0x000002008d2b6590 code [0x000002008d2b67a0, 0x000002008d2b7008]
Event: 37.444 Thread 0x00000200a231c000 nmethod 6718 0x0000020093da3b90 code [0x0000020093da3d80, 0x0000020093da4598]
Event: 37.444 Thread 0x00000200a231c000 6721       4       org.objectweb.asm.Label::<init> (5 bytes)
Event: 37.444 Thread 0x00000200a231c000 nmethod 6721 0x0000020093da4c10 code [0x0000020093da4da0, 0x0000020093da4df8]
Event: 37.447 Thread 0x00000200a2321800 6723       1       org.gradle.api.internal.provider.Collectors$SingleElement::size (2 bytes)
Event: 37.447 Thread 0x00000200a2321800 nmethod 6723 0x0000020093da4e90 code [0x0000020093da5040, 0x0000020093da50f8]
Event: 37.449 Thread 0x00000200a2321800 6724       3       org.objectweb.asm.AnnotationWriter::create (34 bytes)
Event: 37.449 Thread 0x00000200a2321800 nmethod 6724 0x000002008d2b7290 code [0x000002008d2b74a0, 0x000002008d2b7938]
Event: 37.455 Thread 0x00000200a2321800 6725   !   3       jdk.internal.reflect.GeneratedConstructorAccessor12::newInstance (77 bytes)
Event: 37.456 Thread 0x00000200a2321800 nmethod 6725 0x000002008d2b7b10 code [0x000002008d2b7da0, 0x000002008d2b8a18]
Event: 37.456 Thread 0x00000200a2321800 6726       3       org.gradle.api.internal.collections.AbstractIterationOrderRetainingElementSource$RealizedElementCollectionIterator::next (46 bytes)
Event: 37.456 Thread 0x00000200a2321800 nmethod 6726 0x000002008d2b8f90 code [0x000002008d2b9180, 0x000002008d2b9548]
Event: 37.456 Thread 0x00000200a2321800 6727       3       org.gradle.api.internal.collections.AbstractIterationOrderRetainingElementSource$RealizedElementCollectionIterator::checkForComodification (23 bytes)
Event: 37.456 Thread 0x00000200a2321800 nmethod 6727 0x000002008d2b9710 code [0x000002008d2b98e0, 0x000002008d2b9ae8]
Event: 37.459 Thread 0x00000200a2321800 6728       3       org.gradle.api.internal.DefaultDomainObjectCollection$IteratorImpl::next (18 bytes)
Event: 37.459 Thread 0x00000200a2321800 nmethod 6728 0x000002008d2b9c10 code [0x000002008d2b9de0, 0x000002008d2ba008]

GC Heap History (20 events):
Event: 26.883 GC heap after
{Heap after GC invocations=56 (full 0):
 garbage-first heap   total 102400K, used 61074K [0x0000000080000000, 0x0000000100000000)
  region size 1024K, 3 young (3072K), 3 survivors (3072K)
 Metaspace       used 49119K, capacity 50487K, committed 50816K, reserved 1093632K
  class space    used 6223K, capacity 6666K, committed 6784K, reserved 1048576K
}
Event: 28.901 GC heap before
{Heap before GC invocations=56 (full 0):
 garbage-first heap   total 102400K, used 75410K [0x0000000080000000, 0x0000000100000000)
  region size 1024K, 17 young (17408K), 3 survivors (3072K)
 Metaspace       used 51095K, capacity 52553K, committed 52736K, reserved 1095680K
  class space    used 6445K, capacity 6885K, committed 6912K, reserved 1048576K
}
Event: 28.912 GC heap after
{Heap after GC invocations=57 (full 0):
 garbage-first heap   total 102400K, used 61806K [0x0000000080000000, 0x0000000100000000)
  region size 1024K, 1 young (1024K), 1 survivors (1024K)
 Metaspace       used 51095K, capacity 52553K, committed 52736K, reserved 1095680K
  class space    used 6445K, capacity 6885K, committed 6912K, reserved 1048576K
}
Event: 29.879 GC heap before
{Heap before GC invocations=58 (full 0):
 garbage-first heap   total 102400K, used 77166K [0x0000000080000000, 0x0000000100000000)
  region size 1024K, 16 young (16384K), 1 survivors (1024K)
 Metaspace       used 53711K, capacity 55236K, committed 55424K, reserved 1097728K
  class space    used 6737K, capacity 7185K, committed 7296K, reserved 1048576K
}
Event: 29.891 GC heap after
{Heap after GC invocations=59 (full 0):
 garbage-first heap   total 122880K, used 62080K [0x0000000080000000, 0x0000000100000000)
  region size 1024K, 2 young (2048K), 2 survivors (2048K)
 Metaspace       used 53711K, capacity 55236K, committed 55424K, reserved 1097728K
  class space    used 6737K, capacity 7185K, committed 7296K, reserved 1048576K
}
Event: 30.792 GC heap before
{Heap before GC invocations=59 (full 0):
 garbage-first heap   total 122880K, used 84608K [0x0000000080000000, 0x0000000100000000)
  region size 1024K, 24 young (24576K), 2 survivors (2048K)
 Metaspace       used 56778K, capacity 58352K, committed 58624K, reserved 1099776K
  class space    used 7151K, capacity 7625K, committed 7680K, reserved 1048576K
}
Event: 30.797 GC heap after
{Heap after GC invocations=60 (full 0):
 garbage-first heap   total 122880K, used 62946K [0x0000000080000000, 0x0000000100000000)
  region size 1024K, 3 young (3072K), 3 survivors (3072K)
 Metaspace       used 56778K, capacity 58352K, committed 58624K, reserved 1099776K
  class space    used 7151K, capacity 7625K, committed 7680K, reserved 1048576K
}
Event: 32.245 GC heap before
{Heap before GC invocations=61 (full 0):
 garbage-first heap   total 122880K, used 86498K [0x0000000080000000, 0x0000000100000000)
  region size 1024K, 26 young (26624K), 3 survivors (3072K)
 Metaspace       used 60889K, capacity 62534K, committed 62720K, reserved 1103872K
  class space    used 7656K, capacity 8186K, committed 8192K, reserved 1048576K
}
Event: 32.254 GC heap after
{Heap after GC invocations=62 (full 0):
 garbage-first heap   total 122880K, used 64552K [0x0000000080000000, 0x0000000100000000)
  region size 1024K, 4 young (4096K), 4 survivors (4096K)
 Metaspace       used 60889K, capacity 62534K, committed 62720K, reserved 1103872K
  class space    used 7656K, capacity 8186K, committed 8192K, reserved 1048576K
}
Event: 32.841 GC heap before
{Heap before GC invocations=62 (full 0):
 garbage-first heap   total 122880K, used 89128K [0x0000000080000000, 0x0000000100000000)
  region size 1024K, 29 young (29696K), 4 survivors (4096K)
 Metaspace       used 62743K, capacity 64390K, committed 64640K, reserved 1105920K
  class space    used 7905K, capacity 8457K, committed 8576K, reserved 1048576K
}
Event: 32.854 GC heap after
{Heap after GC invocations=63 (full 0):
 garbage-first heap   total 122880K, used 66506K [0x0000000080000000, 0x0000000100000000)
  region size 1024K, 4 young (4096K), 4 survivors (4096K)
 Metaspace       used 62743K, capacity 64390K, committed 64640K, reserved 1105920K
  class space    used 7905K, capacity 8457K, committed 8576K, reserved 1048576K
}
Event: 33.152 GC heap before
{Heap before GC invocations=64 (full 0):
 garbage-first heap   total 122880K, used 69578K [0x0000000080000000, 0x0000000100000000)
  region size 1024K, 8 young (8192K), 4 survivors (4096K)
 Metaspace       used 63195K, capacity 64948K, committed 65152K, reserved 1105920K
  class space    used 7934K, capacity 8492K, committed 8576K, reserved 1048576K
}
Event: 33.178 GC heap after
{Heap after GC invocations=65 (full 0):
 garbage-first heap   total 122880K, used 67198K [0x0000000080000000, 0x0000000100000000)
  region size 1024K, 1 young (1024K), 1 survivors (1024K)
 Metaspace       used 63195K, capacity 64948K, committed 65152K, reserved 1105920K
  class space    used 7934K, capacity 8492K, committed 8576K, reserved 1048576K
}
Event: 34.617 GC heap before
{Heap before GC invocations=66 (full 0):
 garbage-first heap   total 122880K, used 89726K [0x0000000080000000, 0x0000000100000000)
  region size 1024K, 23 young (23552K), 1 survivors (1024K)
 Metaspace       used 64468K, capacity 66196K, committed 66304K, reserved 1107968K
  class space    used 8100K, capacity 8667K, committed 8704K, reserved 1048576K
}
Event: 34.624 GC heap after
{Heap after GC invocations=67 (full 0):
 garbage-first heap   total 122880K, used 68461K [0x0000000080000000, 0x0000000100000000)
  region size 1024K, 2 young (2048K), 2 survivors (2048K)
 Metaspace       used 64468K, capacity 66196K, committed 66304K, reserved 1107968K
  class space    used 8100K, capacity 8667K, committed 8704K, reserved 1048576K
}
Event: 35.444 GC heap before
{Heap before GC invocations=67 (full 0):
 garbage-first heap   total 122880K, used 92013K [0x0000000080000000, 0x0000000100000000)
  region size 1024K, 25 young (25600K), 2 survivors (2048K)
 Metaspace       used 66111K, capacity 67912K, committed 68096K, reserved 1107968K
  class space    used 8316K, capacity 8896K, committed 8960K, reserved 1048576K
}
Event: 35.453 GC heap after
{Heap after GC invocations=68 (full 0):
 garbage-first heap   total 122880K, used 70589K [0x0000000080000000, 0x0000000100000000)
  region size 1024K, 4 young (4096K), 4 survivors (4096K)
 Metaspace       used 66111K, capacity 67912K, committed 68096K, reserved 1107968K
  class space    used 8316K, capacity 8896K, committed 8960K, reserved 1048576K
}
Event: 36.703 GC heap before
{Heap before GC invocations=69 (full 0):
 garbage-first heap   total 122880K, used 94141K [0x0000000080000000, 0x0000000100000000)
  region size 1024K, 27 young (27648K), 4 survivors (4096K)
 Metaspace       used 69191K, capacity 70986K, committed 71296K, reserved 1112064K
  class space    used 8874K, capacity 9492K, committed 9600K, reserved 1048576K
}
Event: 36.717 GC heap after
{Heap after GC invocations=70 (full 0):
 garbage-first heap   total 122880K, used 71765K [0x0000000080000000, 0x0000000100000000)
  region size 1024K, 4 young (4096K), 4 survivors (4096K)
 Metaspace       used 69191K, capacity 70986K, committed 71296K, reserved 1112064K
  class space    used 8874K, capacity 9492K, committed 9600K, reserved 1048576K
}
Event: 37.472 GC heap before
{Heap before GC invocations=70 (full 0):
 garbage-first heap   total 122880K, used 95317K [0x0000000080000000, 0x0000000100000000)
  region size 1024K, 27 young (27648K), 4 survivors (4096K)
 Metaspace       used 70878K, capacity 72635K, committed 72704K, reserved 1112064K
  class space    used 9117K, capacity 9698K, committed 9728K, reserved 1048576K
}

Deoptimization events (20 events):
Event: 34.613 Thread 0x00000200a340e000 DEOPT PACKING pc=0x0000020093c265d8 sp=0x0000006af39f3e60
Event: 34.613 Thread 0x00000200a340e000 DEOPT UNPACKING pc=0x000002008bf174af sp=0x0000006af39f3d90 mode 2
Event: 34.761 Thread 0x00000200a340e000 Uncommon trap: trap_request=0xfffffff4 fr.pc=0x0000020093d3df00 relative=0x0000000000000a60
Event: 34.761 Thread 0x00000200a340e000 Uncommon trap: reason=null_check action=make_not_entrant pc=0x0000020093d3df00 method=com.sun.beans.introspect.MethodInfo$MethodOrder.compare(Ljava/lang/reflect/Method;Ljava/lang/reflect/Method;)I @ 145 c2
Event: 34.761 Thread 0x00000200a340e000 DEOPT PACKING pc=0x0000020093d3df00 sp=0x0000006af39f2b20
Event: 34.761 Thread 0x00000200a340e000 DEOPT UNPACKING pc=0x000002008bf174af sp=0x0000006af39f2ac0 mode 2
Event: 37.318 Thread 0x00000200a340e000 Uncommon trap: trap_request=0xffffff4d fr.pc=0x0000020093ccf898 relative=0x0000000000001c38
Event: 37.318 Thread 0x00000200a340e000 Uncommon trap: reason=unstable_if action=reinterpret pc=0x0000020093ccf898 method=org.codehaus.groovy.reflection.CachedMethod.compareToMethod(Ljava/lang/reflect/Method;)I @ 71 c2
Event: 37.318 Thread 0x00000200a340e000 DEOPT PACKING pc=0x0000020093ccf898 sp=0x0000006af39f9610
Event: 37.318 Thread 0x00000200a340e000 DEOPT UNPACKING pc=0x000002008bf174af sp=0x0000006af39f9498 mode 2
Event: 37.340 Thread 0x00000200a340e000 DEOPT PACKING pc=0x000002008c4e3c71 sp=0x0000006af39f7480
Event: 37.340 Thread 0x00000200a340e000 DEOPT UNPACKING pc=0x000002008bf172ce sp=0x0000006af39f6978 mode 0
Event: 37.449 Thread 0x00000200a340e000 Uncommon trap: trap_request=0xffffff4d fr.pc=0x0000020093da2ca8 relative=0x0000000000000068
Event: 37.449 Thread 0x00000200a340e000 Uncommon trap: reason=unstable_if action=reinterpret pc=0x0000020093da2ca8 method=org.objectweb.asm.AnnotationWriter.computeAnnotationsSize(Lorg/objectweb/asm/AnnotationWriter;Lorg/objectweb/asm/AnnotationWriter;Lorg/objectweb/asm/AnnotationWriter;Lorg/ob
Event: 37.449 Thread 0x00000200a340e000 DEOPT PACKING pc=0x0000020093da2ca8 sp=0x0000006af39f80a0
Event: 37.449 Thread 0x00000200a340e000 DEOPT UNPACKING pc=0x000002008bf174af sp=0x0000006af39f8028 mode 2
Event: 37.449 Thread 0x00000200a340e000 Uncommon trap: trap_request=0xffffff4d fr.pc=0x0000020093d84360 relative=0x00000000000000a0
Event: 37.449 Thread 0x00000200a340e000 Uncommon trap: reason=unstable_if action=reinterpret pc=0x0000020093d84360 method=org.objectweb.asm.AnnotationWriter.putAnnotations(Lorg/objectweb/asm/SymbolTable;Lorg/objectweb/asm/AnnotationWriter;Lorg/objectweb/asm/AnnotationWriter;Lorg/objectweb/asm/A
Event: 37.449 Thread 0x00000200a340e000 DEOPT PACKING pc=0x0000020093d84360 sp=0x0000006af39f8080
Event: 37.449 Thread 0x00000200a340e000 DEOPT UNPACKING pc=0x000002008bf174af sp=0x0000006af39f8010 mode 2

Classes redefined (0 events):
No events

Internal exceptions (20 events):
Event: 34.869 Thread 0x00000200a340e000 Exception <a 'java/lang/ClassNotFoundException'{0x0000000086efca60}: com/android/build/gradle/internal/CompileOptions_DecoratedBeanInfo> (0x0000000086efca60) thrown at [./src/hotspot/share/classfile/systemDictionary.cpp, line 231]
Event: 34.870 Thread 0x00000200a340e000 Exception <a 'java/lang/ClassNotFoundException'{0x0000000086d11ca0}: com/android/build/gradle/internal/CompileOptionsBeanInfo> (0x0000000086d11ca0) thrown at [./src/hotspot/share/classfile/systemDictionary.cpp, line 231]
Event: 34.870 Thread 0x00000200a340e000 Exception <a 'java/lang/ClassNotFoundException'{0x0000000086d27038}: com/android/build/gradle/internal/CompileOptionsCustomizer> (0x0000000086d27038) thrown at [./src/hotspot/share/classfile/systemDictionary.cpp, line 231]
Event: 34.871 Thread 0x00000200a340e000 Exception <a 'java/lang/ClassNotFoundException'{0x0000000086d489f8}: com/android/build/gradle/internal/CompileOptions_DecoratedCustomizer> (0x0000000086d489f8) thrown at [./src/hotspot/share/classfile/systemDictionary.cpp, line 231]
Event: 36.775 Thread 0x00000200a340e000 Exception <a 'java/lang/ClassNotFoundException'{0x00000000874cc4a8}: com/android/build/gradle/internal/api/ApkVariantOutputImpl_DecoratedBeanInfo> (0x00000000874cc4a8) thrown at [./src/hotspot/share/classfile/systemDictionary.cpp, line 231]
Event: 36.775 Thread 0x00000200a340e000 Exception <a 'java/lang/ClassNotFoundException'{0x00000000874e19d0}: com/android/build/gradle/internal/api/ApkVariantOutputImplBeanInfo> (0x00000000874e19d0) thrown at [./src/hotspot/share/classfile/systemDictionary.cpp, line 231]
Event: 36.776 Thread 0x00000200a340e000 Exception <a 'java/lang/ClassNotFoundException'{0x00000000874f7788}: com/android/build/gradle/internal/api/BaseVariantOutputImplBeanInfo> (0x00000000874f7788) thrown at [./src/hotspot/share/classfile/systemDictionary.cpp, line 231]
Event: 36.776 Thread 0x00000200a340e000 Exception <a 'java/lang/ClassNotFoundException'{0x000000008730d7d8}: com/android/build/gradle/internal/api/BaseVariantOutputImplCustomizer> (0x000000008730d7d8) thrown at [./src/hotspot/share/classfile/systemDictionary.cpp, line 231]
Event: 36.777 Thread 0x00000200a340e000 Exception <a 'java/lang/ClassNotFoundException'{0x0000000087335a38}: com/android/build/gradle/internal/api/ApkVariantOutputImplCustomizer> (0x0000000087335a38) thrown at [./src/hotspot/share/classfile/systemDictionary.cpp, line 231]
Event: 36.778 Thread 0x00000200a340e000 Exception <a 'java/lang/ClassNotFoundException'{0x0000000087359bb0}: com/android/build/gradle/internal/api/ApkVariantOutputImpl_DecoratedCustomizer> (0x0000000087359bb0) thrown at [./src/hotspot/share/classfile/systemDictionary.cpp, line 231]
Event: 37.185 Thread 0x00000200a635b000 Exception <a 'java/lang/NoSuchMethodError'{0x0000000086d01a68}: 'int java.lang.invoke.DirectMethodHandle$Holder.invokeVirtual(java.lang.Object, java.lang.Object)'> (0x0000000086d01a68) thrown at [./src/hotspot/share/interpreter/linkResolver.cpp, line 773]
Event: 37.297 Thread 0x00000200a340e000 Exception <a 'java/lang/ClassNotFoundException'{0x0000000086b2ded8}: org/jetbrains/plugins/gradle/model/web/WebConfigurationBeanInfo> (0x0000000086b2ded8) thrown at [./src/hotspot/share/classfile/systemDictionary.cpp, line 231]
Event: 37.297 Thread 0x00000200a340e000 Exception <a 'java/lang/ClassNotFoundException'{0x0000000086b3c6f8}: org/jetbrains/plugins/gradle/model/web/WebConfigurationCustomizer> (0x0000000086b3c6f8) thrown at [./src/hotspot/share/classfile/systemDictionary.cpp, line 231]
Event: 37.298 Thread 0x00000200a340e000 Exception <a 'java/lang/SecurityException'{0x0000000086b4cf68}> (0x0000000086b4cf68) thrown at [./src/hotspot/share/prims/jvm.cpp, line 1301]
Event: 37.300 Thread 0x00000200a340e000 Exception <a 'java/lang/ClassNotFoundException'{0x0000000086b61aa8}: java/lang/ClassBeanInfo> (0x0000000086b61aa8) thrown at [./src/hotspot/share/classfile/systemDictionary.cpp, line 231]
Event: 37.300 Thread 0x00000200a340e000 Exception <a 'java/lang/ClassNotFoundException'{0x0000000086b68da8}: java/lang/ClassCustomizer> (0x0000000086b68da8) thrown at [./src/hotspot/share/classfile/systemDictionary.cpp, line 231]
Event: 37.310 Thread 0x00000200a340e000 Exception <a 'java/lang/ClassNotFoundException'{0x0000000086be2f20}: org/jetbrains/plugins/gradle/model/scala/ScalaModelBeanInfo> (0x0000000086be2f20) thrown at [./src/hotspot/share/classfile/systemDictionary.cpp, line 231]
Event: 37.310 Thread 0x00000200a340e000 Exception <a 'java/lang/ClassNotFoundException'{0x0000000086bf18f8}: org/jetbrains/plugins/gradle/model/scala/ScalaModelCustomizer> (0x0000000086bf18f8) thrown at [./src/hotspot/share/classfile/systemDictionary.cpp, line 231]
Event: 37.316 Thread 0x00000200a340e000 Exception <a 'java/lang/ClassNotFoundException'{0x0000000086adecc0}: java/lang/StringBeanInfo> (0x0000000086adecc0) thrown at [./src/hotspot/share/classfile/systemDictionary.cpp, line 231]
Event: 37.316 Thread 0x00000200a340e000 Exception <a 'java/lang/ClassNotFoundException'{0x0000000086ae62e0}: java/lang/StringCustomizer> (0x0000000086ae62e0) thrown at [./src/hotspot/share/classfile/systemDictionary.cpp, line 231]

Events (20 events):
Event: 37.461 loading class org/gradle/plugins/ide/internal/tooling/java/DefaultInstalledJdk done
Event: 37.461 loading class org/gradle/plugins/ide/idea/IdeaPlugin$9$2
Event: 37.461 loading class org/gradle/plugins/ide/idea/IdeaPlugin$9$2 done
Event: 37.466 loading class com/google/common/collect/Sets$FilteredSet
Event: 37.466 loading class com/google/common/collect/Sets$FilteredSet done
Event: 37.467 loading class com/google/common/collect/Collections2$FilteredCollection
Event: 37.467 loading class com/google/common/collect/Collections2$FilteredCollection done
Event: 37.468 loading class com/google/common/collect/Sets$FilteredSortedSet
Event: 37.468 loading class com/google/common/collect/Sets$FilteredSortedSet done
Event: 37.468 loading class org/gradle/plugins/ide/idea/IdeaPlugin$9$1
Event: 37.468 loading class org/gradle/plugins/ide/idea/IdeaPlugin$9$1 done
Event: 37.469 loading class org/gradle/plugins/ide/internal/tooling/idea/DefaultIdeaContentRoot
Event: 37.469 loading class org/gradle/plugins/ide/internal/tooling/idea/DefaultIdeaContentRoot done
Event: 37.470 loading class org/gradle/plugins/ide/internal/tooling/idea/DefaultIdeaModule
Event: 37.470 loading class org/gradle/plugins/ide/internal/tooling/idea/DefaultIdeaModule done
Event: 37.470 loading class org/gradle/plugins/ide/internal/tooling/idea/DefaultIdeaCompilerOutput
Event: 37.470 loading class org/gradle/plugins/ide/internal/tooling/idea/DefaultIdeaCompilerOutput done
Event: 37.471 loading class org/gradle/plugins/ide/idea/model/internal/IdeaDependenciesProvider
Event: 37.471 loading class org/gradle/plugins/ide/idea/model/internal/IdeaDependenciesProvider done
Event: 37.472 Executing VM operation: G1CollectForAllocation


Dynamic libraries:
0x00007ff627110000 - 0x00007ff62711a000 	C:\Program Files\Android\Android Studio\jre\bin\java.exe
0x00007ff801a10000 - 0x00007ff801c05000 	C:\WINDOWS\SYSTEM32\ntdll.dll
0x00007ff800240000 - 0x00007ff8002fd000 	C:\WINDOWS\System32\KERNEL32.DLL
0x00007fffff4f0000 - 0x00007fffff7b8000 	C:\WINDOWS\System32\KERNELBASE.dll
0x00007fffff7c0000 - 0x00007fffff8c0000 	C:\WINDOWS\System32\ucrtbase.dll
0x00007ffff1fc0000 - 0x00007ffff1fd9000 	C:\Program Files\Android\Android Studio\jre\bin\jli.dll
0x00007ff801590000 - 0x00007ff801730000 	C:\WINDOWS\System32\USER32.dll
0x00007ff800060000 - 0x00007ff800082000 	C:\WINDOWS\System32\win32u.dll
0x00007ff800530000 - 0x00007ff80055a000 	C:\WINDOWS\System32\GDI32.dll
0x00007fffff8c0000 - 0x00007fffff9cb000 	C:\WINDOWS\System32\gdi32full.dll
0x00007fffff3a0000 - 0x00007fffff43d000 	C:\WINDOWS\System32\msvcp_win.dll
0x00007ffff0870000 - 0x00007ffff0b0a000 	C:\WINDOWS\WinSxS\amd64_microsoft.windows.common-controls_6595b64144ccf1df_6.0.19041.844_none_ca00b6081b84eb1d\COMCTL32.dll
0x00007ff800b20000 - 0x00007ff800bbe000 	C:\WINDOWS\System32\msvcrt.dll
0x00007fffefad0000 - 0x00007fffefae7000 	C:\Program Files\Android\Android Studio\jre\bin\VCRUNTIME140.dll
0x00007ff800be0000 - 0x00007ff800c10000 	C:\WINDOWS\System32\IMM32.DLL
0x00007fffbf6c0000 - 0x00007fffbf75d000 	C:\Program Files\Android\Android Studio\jre\bin\msvcp140.dll
0x00007fff9a590000 - 0x00007fff9b04c000 	C:\Program Files\Android\Android Studio\jre\bin\server\jvm.dll
0x00007ff801920000 - 0x00007ff8019cc000 	C:\WINDOWS\System32\ADVAPI32.dll
0x00007ff800360000 - 0x00007ff8003fb000 	C:\WINDOWS\System32\sechost.dll
0x00007ff8000f0000 - 0x00007ff80021b000 	C:\WINDOWS\System32\RPCRT4.dll
0x00007ff800bc0000 - 0x00007ff800bc8000 	C:\WINDOWS\System32\PSAPI.DLL
0x00007fffd66c0000 - 0x00007fffd66c9000 	C:\WINDOWS\SYSTEM32\WSOCK32.dll
0x00007ff800cf0000 - 0x00007ff800d5b000 	C:\WINDOWS\System32\WS2_32.dll
0x00007ffff6d30000 - 0x00007ffff6d57000 	C:\WINDOWS\SYSTEM32\WINMM.dll
0x00007ffff6d20000 - 0x00007ffff6d2a000 	C:\WINDOWS\SYSTEM32\VERSION.dll
0x00007ffffcf80000 - 0x00007ffffcf92000 	C:\WINDOWS\SYSTEM32\kernel.appcore.dll
0x00007fffbfd80000 - 0x00007fffbfd91000 	C:\Program Files\Android\Android Studio\jre\bin\verify.dll
0x00007fffec820000 - 0x00007fffeca04000 	C:\WINDOWS\SYSTEM32\DBGHELP.DLL
0x00007fffebb30000 - 0x00007fffebb5c000 	C:\WINDOWS\SYSTEM32\dbgcore.DLL
0x00007fffff320000 - 0x00007fffff3a0000 	C:\WINDOWS\System32\bcryptPrimitives.dll
0x00007fffbe970000 - 0x00007fffbe999000 	C:\Program Files\Android\Android Studio\jre\bin\java.dll
0x00007ffff2e30000 - 0x00007ffff2e3b000 	C:\Program Files\Android\Android Studio\jre\bin\jimage.dll
0x00007fffbf3b0000 - 0x00007fffbf3c8000 	C:\Program Files\Android\Android Studio\jre\bin\zip.dll
0x00007ff800dc0000 - 0x00007ff801502000 	C:\WINDOWS\System32\SHELL32.dll
0x00007ffffd290000 - 0x00007ffffda20000 	C:\WINDOWS\SYSTEM32\windows.storage.dll
0x00007ff800560000 - 0x00007ff8008b5000 	C:\WINDOWS\System32\combase.dll
0x00007ffffeae0000 - 0x00007ffffeb0c000 	C:\WINDOWS\SYSTEM32\Wldp.dll
0x00007ff801870000 - 0x00007ff80191e000 	C:\WINDOWS\System32\SHCORE.dll
0x00007ff800090000 - 0x00007ff8000e5000 	C:\WINDOWS\System32\shlwapi.dll
0x00007fffff080000 - 0x00007fffff09f000 	C:\WINDOWS\SYSTEM32\profapi.dll
0x00007fffbce60000 - 0x00007fffbce7a000 	C:\Program Files\Android\Android Studio\jre\bin\net.dll
0x00007ffff0fc0000 - 0x00007ffff10cb000 	C:\WINDOWS\SYSTEM32\WINHTTP.dll
0x00007ffffe850000 - 0x00007ffffe8ba000 	C:\WINDOWS\system32\mswsock.dll
0x00007fffb8070000 - 0x00007fffb8084000 	C:\Program Files\Android\Android Studio\jre\bin\nio.dll
0x00007fffbe9b0000 - 0x00007fffbe9d7000 	C:\Users\Lenovo\.gradle\native\fdc75f09e3144964f2cf3f50f0aa648679c211496f362492102eb8c894070792\windows-amd64\native-platform.dll
0x00007fffafc50000 - 0x00007fffafde6000 	C:\Users\Lenovo\.gradle\native\12488b8bf47d2d4c9fbf2f6322a914ad602e24e48041cd04a747c6da556b65c4\windows-amd64\native-platform-file-events.dll
0x00007ffff2c90000 - 0x00007ffff2c9a000 	C:\Program Files\Android\Android Studio\jre\bin\management.dll
0x00007ffff2ad0000 - 0x00007ffff2adc000 	C:\Program Files\Android\Android Studio\jre\bin\management_ext.dll
0x00007ffffea20000 - 0x00007ffffea38000 	C:\WINDOWS\SYSTEM32\CRYPTSP.dll
0x00007ffffe1f0000 - 0x00007ffffe224000 	C:\WINDOWS\system32\rsaenh.dll
0x00007fffff2f0000 - 0x00007fffff317000 	C:\WINDOWS\System32\bcrypt.dll
0x00007fffff040000 - 0x00007fffff06e000 	C:\WINDOWS\SYSTEM32\USERENV.dll
0x00007ffffea40000 - 0x00007ffffea4c000 	C:\WINDOWS\SYSTEM32\CRYPTBASE.dll
0x00007ffffe540000 - 0x00007ffffe57b000 	C:\WINDOWS\SYSTEM32\IPHLPAPI.DLL
0x00007ff801860000 - 0x00007ff801868000 	C:\WINDOWS\System32\NSI.dll
0x00007ffff4d70000 - 0x00007ffff4d87000 	C:\WINDOWS\SYSTEM32\dhcpcsvc6.DLL
0x00007ffff4d50000 - 0x00007ffff4d6d000 	C:\WINDOWS\SYSTEM32\dhcpcsvc.DLL
0x00007ffffe580000 - 0x00007ffffe64c000 	C:\WINDOWS\SYSTEM32\DNSAPI.dll
0x00007ffff6fb0000 - 0x00007ffff6fbb000 	C:\WINDOWS\SYSTEM32\WINNSI.DLL

dbghelp: loaded successfully - version: 4.0.5 - missing functions: none
symbol engine: initialized successfully - sym options: 0x614 - pdb path: .;C:\Program Files\Android\Android Studio\jre\bin;C:\WINDOWS\SYSTEM32;C:\WINDOWS\WinSxS\amd64_microsoft.windows.common-controls_6595b64144ccf1df_6.0.19041.844_none_ca00b6081b84eb1d;C:\Program Files\Android\Android Studio\jre\bin\server;C:\Users\Lenovo\.gradle\native\fdc75f09e3144964f2cf3f50f0aa648679c211496f362492102eb8c894070792\windows-amd64;C:\Users\Lenovo\.gradle\native\12488b8bf47d2d4c9fbf2f6322a914ad602e24e48041cd04a747c6da556b65c4\windows-amd64

VM Arguments:
jvm_args: --add-opens=java.base/java.util=ALL-UNNAMED --add-opens=java.base/java.lang=ALL-UNNAMED --add-opens=java.base/java.lang.invoke=ALL-UNNAMED --add-opens=java.prefs/java.util.prefs=ALL-UNNAMED -Xmx2048m -Dfile.encoding=UTF-8 -Duser.country=CA -Duser.language=en -Duser.variant 
java_command: org.gradle.launcher.daemon.bootstrap.GradleDaemon 6.7.1
java_class_path (initial): C:\Users\Lenovo\.gradle\wrapper\dists\gradle-6.7.1-bin\bwlcbys1h7rz3272sye1xwiv6\gradle-6.7.1\lib\gradle-launcher-6.7.1.jar
Launcher Type: SUN_STANDARD

[Global flags]
     intx CICompilerCount                          = 2                                         {product} {ergonomic}
     uint ConcGCThreads                            = 1                                         {product} {ergonomic}
     uint G1ConcRefinementThreads                  = 2                                         {product} {ergonomic}
   size_t G1HeapRegionSize                         = 1048576                                   {product} {ergonomic}
    uintx GCDrainStackTargetSize                   = 64                                        {product} {ergonomic}
   size_t InitialHeapSize                          = 58720256                                  {product} {ergonomic}
   size_t MarkStackSize                            = 4194304                                   {product} {ergonomic}
   size_t MaxHeapSize                              = 2147483648                                {product} {command line}
   size_t MaxNewSize                               = 1287651328                                {product} {ergonomic}
   size_t MinHeapDeltaBytes                        = 1048576                                   {product} {ergonomic}
    uintx NonNMethodCodeHeapSize                   = 5825164                                {pd product} {ergonomic}
    uintx NonProfiledCodeHeapSize                  = 122916538                              {pd product} {ergonomic}
    uintx ProfiledCodeHeapSize                     = 122916538                              {pd product} {ergonomic}
    uintx ReservedCodeCacheSize                    = 251658240                              {pd product} {ergonomic}
     bool SegmentedCodeCache                       = true                                      {product} {ergonomic}
     bool UseCompressedClassPointers               = true                                 {lp64_product} {ergonomic}
     bool UseCompressedOops                        = true                                 {lp64_product} {ergonomic}
     bool UseG1GC                                  = true                                      {product} {ergonomic}
     bool UseLargePagesIndividualAllocation        = false                                  {pd product} {ergonomic}

Logging:
Log output configuration:
 #0: stdout all=warning uptime,level,tags
 #1: stderr all=off uptime,level,tags

Environment Variables:
PATH=C:\Python39\Scripts\;C:\Python39\;C:\Program Files\Common Files\Oracle\Java\javapath;C:\Program Files (x86)\Common Files\Oracle\Java\javapath;C:\oraclexe\app\oracle\product\11.2.0\server\bin;C:\python38\Scripts\;C:\python38\;C:\WINDOWS\system32;C:\WINDOWS;C:\WINDOWS\System32\Wbem;C:\WINDOWS\System32\WindowsPowerShell\v1.0\;C:\WINDOWS\System32\OpenSSH\;C:\Program Files\Microsoft SQL Server\Client SDK\ODBC\170\Tools\Binn\;C:\Program Files (x86)\Microsoft SQL Server\150\Tools\Binn\;C:\Program Files\Microsoft SQL Server\150\Tools\Binn\;C:\Program Files\Microsoft SQL Server\150\DTS\Binn\;C:\Program Files (x86)\Microsoft SQL Server\150\DTS\Binn\;C:\Program Files\dotnet\;C:\Program Files\Microsoft SQL Server\130\Tools\Binn\;C:\Program Files\nodejs\;C:\ProgramData\chocolatey\bin;C:\Program Files\Git\cmd;C:\Program Files\MySQL\MySQL Shell 8.0\bin\;C:\Users\Lenovo\AppData\Local\Microsoft\WindowsApps;;C:\Users\Lenovo\AppData\Local\Programs\Microsoft VS Code\bin;C:\Users\Lenovo\.dotnet\tools;C:\Users\Lenovo\AppData\Roaming\npm
USERNAME=Lenovo
OS=Windows_NT
PROCESSOR_IDENTIFIER=AMD64 Family 23 Model 24 Stepping 1, AuthenticAMD



---------------  S Y S T E M  ---------------

OS: Windows 10 , 64 bit Build 19041 (10.0.19041.928)
OS uptime: 8 days 1:43 hours

CPU:total 2 (initial active 2) (2 cores per cpu, 1 threads per core) family 23 model 24 stepping 1, cmov, cx8, fxsr, mmx, sse, sse2, sse3, ssse3, sse4.1, sse4.2, popcnt, avx, avx2, aes, clmul, mmxext, 3dnowpref, lzcnt, sse4a, tsc, tscinvbit, tscinv, bmi1, bmi2, adx, sha, fma

Memory: 4k page, system-wide physical 3460M (173M free)
TotalPageFile size 14212M (AvailPageFile size 24M)
current process WorkingSet (physical memory assigned to process): 235M, peak: 236M
current process commit charge ("private bytes"): 347M, peak: 371M

vm_info: OpenJDK 64-Bit Server VM (11.0.8+10-b944.6842174) for windows-amd64 JRE (11.0.8+10-b944.6842174), built on Sep 19 2020 01:11:42 by "builder" with MS VC++ 14.0 (VS2015)

END.
