#
# There is insufficient memory for the Java Runtime Environment to continue.
# Native memory allocation (malloc) failed to allocate 1275696 bytes for Chunk::new
# Possible reasons:
#   The system is out of physical RAM or swap space
#   The process is running with CompressedOops enabled, and the Java Heap may be blocking the growth of the native heap
# Possible solutions:
#   Reduce memory load on the system
#   Increase physical memory or swap space
#   Check if swap backing store is full
#   Decrease Java heap size (-Xmx/-Xms)
#   Decrease number of Java threads
#   Decrease Java thread stack sizes (-Xss)
#   Set larger code cache with -XX:ReservedCodeCacheSize=
#   JVM is running with Unscaled Compressed Oops mode in which the Java heap is
#     placed in the first 4GB address space. The Java Heap base address is the
#     maximum limit for the native heap growth. Please use -XX:HeapBaseMinAddress
#     to set the Java Heap base and to place the Java Heap above 4GB virtual address.
# This output file may be truncated or incomplete.
#
#  Out of Memory Error (./src/hotspot/share/memory/arena.cpp:197), pid=42344, tid=64696
#
# JRE version: OpenJDK Runtime Environment (11.0.8+10) (build 11.0.8+10-b944.6842174)
# Java VM: OpenJDK 64-Bit Server VM (11.0.8+10-b944.6842174, mixed mode, tiered, compressed oops, g1 gc, windows-amd64)
# No core dump will be written. Minidumps are not enabled by default on client versions of Windows
#

---------------  S U M M A R Y ------------

Command Line: --add-opens=java.base/java.util=ALL-UNNAMED --add-opens=java.base/java.lang=ALL-UNNAMED --add-opens=java.base/java.lang.invoke=ALL-UNNAMED --add-opens=java.prefs/java.util.prefs=ALL-UNNAMED -Xmx2048m -Dfile.encoding=UTF-8 -Duser.country=CA -Duser.language=en -Duser.variant org.gradle.launcher.daemon.bootstrap.GradleDaemon 6.7.1

Host: AMD Athlon Silver 3050U with Radeon Graphics   , 2 cores, 3G,  Windows 10 , 64 bit Build 19041 (10.0.19041.928)
Time: Wed Jun 16 21:34:54 2021 Eastern Daylight Time elapsed time: 55 seconds (0d 0h 0m 55s)

---------------  T H R E A D  ---------------

Current thread (0x000002647feac000):  JavaThread "C2 CompilerThread0" daemon [_thread_in_native, id=64696, stack(0x000000c9ae900000,0x000000c9aea00000)]


Current CompileTask:
C2:  55430 9476       4       com.android.ide.common.blame.MergingLogPersistUtil$$Lambda$675/0x0000000100a9fc40::accept (12 bytes)

Stack: [0x000000c9ae900000,0x000000c9aea00000]
Native frames: (J=compiled Java code, j=interpreted, Vv=VM code, C=native code)
V  [jvm.dll+0x5de50a]
V  [jvm.dll+0x7122f5]
V  [jvm.dll+0x71384d]
V  [jvm.dll+0x713f03]
V  [jvm.dll+0x23e728]
V  [jvm.dll+0xb899c]
V  [jvm.dll+0xb8e9c]
V  [jvm.dll+0x35024d]
V  [jvm.dll+0x31dea3]
V  [jvm.dll+0x31d39a]
V  [jvm.dll+0x1f7702]
V  [jvm.dll+0x1f68d4]
V  [jvm.dll+0x17f32c]
V  [jvm.dll+0x205047]
V  [jvm.dll+0x203891]
V  [jvm.dll+0x6dad3f]
V  [jvm.dll+0x6d3895]
V  [jvm.dll+0x5dd4a6]
C  [ucrtbase.dll+0x21bb2]
C  [KERNEL32.DLL+0x17034]
C  [ntdll.dll+0x52651]


---------------  P R O C E S S  ---------------

Threads class SMR info:
_java_thread_list=0x0000026409a90e20, length=137, elements={
0x000002646c0f9800, 0x000002647fe4b800, 0x000002647fe4d000, 0x000002647fea9800,
0x000002647feab000, 0x000002647feac000, 0x0000026406808800, 0x000002647feec000,
0x000002640691d000, 0x0000026406950000, 0x0000026407fa4800, 0x00000264081b1800,
0x000002640835e800, 0x000002640815e800, 0x0000026406dc7800, 0x0000026406dc8800,
0x00000264072a6000, 0x0000026408255000, 0x0000026406d3e000, 0x0000026406bed000,
0x0000026408159800, 0x000002640815b000, 0x000002640815a800, 0x000002640815c000,
0x0000026409831800, 0x0000026409836000, 0x0000026409833800, 0x0000026409833000,
0x0000026409838000, 0x0000026409837000, 0x0000026409839800, 0x0000026409838800,
0x000002640983a800, 0x0000026409834800, 0x000002640983b000, 0x0000026409835800,
0x000002640983c000, 0x000002640983e800, 0x000002640983c800, 0x000002640983f000,
0x000002640983d800, 0x0000026409840000, 0x0000026409d30000, 0x0000026409d2f000,
0x0000026409d2b000, 0x0000026409d2a000, 0x0000026409d2d800, 0x0000026409d30800,
0x0000026409d2e000, 0x0000026409d31800, 0x0000026409d2c800, 0x0000026409d2c000,
0x0000026409d33000, 0x0000026409d34000, 0x0000026409d36800, 0x0000026409d37000,
0x0000026409d34800, 0x0000026409d35800, 0x0000026409d38000, 0x0000026409d32800,
0x0000026409d39000, 0x0000026408576000, 0x0000026408577000, 0x0000026408572800,
0x0000026408577800, 0x0000026408572000, 0x0000026408578800, 0x0000026408575000,
0x0000026408573800, 0x0000026408579000, 0x000002640857a000, 0x0000026408574800,
0x000002640857b000, 0x000002640857b800, 0x000002640857c800, 0x000002640857d800,
0x000002640857e000, 0x000002640857f000, 0x0000026408580000, 0x0000026408580800,
0x000002640ac11800, 0x000002640ac13000, 0x000002640ac10800, 0x000002640ac12000,
0x000002640ac0d800, 0x000002640ac14000, 0x000002640ac0e000, 0x000002640ac14800,
0x000002640ac0f000, 0x000002640ac0f800, 0x000002640ac1a800, 0x000002640ac15800,
0x000002640ac18000, 0x000002640ac1c000, 0x000002640ac18800, 0x000002640ac19800,
0x000002640ac1b000, 0x000002640ac17000, 0x000002640ac16800, 0x0000026409b92000,
0x0000026409b96800, 0x0000026409b94800, 0x0000026409b95800, 0x0000026409b94000,
0x0000026409b93000, 0x0000026409b90800, 0x0000026409b97000, 0x0000026409b91800,
0x0000026409b9b000, 0x0000026409b9d000, 0x0000026409b98000, 0x0000026409b9d800,
0x0000026409b9c000, 0x0000026409b9e800, 0x0000026409b9a800, 0x0000026409b99000,
0x0000026409b9f800, 0x0000026409b99800, 0x0000026409bcc000, 0x0000026409bca800,
0x0000026409bcb000, 0x0000026409bcd800, 0x0000026409bcc800, 0x0000026409bc8800,
0x0000026409bce800, 0x0000026409bcf000, 0x0000026409bc9800, 0x0000026409bd3800,
0x0000026409bd5800, 0x0000026409bd2800, 0x0000026409bd4000, 0x0000026409bd1000,
0x0000026409bd5000, 0x0000026409bd1800, 0x0000026409bd6800, 0x0000026409bd7800,
0x000002640cf4f800
}

Java Threads: ( => current thread )
  0x000002646c0f9800 JavaThread "main" [_thread_blocked, id=61840, stack(0x000000c9ade00000,0x000000c9adf00000)]
  0x000002647fe4b800 JavaThread "Reference Handler" daemon [_thread_blocked, id=69596, stack(0x000000c9ae500000,0x000000c9ae600000)]
  0x000002647fe4d000 JavaThread "Finalizer" daemon [_thread_blocked, id=65704, stack(0x000000c9ae600000,0x000000c9ae700000)]
  0x000002647fea9800 JavaThread "Signal Dispatcher" daemon [_thread_blocked, id=72232, stack(0x000000c9ae700000,0x000000c9ae800000)]
  0x000002647feab000 JavaThread "Attach Listener" daemon [_thread_blocked, id=60624, stack(0x000000c9ae800000,0x000000c9ae900000)]
=>0x000002647feac000 JavaThread "C2 CompilerThread0" daemon [_thread_in_native, id=64696, stack(0x000000c9ae900000,0x000000c9aea00000)]
  0x0000026406808800 JavaThread "C1 CompilerThread0" daemon [_thread_blocked, id=68012, stack(0x000000c9aea00000,0x000000c9aeb00000)]
  0x000002647feec000 JavaThread "Sweeper thread" daemon [_thread_blocked, id=69488, stack(0x000000c9aeb00000,0x000000c9aec00000)]
  0x000002640691d000 JavaThread "Common-Cleaner" daemon [_thread_blocked, id=72328, stack(0x000000c9aec00000,0x000000c9aed00000)]
  0x0000026406950000 JavaThread "Service Thread" daemon [_thread_blocked, id=64284, stack(0x000000c9aed00000,0x000000c9aee00000)]
  0x0000026407fa4800 JavaThread "Daemon health stats" [_thread_blocked, id=70588, stack(0x000000c9af000000,0x000000c9af100000)]
  0x00000264081b1800 JavaThread "Incoming local TCP Connector on port 59496" [_thread_in_native, id=59772, stack(0x000000c9af300000,0x000000c9af400000)]
  0x000002640835e800 JavaThread "Daemon" [_thread_blocked, id=69544, stack(0x000000c9af400000,0x000000c9af500000)]
  0x000002640815e800 JavaThread "Daemon periodic checks" [_thread_blocked, id=70532, stack(0x000000c9af500000,0x000000c9af600000)]
  0x0000026406dc7800 JavaThread "Handler for socket connection from /127.0.0.1:59496 to /127.0.0.1:59497" [_thread_in_native, id=68648, stack(0x000000c9af600000,0x000000c9af700000)]
  0x0000026406dc8800 JavaThread "Cancel handler" [_thread_blocked, id=66860, stack(0x000000c9af700000,0x000000c9af800000)]
  0x00000264072a6000 JavaThread "Daemon worker" [_thread_in_Java, id=48940, stack(0x000000c9af800000,0x000000c9af900000)]
  0x0000026408255000 JavaThread "Asynchronous log dispatcher for DefaultDaemonConnection: socket connection from /127.0.0.1:59496 to /127.0.0.1:59497" [_thread_blocked, id=71468, stack(0x000000c9af900000,0x000000c9afa00000)]
  0x0000026406d3e000 JavaThread "Stdin handler" [_thread_blocked, id=36280, stack(0x000000c9afa00000,0x000000c9afb00000)]
  0x0000026406bed000 JavaThread "Thread-8" [_thread_blocked, id=68580, stack(0x000000c9afb00000,0x000000c9afc00000)]
  0x0000026408159800 JavaThread "Cache worker for file hash cache (C:\Users\Lenovo\.gradle\caches\6.7.1\fileHashes)" [_thread_blocked, id=68016, stack(0x000000c9afc00000,0x000000c9afd00000)]
  0x000002640815b000 JavaThread "File lock request listener" [_thread_in_native, id=58388, stack(0x000000c9afd00000,0x000000c9afe00000)]
  0x000002640815a800 JavaThread "Cache worker for journal cache (C:\Users\Lenovo\.gradle\caches\journal-1)" [_thread_blocked, id=72616, stack(0x000000c9afe00000,0x000000c9aff00000)]
  0x000002640815c000 JavaThread "Cache worker for file hash cache (C:\Users\Lenovo\AndroidStudioProjects\CurrencyConverter\.gradle\6.7.1\fileHashes)" [_thread_blocked, id=68036, stack(0x000000c9aff00000,0x000000c9b0000000)]
  0x0000026409831800 JavaThread "Cache worker for checksums cache (C:\Users\Lenovo\AndroidStudioProjects\CurrencyConverter\.gradle\checksums)" [_thread_blocked, id=33112, stack(0x000000c9b0000000,0x000000c9b0100000)]
  0x0000026409836000 JavaThread "Cache worker for cache directory md-supplier (C:\Users\Lenovo\.gradle\caches\6.7.1\md-supplier)" [_thread_blocked, id=62932, stack(0x000000c9b0100000,0x000000c9b0200000)]
  0x0000026409833800 JavaThread "Cache worker for cache directory md-rule (C:\Users\Lenovo\.gradle\caches\6.7.1\md-rule)" [_thread_blocked, id=72264, stack(0x000000c9b0200000,0x000000c9b0300000)]
  0x0000026409833000 JavaThread "Cache worker for execution history cache (C:\Users\Lenovo\.gradle\caches\6.7.1\executionHistory)" [_thread_blocked, id=71160, stack(0x000000c9b0300000,0x000000c9b0400000)]
  0x0000026409838000 JavaThread "jar transforms" [_thread_blocked, id=68848, stack(0x000000c9b0400000,0x000000c9b0500000)]
  0x0000026409837000 JavaThread "Cache worker for file content cache (C:\Users\Lenovo\.gradle\caches\6.7.1\fileContent)" [_thread_blocked, id=65916, stack(0x000000c9b0500000,0x000000c9b0600000)]
  0x0000026409839800 JavaThread "Cache worker for Build Output Cleanup Cache (C:\Users\Lenovo\AndroidStudioProjects\CurrencyConverter\.gradle\buildOutputCleanup)" [_thread_blocked, id=66704, stack(0x000000c9b0600000,0x000000c9b0700000)]
  0x0000026409838800 JavaThread "Build operations" [_thread_blocked, id=68636, stack(0x000000c9b0700000,0x000000c9b0800000)]
  0x000002640983a800 JavaThread "Build operations Thread 2" [_thread_blocked, id=70556, stack(0x000000c9b0800000,0x000000c9b0900000)]
  0x0000026409834800 JavaThread "jar transforms Thread 2" [_thread_blocked, id=59652, stack(0x000000c9b0900000,0x000000c9b0a00000)]
  0x000002640983b000 JavaThread "jar transforms Thread 3" [_thread_blocked, id=64260, stack(0x000000c9b0a00000,0x000000c9b0b00000)]
  0x0000026409835800 JavaThread "jar transforms Thread 4" [_thread_blocked, id=70716, stack(0x000000c9b0b00000,0x000000c9b0c00000)]
  0x000002640983c000 JavaThread "jar transforms Thread 5" [_thread_blocked, id=64312, stack(0x000000c9b0c00000,0x000000c9b0d00000)]
  0x000002640983e800 JavaThread "jar transforms Thread 6" [_thread_blocked, id=70992, stack(0x000000c9b0d00000,0x000000c9b0e00000)]
  0x000002640983c800 JavaThread "jar transforms Thread 7" [_thread_blocked, id=58604, stack(0x000000c9b0e00000,0x000000c9b0f00000)]
  0x000002640983f000 JavaThread "jar transforms Thread 8" [_thread_blocked, id=63672, stack(0x000000c9b0f00000,0x000000c9b1000000)]
  0x000002640983d800 JavaThread "jar transforms Thread 9" [_thread_blocked, id=58376, stack(0x000000c9b1000000,0x000000c9b1100000)]
  0x0000026409840000 JavaThread "jar transforms Thread 10" [_thread_blocked, id=58724, stack(0x000000c9b1100000,0x000000c9b1200000)]
  0x0000026409d30000 JavaThread "jar transforms Thread 11" [_thread_blocked, id=70804, stack(0x000000c9b1200000,0x000000c9b1300000)]
  0x0000026409d2f000 JavaThread "jar transforms Thread 12" [_thread_blocked, id=48312, stack(0x000000c9b1300000,0x000000c9b1400000)]
  0x0000026409d2b000 JavaThread "jar transforms Thread 13" [_thread_blocked, id=70060, stack(0x000000c9b1400000,0x000000c9b1500000)]
  0x0000026409d2a000 JavaThread "jar transforms Thread 14" [_thread_blocked, id=72144, stack(0x000000c9b1500000,0x000000c9b1600000)]
  0x0000026409d2d800 JavaThread "jar transforms Thread 15" [_thread_blocked, id=68960, stack(0x000000c9b1600000,0x000000c9b1700000)]
  0x0000026409d30800 JavaThread "jar transforms Thread 16" [_thread_blocked, id=71192, stack(0x000000c9b1700000,0x000000c9b1800000)]
  0x0000026409d2e000 JavaThread "jar transforms Thread 17" [_thread_blocked, id=65384, stack(0x000000c9b1800000,0x000000c9b1900000)]
  0x0000026409d31800 JavaThread "jar transforms Thread 18" [_thread_blocked, id=59284, stack(0x000000c9b1900000,0x000000c9b1a00000)]
  0x0000026409d2c800 JavaThread "jar transforms Thread 19" [_thread_blocked, id=62712, stack(0x000000c9b1a00000,0x000000c9b1b00000)]
  0x0000026409d2c000 JavaThread "jar transforms Thread 20" [_thread_blocked, id=71364, stack(0x000000c9b1b00000,0x000000c9b1c00000)]
  0x0000026409d33000 JavaThread "jar transforms Thread 21" [_thread_blocked, id=54688, stack(0x000000c9b1c00000,0x000000c9b1d00000)]
  0x0000026409d34000 JavaThread "jar transforms Thread 22" [_thread_blocked, id=53560, stack(0x000000c9b1d00000,0x000000c9b1e00000)]
  0x0000026409d36800 JavaThread "jar transforms Thread 23" [_thread_blocked, id=23012, stack(0x000000c9b1e00000,0x000000c9b1f00000)]
  0x0000026409d37000 JavaThread "jar transforms Thread 24" [_thread_blocked, id=69988, stack(0x000000c9b1f00000,0x000000c9b2000000)]
  0x0000026409d34800 JavaThread "jar transforms Thread 25" [_thread_blocked, id=59828, stack(0x000000c9b2000000,0x000000c9b2100000)]
  0x0000026409d35800 JavaThread "jar transforms Thread 26" [_thread_blocked, id=72304, stack(0x000000c9b2100000,0x000000c9b2200000)]
  0x0000026409d38000 JavaThread "jar transforms Thread 27" [_thread_blocked, id=70504, stack(0x000000c9b2200000,0x000000c9b2300000)]
  0x0000026409d32800 JavaThread "jar transforms Thread 28" [_thread_blocked, id=57752, stack(0x000000c9b2300000,0x000000c9b2400000)]
  0x0000026409d39000 JavaThread "jar transforms Thread 29" [_thread_blocked, id=68196, stack(0x000000c9b2400000,0x000000c9b2500000)]
  0x0000026408576000 JavaThread "jar transforms Thread 30" [_thread_blocked, id=72604, stack(0x000000c9b2500000,0x000000c9b2600000)]
  0x0000026408577000 JavaThread "jar transforms Thread 31" [_thread_blocked, id=71820, stack(0x000000c9b2600000,0x000000c9b2700000)]
  0x0000026408572800 JavaThread "jar transforms Thread 32" [_thread_blocked, id=44612, stack(0x000000c9b2700000,0x000000c9b2800000)]
  0x0000026408577800 JavaThread "jar transforms Thread 33" [_thread_blocked, id=57660, stack(0x000000c9b2800000,0x000000c9b2900000)]
  0x0000026408572000 JavaThread "jar transforms Thread 34" [_thread_blocked, id=61576, stack(0x000000c9b2900000,0x000000c9b2a00000)]
  0x0000026408578800 JavaThread "jar transforms Thread 35" [_thread_blocked, id=64000, stack(0x000000c9b2a00000,0x000000c9b2b00000)]
  0x0000026408575000 JavaThread "jar transforms Thread 36" [_thread_blocked, id=68800, stack(0x000000c9b2b00000,0x000000c9b2c00000)]
  0x0000026408573800 JavaThread "jar transforms Thread 37" [_thread_blocked, id=70324, stack(0x000000c9b2c00000,0x000000c9b2d00000)]
  0x0000026408579000 JavaThread "jar transforms Thread 38" [_thread_blocked, id=72384, stack(0x000000c9b2d00000,0x000000c9b2e00000)]
  0x000002640857a000 JavaThread "jar transforms Thread 39" [_thread_blocked, id=58360, stack(0x000000c9b2e00000,0x000000c9b2f00000)]
  0x0000026408574800 JavaThread "jar transforms Thread 40" [_thread_blocked, id=71244, stack(0x000000c9b2f00000,0x000000c9b3000000)]
  0x000002640857b000 JavaThread "jar transforms Thread 41" [_thread_blocked, id=41508, stack(0x000000c9b3000000,0x000000c9b3100000)]
  0x000002640857b800 JavaThread "jar transforms Thread 42" [_thread_blocked, id=70988, stack(0x000000c9b3100000,0x000000c9b3200000)]
  0x000002640857c800 JavaThread "jar transforms Thread 43" [_thread_blocked, id=64844, stack(0x000000c9b3200000,0x000000c9b3300000)]
  0x000002640857d800 JavaThread "jar transforms Thread 44" [_thread_blocked, id=53140, stack(0x000000c9b3300000,0x000000c9b3400000)]
  0x000002640857e000 JavaThread "jar transforms Thread 45" [_thread_blocked, id=39408, stack(0x000000c9b3400000,0x000000c9b3500000)]
  0x000002640857f000 JavaThread "jar transforms Thread 46" [_thread_blocked, id=71632, stack(0x000000c9b3500000,0x000000c9b3600000)]
  0x0000026408580000 JavaThread "jar transforms Thread 47" [_thread_blocked, id=60572, stack(0x000000c9b3600000,0x000000c9b3700000)]
  0x0000026408580800 JavaThread "jar transforms Thread 48" [_thread_blocked, id=64860, stack(0x000000c9b3700000,0x000000c9b3800000)]
  0x000002640ac11800 JavaThread "jar transforms Thread 49" [_thread_blocked, id=71564, stack(0x000000c9b3800000,0x000000c9b3900000)]
  0x000002640ac13000 JavaThread "jar transforms Thread 50" [_thread_blocked, id=69120, stack(0x000000c9b3900000,0x000000c9b3a00000)]
  0x000002640ac10800 JavaThread "jar transforms Thread 51" [_thread_blocked, id=69600, stack(0x000000c9b3a00000,0x000000c9b3b00000)]
  0x000002640ac12000 JavaThread "jar transforms Thread 52" [_thread_blocked, id=57804, stack(0x000000c9b3b00000,0x000000c9b3c00000)]
  0x000002640ac0d800 JavaThread "jar transforms Thread 53" [_thread_blocked, id=69240, stack(0x000000c9b3c00000,0x000000c9b3d00000)]
  0x000002640ac14000 JavaThread "jar transforms Thread 54" [_thread_blocked, id=65052, stack(0x000000c9b3d00000,0x000000c9b3e00000)]
  0x000002640ac0e000 JavaThread "jar transforms Thread 55" [_thread_blocked, id=72120, stack(0x000000c9b3e00000,0x000000c9b3f00000)]
  0x000002640ac14800 JavaThread "jar transforms Thread 56" [_thread_blocked, id=72000, stack(0x000000c9b3f00000,0x000000c9b4000000)]
  0x000002640ac0f000 JavaThread "jar transforms Thread 57" [_thread_blocked, id=68348, stack(0x000000c9b4000000,0x000000c9b4100000)]
  0x000002640ac0f800 JavaThread "jar transforms Thread 58" [_thread_blocked, id=65260, stack(0x000000c9b4100000,0x000000c9b4200000)]
  0x000002640ac1a800 JavaThread "jar transforms Thread 59" [_thread_blocked, id=70768, stack(0x000000c9b4200000,0x000000c9b4300000)]
  0x000002640ac15800 JavaThread "jar transforms Thread 60" [_thread_blocked, id=69752, stack(0x000000c9b4300000,0x000000c9b4400000)]
  0x000002640ac18000 JavaThread "jar transforms Thread 61" [_thread_blocked, id=67548, stack(0x000000c9b4400000,0x000000c9b4500000)]
  0x000002640ac1c000 JavaThread "jar transforms Thread 62" [_thread_blocked, id=71336, stack(0x000000c9b4500000,0x000000c9b4600000)]
  0x000002640ac18800 JavaThread "jar transforms Thread 63" [_thread_blocked, id=65352, stack(0x000000c9b4600000,0x000000c9b4700000)]
  0x000002640ac19800 JavaThread "jar transforms Thread 64" [_thread_blocked, id=56180, stack(0x000000c9b4700000,0x000000c9b4800000)]
  0x000002640ac1b000 JavaThread "jar transforms Thread 65" [_thread_blocked, id=53712, stack(0x000000c9b4800000,0x000000c9b4900000)]
  0x000002640ac17000 JavaThread "jar transforms Thread 66" [_thread_blocked, id=68888, stack(0x000000c9b4900000,0x000000c9b4a00000)]
  0x000002640ac16800 JavaThread "jar transforms Thread 67" [_thread_blocked, id=68156, stack(0x000000c9b4a00000,0x000000c9b4b00000)]
  0x0000026409b92000 JavaThread "jar transforms Thread 68" [_thread_blocked, id=72020, stack(0x000000c9b4b00000,0x000000c9b4c00000)]
  0x0000026409b96800 JavaThread "jar transforms Thread 69" [_thread_blocked, id=71032, stack(0x000000c9b4c00000,0x000000c9b4d00000)]
  0x0000026409b94800 JavaThread "jar transforms Thread 70" [_thread_blocked, id=58668, stack(0x000000c9b4d00000,0x000000c9b4e00000)]
  0x0000026409b95800 JavaThread "jar transforms Thread 71" [_thread_blocked, id=70488, stack(0x000000c9b4e00000,0x000000c9b4f00000)]
  0x0000026409b94000 JavaThread "jar transforms Thread 72" [_thread_blocked, id=60812, stack(0x000000c9b4f00000,0x000000c9b5000000)]
  0x0000026409b93000 JavaThread "jar transforms Thread 73" [_thread_blocked, id=68476, stack(0x000000c9b5000000,0x000000c9b5100000)]
  0x0000026409b90800 JavaThread "jar transforms Thread 74" [_thread_blocked, id=71416, stack(0x000000c9b5100000,0x000000c9b5200000)]
  0x0000026409b97000 JavaThread "jar transforms Thread 75" [_thread_blocked, id=68972, stack(0x000000c9b5200000,0x000000c9b5300000)]
  0x0000026409b91800 JavaThread "jar transforms Thread 76" [_thread_blocked, id=68496, stack(0x000000c9b5300000,0x000000c9b5400000)]
  0x0000026409b9b000 JavaThread "jar transforms Thread 77" [_thread_blocked, id=61896, stack(0x000000c9b5400000,0x000000c9b5500000)]
  0x0000026409b9d000 JavaThread "jar transforms Thread 78" [_thread_blocked, id=62524, stack(0x000000c9b5500000,0x000000c9b5600000)]
  0x0000026409b98000 JavaThread "jar transforms Thread 79" [_thread_blocked, id=60140, stack(0x000000c9b5600000,0x000000c9b5700000)]
  0x0000026409b9d800 JavaThread "jar transforms Thread 80" [_thread_blocked, id=66064, stack(0x000000c9b5700000,0x000000c9b5800000)]
  0x0000026409b9c000 JavaThread "jar transforms Thread 81" [_thread_blocked, id=71236, stack(0x000000c9b5800000,0x000000c9b5900000)]
  0x0000026409b9e800 JavaThread "jar transforms Thread 82" [_thread_blocked, id=72280, stack(0x000000c9b5900000,0x000000c9b5a00000)]
  0x0000026409b9a800 JavaThread "jar transforms Thread 83" [_thread_blocked, id=60232, stack(0x000000c9b5a00000,0x000000c9b5b00000)]
  0x0000026409b99000 JavaThread "jar transforms Thread 84" [_thread_blocked, id=53708, stack(0x000000c9b5b00000,0x000000c9b5c00000)]
  0x0000026409b9f800 JavaThread "jar transforms Thread 85" [_thread_blocked, id=71144, stack(0x000000c9b5c00000,0x000000c9b5d00000)]
  0x0000026409b99800 JavaThread "jar transforms Thread 86" [_thread_blocked, id=69656, stack(0x000000c9b5d00000,0x000000c9b5e00000)]
  0x0000026409bcc000 JavaThread "jar transforms Thread 87" [_thread_blocked, id=71408, stack(0x000000c9b5e00000,0x000000c9b5f00000)]
  0x0000026409bca800 JavaThread "jar transforms Thread 88" [_thread_blocked, id=64684, stack(0x000000c9b5f00000,0x000000c9b6000000)]
  0x0000026409bcb000 JavaThread "jar transforms Thread 89" [_thread_blocked, id=58832, stack(0x000000c9b6000000,0x000000c9b6100000)]
  0x0000026409bcd800 JavaThread "jar transforms Thread 90" [_thread_blocked, id=59436, stack(0x000000c9b6100000,0x000000c9b6200000)]
  0x0000026409bcc800 JavaThread "jar transforms Thread 91" [_thread_blocked, id=60344, stack(0x000000c9b6200000,0x000000c9b6300000)]
  0x0000026409bc8800 JavaThread "jar transforms Thread 92" [_thread_blocked, id=67896, stack(0x000000c9b6300000,0x000000c9b6400000)]
  0x0000026409bce800 JavaThread "jar transforms Thread 93" [_thread_blocked, id=59092, stack(0x000000c9b6400000,0x000000c9b6500000)]
  0x0000026409bcf000 JavaThread "jar transforms Thread 94" [_thread_blocked, id=50760, stack(0x000000c9b6500000,0x000000c9b6600000)]
  0x0000026409bc9800 JavaThread "jar transforms Thread 95" [_thread_blocked, id=66756, stack(0x000000c9b6600000,0x000000c9b6700000)]
  0x0000026409bd3800 JavaThread "jar transforms Thread 96" [_thread_blocked, id=64840, stack(0x000000c9b6700000,0x000000c9b6800000)]
  0x0000026409bd5800 JavaThread "jar transforms Thread 97" [_thread_blocked, id=65016, stack(0x000000c9b6800000,0x000000c9b6900000)]
  0x0000026409bd2800 JavaThread "Memory manager" [_thread_blocked, id=58720, stack(0x000000c9b6900000,0x000000c9b6a00000)]
  0x0000026409bd4000 JavaThread "build event listener" [_thread_blocked, id=51608, stack(0x000000c9b6a00000,0x000000c9b6b00000)]
  0x0000026409bd1000 JavaThread "build event listener" [_thread_blocked, id=71996, stack(0x000000c9b6b00000,0x000000c9b6c00000)]
  0x0000026409bd5000 JavaThread "Execution worker for ':'" [_thread_blocked, id=72012, stack(0x000000c9b6c00000,0x000000c9b6d00000)]
  0x0000026409bd1800 JavaThread "Cache worker for execution history cache (C:\Users\Lenovo\AndroidStudioProjects\CurrencyConverter\.gradle\6.7.1\executionHistory)" [_thread_blocked, id=8808, stack(0x000000c9b6d00000,0x000000c9b6e00000)]
  0x0000026409bd6800 JavaThread "WorkerExecutor Queue" [_thread_blocked, id=71300, stack(0x000000c9b6e00000,0x000000c9b6f00000)]
  0x0000026409bd7800 JavaThread "WorkerExecutor Queue Thread 2" [_thread_blocked, id=66336, stack(0x000000c9b6f00000,0x000000c9b7000000)]
  0x000002640cf4f800 JavaThread "Java2D Disposer" daemon [_thread_blocked, id=68380, stack(0x000000c9b7000000,0x000000c9b7100000)]

Other Threads:
  0x000002647fe47000 VMThread "VM Thread" [stack: 0x000000c9ae400000,0x000000c9ae500000] [id=63712]
  0x0000026406951800 WatcherThread [stack: 0x000000c9aee00000,0x000000c9aef00000] [id=10380]
  0x000002646c111000 GCTaskThread "GC Thread#0" [stack: 0x000000c9adf00000,0x000000c9ae000000] [id=69056]
  0x0000026406b02800 GCTaskThread "GC Thread#1" [stack: 0x000000c9aef00000,0x000000c9af000000] [id=59656]
  0x000002646c142800 ConcurrentGCThread "G1 Main Marker" [stack: 0x000000c9ae000000,0x000000c9ae100000] [id=62520]
  0x000002646c145800 ConcurrentGCThread "G1 Conc#0" [stack: 0x000000c9ae100000,0x000000c9ae200000] [id=72260]
  0x000002646c182000 ConcurrentGCThread "G1 Refine#0" [stack: 0x000000c9ae200000,0x000000c9ae300000] [id=55660]
  0x000002646c183000 ConcurrentGCThread "G1 Young RemSet Sampling" [stack: 0x000000c9ae300000,0x000000c9ae400000] [id=65544]

Threads with active compile tasks:
C2 CompilerThread0  55513 9476       4       com.android.ide.common.blame.MergingLogPersistUtil$$Lambda$675/0x0000000100a9fc40::accept (12 bytes)

VM state:not at safepoint (normal execution)

VM Mutex/Monitor currently owned by a thread: None

Heap address: 0x0000000080000000, size: 2048 MB, Compressed Oops mode: 32-bit
Narrow klass base: 0x0000000000000000, Narrow klass shift: 3
Compressed class space size: 1073741824 Address: 0x0000000100000000

Heap:
 garbage-first heap   total 176128K, used 104682K [0x0000000080000000, 0x0000000100000000)
  region size 1024K, 29 young (29696K), 1 survivors (1024K)
 Metaspace       used 80724K, capacity 82675K, committed 82812K, reserved 1122304K
  class space    used 10305K, capacity 10964K, committed 11008K, reserved 1048576K
Heap Regions: E=young(eden), S=young(survivor), O=old, HS=humongous(starts), HC=humongous(continues), CS=collection set, F=free, A=archive, TAMS=top-at-mark-start (previous, next)
|   0|0x0000000080000000, 0x0000000080100000, 0x0000000080100000|100%| O|  |TAMS 0x0000000080100000, 0x0000000080000000| Untracked 
|   1|0x0000000080100000, 0x0000000080200000, 0x0000000080200000|100%| O|  |TAMS 0x0000000080200000, 0x0000000080100000| Untracked 
|   2|0x0000000080200000, 0x0000000080300000, 0x0000000080300000|100%| O|  |TAMS 0x0000000080300000, 0x0000000080200000| Untracked 
|   3|0x0000000080300000, 0x0000000080400000, 0x0000000080400000|100%| O|  |TAMS 0x0000000080400000, 0x0000000080300000| Untracked 
|   4|0x0000000080400000, 0x0000000080500000, 0x0000000080500000|100%|HS|  |TAMS 0x0000000080500000, 0x0000000080400000| Complete 
|   5|0x0000000080500000, 0x0000000080600000, 0x0000000080600000|100%|HC|  |TAMS 0x0000000080600000, 0x0000000080500000| Complete 
|   6|0x0000000080600000, 0x0000000080700000, 0x0000000080700000|100%|HC|  |TAMS 0x0000000080700000, 0x0000000080600000| Complete 
|   7|0x0000000080700000, 0x0000000080800000, 0x0000000080800000|100%| O|  |TAMS 0x0000000080800000, 0x0000000080700000| Untracked 
|   8|0x0000000080800000, 0x0000000080900000, 0x0000000080900000|100%| O|  |TAMS 0x0000000080900000, 0x0000000080800000| Untracked 
|   9|0x0000000080900000, 0x0000000080a00000, 0x0000000080a00000|100%| O|  |TAMS 0x0000000080a00000, 0x0000000080900000| Untracked 
|  10|0x0000000080a00000, 0x0000000080b00000, 0x0000000080b00000|100%| O|  |TAMS 0x0000000080b00000, 0x0000000080a00000| Untracked 
|  11|0x0000000080b00000, 0x0000000080c00000, 0x0000000080c00000|100%| O|  |TAMS 0x0000000080c00000, 0x0000000080b00000| Untracked 
|  12|0x0000000080c00000, 0x0000000080d00000, 0x0000000080d00000|100%| O|  |TAMS 0x0000000080d00000, 0x0000000080c00000| Untracked 
|  13|0x0000000080d00000, 0x0000000080e00000, 0x0000000080e00000|100%| O|  |TAMS 0x0000000080e00000, 0x0000000080d00000| Untracked 
|  14|0x0000000080e00000, 0x0000000080f00000, 0x0000000080f00000|100%| O|  |TAMS 0x0000000080f00000, 0x0000000080e00000| Untracked 
|  15|0x0000000080f00000, 0x0000000081000000, 0x0000000081000000|100%| O|  |TAMS 0x0000000081000000, 0x0000000080f00000| Untracked 
|  16|0x0000000081000000, 0x0000000081100000, 0x0000000081100000|100%| O|  |TAMS 0x0000000081100000, 0x0000000081000000| Untracked 
|  17|0x0000000081100000, 0x0000000081200000, 0x0000000081200000|100%| O|  |TAMS 0x0000000081200000, 0x0000000081100000| Untracked 
|  18|0x0000000081200000, 0x0000000081300000, 0x0000000081300000|100%| O|  |TAMS 0x0000000081300000, 0x0000000081200000| Untracked 
|  19|0x0000000081300000, 0x0000000081400000, 0x0000000081400000|100%| O|  |TAMS 0x0000000081400000, 0x0000000081300000| Untracked 
|  20|0x0000000081400000, 0x0000000081500000, 0x0000000081500000|100%| O|  |TAMS 0x0000000081500000, 0x0000000081400000| Untracked 
|  21|0x0000000081500000, 0x0000000081600000, 0x0000000081600000|100%| O|  |TAMS 0x0000000081600000, 0x0000000081500000| Untracked 
|  22|0x0000000081600000, 0x0000000081700000, 0x0000000081700000|100%| O|  |TAMS 0x0000000081700000, 0x0000000081600000| Untracked 
|  23|0x0000000081700000, 0x0000000081800000, 0x0000000081800000|100%| O|  |TAMS 0x0000000081800000, 0x0000000081700000| Untracked 
|  24|0x0000000081800000, 0x0000000081900000, 0x0000000081900000|100%| O|  |TAMS 0x0000000081900000, 0x0000000081800000| Untracked 
|  25|0x0000000081900000, 0x0000000081a00000, 0x0000000081a00000|100%|HS|  |TAMS 0x0000000081a00000, 0x0000000081900000| Complete 
|  26|0x0000000081a00000, 0x0000000081b00000, 0x0000000081b00000|100%|HS|  |TAMS 0x0000000081b00000, 0x0000000081a00000| Complete 
|  27|0x0000000081b00000, 0x0000000081c00000, 0x0000000081c00000|100%|HC|  |TAMS 0x0000000081c00000, 0x0000000081b00000| Complete 
|  28|0x0000000081c00000, 0x0000000081d00000, 0x0000000081d00000|100%| O|  |TAMS 0x0000000081d00000, 0x0000000081c00000| Untracked 
|  29|0x0000000081d00000, 0x0000000081e00000, 0x0000000081e00000|100%| O|  |TAMS 0x0000000081e00000, 0x0000000081d00000| Untracked 
|  30|0x0000000081e00000, 0x0000000081f00000, 0x0000000081f00000|100%| O|  |TAMS 0x0000000081f00000, 0x0000000081e00000| Untracked 
|  31|0x0000000081f00000, 0x0000000082000000, 0x0000000082000000|100%| O|  |TAMS 0x0000000082000000, 0x0000000081f00000| Untracked 
|  32|0x0000000082000000, 0x0000000082100000, 0x0000000082100000|100%| O|  |TAMS 0x0000000082100000, 0x0000000082000000| Untracked 
|  33|0x0000000082100000, 0x0000000082200000, 0x0000000082200000|100%| O|  |TAMS 0x0000000082200000, 0x0000000082100000| Untracked 
|  34|0x0000000082200000, 0x0000000082300000, 0x0000000082300000|100%| O|  |TAMS 0x0000000082300000, 0x0000000082200000| Untracked 
|  35|0x0000000082300000, 0x0000000082400000, 0x0000000082400000|100%| O|  |TAMS 0x0000000082400000, 0x0000000082300000| Untracked 
|  36|0x0000000082400000, 0x0000000082500000, 0x0000000082500000|100%| O|  |TAMS 0x0000000082500000, 0x0000000082400000| Untracked 
|  37|0x0000000082500000, 0x0000000082600000, 0x0000000082600000|100%| O|  |TAMS 0x0000000082600000, 0x0000000082500000| Untracked 
|  38|0x0000000082600000, 0x0000000082700000, 0x0000000082700000|100%| O|  |TAMS 0x0000000082700000, 0x0000000082600000| Untracked 
|  39|0x0000000082700000, 0x0000000082800000, 0x0000000082800000|100%| O|  |TAMS 0x0000000082800000, 0x0000000082700000| Untracked 
|  40|0x0000000082800000, 0x0000000082900000, 0x0000000082900000|100%| O|  |TAMS 0x0000000082900000, 0x0000000082800000| Untracked 
|  41|0x0000000082900000, 0x0000000082a00000, 0x0000000082a00000|100%| O|  |TAMS 0x0000000082a00000, 0x0000000082900000| Untracked 
|  42|0x0000000082a00000, 0x0000000082b00000, 0x0000000082b00000|100%| O|  |TAMS 0x0000000082b00000, 0x0000000082a00000| Untracked 
|  43|0x0000000082b00000, 0x0000000082c00000, 0x0000000082c00000|100%| O|  |TAMS 0x0000000082c00000, 0x0000000082b00000| Untracked 
|  44|0x0000000082c00000, 0x0000000082d00000, 0x0000000082d00000|100%| O|  |TAMS 0x0000000082d00000, 0x0000000082c00000| Untracked 
|  45|0x0000000082d00000, 0x0000000082e00000, 0x0000000082e00000|100%| O|  |TAMS 0x0000000082e00000, 0x0000000082d00000| Untracked 
|  46|0x0000000082e00000, 0x0000000082f00000, 0x0000000082f00000|100%| O|  |TAMS 0x0000000082f00000, 0x0000000082e00000| Untracked 
|  47|0x0000000082f00000, 0x0000000083000000, 0x0000000083000000|100%| O|  |TAMS 0x0000000083000000, 0x0000000082f00000| Untracked 
|  48|0x0000000083000000, 0x0000000083100000, 0x0000000083100000|100%| O|  |TAMS 0x0000000083100000, 0x0000000083000000| Untracked 
|  49|0x0000000083100000, 0x0000000083200000, 0x0000000083200000|100%| O|  |TAMS 0x0000000083200000, 0x0000000083100000| Untracked 
|  50|0x0000000083200000, 0x0000000083300000, 0x0000000083300000|100%| O|  |TAMS 0x0000000083300000, 0x0000000083200000| Untracked 
|  51|0x0000000083300000, 0x0000000083400000, 0x0000000083400000|100%| O|  |TAMS 0x0000000083400000, 0x0000000083300000| Untracked 
|  52|0x0000000083400000, 0x0000000083500000, 0x0000000083500000|100%| O|  |TAMS 0x0000000083500000, 0x0000000083400000| Untracked 
|  53|0x0000000083500000, 0x0000000083600000, 0x0000000083600000|100%| O|  |TAMS 0x0000000083600000, 0x0000000083500000| Untracked 
|  54|0x0000000083600000, 0x0000000083700000, 0x0000000083700000|100%| O|  |TAMS 0x0000000083700000, 0x0000000083600000| Untracked 
|  55|0x0000000083700000, 0x0000000083800000, 0x0000000083800000|100%| O|  |TAMS 0x0000000083800000, 0x0000000083700000| Untracked 
|  56|0x0000000083800000, 0x0000000083900000, 0x0000000083900000|100%| O|  |TAMS 0x0000000083900000, 0x0000000083800000| Untracked 
|  57|0x0000000083900000, 0x0000000083a00000, 0x0000000083a00000|100%| O|  |TAMS 0x0000000083a00000, 0x0000000083900000| Untracked 
|  58|0x0000000083a00000, 0x0000000083b00000, 0x0000000083b00000|100%| O|  |TAMS 0x0000000083b00000, 0x0000000083a00000| Untracked 
|  59|0x0000000083b00000, 0x0000000083c00000, 0x0000000083c00000|100%| O|  |TAMS 0x0000000083c00000, 0x0000000083b00000| Untracked 
|  60|0x0000000083c00000, 0x0000000083d00000, 0x0000000083d00000|100%| O|  |TAMS 0x0000000083d00000, 0x0000000083c00000| Untracked 
|  61|0x0000000083d00000, 0x0000000083e00000, 0x0000000083e00000|100%| O|  |TAMS 0x0000000083e00000, 0x0000000083d00000| Untracked 
|  62|0x0000000083e00000, 0x0000000083f00000, 0x0000000083f00000|100%| O|  |TAMS 0x0000000083f00000, 0x0000000083e00000| Untracked 
|  63|0x0000000083f00000, 0x0000000084000000, 0x0000000084000000|100%| O|  |TAMS 0x0000000084000000, 0x0000000083f00000| Untracked 
|  64|0x0000000084000000, 0x0000000084100000, 0x0000000084100000|100%|HS|  |TAMS 0x0000000084100000, 0x0000000084000000| Complete 
|  65|0x0000000084100000, 0x0000000084200000, 0x0000000084200000|100%| O|  |TAMS 0x0000000084200000, 0x0000000084100000| Untracked 
|  66|0x0000000084200000, 0x0000000084300000, 0x0000000084300000|100%| O|  |TAMS 0x0000000084300000, 0x0000000084200000| Untracked 
|  67|0x0000000084300000, 0x0000000084400000, 0x0000000084400000|100%| O|  |TAMS 0x0000000084400000, 0x0000000084300000| Untracked 
|  68|0x0000000084400000, 0x0000000084500000, 0x0000000084500000|100%| O|  |TAMS 0x0000000084500000, 0x0000000084400000| Untracked 
|  69|0x0000000084500000, 0x0000000084600000, 0x0000000084600000|100%| O|  |TAMS 0x0000000084600000, 0x0000000084500000| Untracked 
|  70|0x0000000084600000, 0x0000000084700000, 0x0000000084700000|100%| O|  |TAMS 0x0000000084700000, 0x0000000084600000| Untracked 
|  71|0x0000000084700000, 0x0000000084800000, 0x0000000084800000|100%| O|  |TAMS 0x0000000084800000, 0x0000000084700000| Untracked 
|  72|0x0000000084800000, 0x0000000084900000, 0x0000000084900000|100%|HS|  |TAMS 0x0000000084800000, 0x0000000084800000| Complete 
|  73|0x0000000084900000, 0x0000000084a00000, 0x0000000084a00000|100%| O|  |TAMS 0x0000000084a00000, 0x0000000084900000| Untracked 
|  74|0x0000000084a00000, 0x0000000084b00000, 0x0000000084b00000|100%| O|  |TAMS 0x0000000084b00000, 0x0000000084a00000| Untracked 
|  75|0x0000000084b00000, 0x0000000084bf3800, 0x0000000084c00000| 95%| O|  |TAMS 0x0000000084bf3800, 0x0000000084b00000| Untracked 
|  76|0x0000000084c00000, 0x0000000084c00000, 0x0000000084d00000|  0%| F|  |TAMS 0x0000000084c00000, 0x0000000084c00000| Untracked 
|  77|0x0000000084d00000, 0x0000000084d00000, 0x0000000084e00000|  0%| F|  |TAMS 0x0000000084d00000, 0x0000000084d00000| Untracked 
|  78|0x0000000084e00000, 0x0000000084e00000, 0x0000000084f00000|  0%| F|  |TAMS 0x0000000084e00000, 0x0000000084e00000| Untracked 
|  79|0x0000000084f00000, 0x0000000084f00000, 0x0000000085000000|  0%| F|  |TAMS 0x0000000084f00000, 0x0000000084f00000| Untracked 
|  80|0x0000000085000000, 0x0000000085000000, 0x0000000085100000|  0%| F|  |TAMS 0x0000000085000000, 0x0000000085000000| Untracked 
|  81|0x0000000085100000, 0x0000000085100000, 0x0000000085200000|  0%| F|  |TAMS 0x0000000085100000, 0x0000000085100000| Untracked 
|  82|0x0000000085200000, 0x0000000085200000, 0x0000000085300000|  0%| F|  |TAMS 0x0000000085200000, 0x0000000085200000| Untracked 
|  83|0x0000000085300000, 0x0000000085300000, 0x0000000085400000|  0%| F|  |TAMS 0x0000000085300000, 0x0000000085300000| Untracked 
|  84|0x0000000085400000, 0x0000000085400000, 0x0000000085500000|  0%| F|  |TAMS 0x0000000085400000, 0x0000000085400000| Untracked 
|  85|0x0000000085500000, 0x0000000085500000, 0x0000000085600000|  0%| F|  |TAMS 0x0000000085500000, 0x0000000085500000| Untracked 
|  86|0x0000000085600000, 0x0000000085600000, 0x0000000085700000|  0%| F|  |TAMS 0x0000000085600000, 0x0000000085600000| Untracked 
|  87|0x0000000085700000, 0x0000000085700000, 0x0000000085800000|  0%| F|  |TAMS 0x0000000085700000, 0x0000000085700000| Untracked 
|  88|0x0000000085800000, 0x0000000085800000, 0x0000000085900000|  0%| F|  |TAMS 0x0000000085800000, 0x0000000085800000| Untracked 
|  89|0x0000000085900000, 0x0000000085900000, 0x0000000085a00000|  0%| F|  |TAMS 0x0000000085900000, 0x0000000085900000| Untracked 
|  90|0x0000000085a00000, 0x0000000085a00000, 0x0000000085b00000|  0%| F|  |TAMS 0x0000000085a00000, 0x0000000085a00000| Untracked 
|  91|0x0000000085b00000, 0x0000000085b00000, 0x0000000085c00000|  0%| F|  |TAMS 0x0000000085b00000, 0x0000000085b00000| Untracked 
|  92|0x0000000085c00000, 0x0000000085c00000, 0x0000000085d00000|  0%| F|  |TAMS 0x0000000085c00000, 0x0000000085c00000| Untracked 
|  93|0x0000000085d00000, 0x0000000085d00000, 0x0000000085e00000|  0%| F|  |TAMS 0x0000000085d00000, 0x0000000085d00000| Untracked 
|  94|0x0000000085e00000, 0x0000000085e00000, 0x0000000085f00000|  0%| F|  |TAMS 0x0000000085e00000, 0x0000000085e00000| Untracked 
|  95|0x0000000085f00000, 0x0000000085f00000, 0x0000000086000000|  0%| F|  |TAMS 0x0000000085f00000, 0x0000000085f00000| Untracked 
|  96|0x0000000086000000, 0x0000000086000000, 0x0000000086100000|  0%| F|  |TAMS 0x0000000086000000, 0x0000000086000000| Untracked 
|  97|0x0000000086100000, 0x0000000086100000, 0x0000000086200000|  0%| F|  |TAMS 0x0000000086100000, 0x0000000086100000| Untracked 
|  98|0x0000000086200000, 0x0000000086200000, 0x0000000086300000|  0%| F|  |TAMS 0x0000000086200000, 0x0000000086200000| Untracked 
|  99|0x0000000086300000, 0x0000000086300000, 0x0000000086400000|  0%| F|  |TAMS 0x0000000086300000, 0x0000000086300000| Untracked 
| 100|0x0000000086400000, 0x0000000086400000, 0x0000000086500000|  0%| F|  |TAMS 0x0000000086400000, 0x0000000086400000| Untracked 
| 101|0x0000000086500000, 0x0000000086500000, 0x0000000086600000|  0%| F|  |TAMS 0x0000000086500000, 0x0000000086500000| Untracked 
| 102|0x0000000086600000, 0x0000000086600000, 0x0000000086700000|  0%| F|  |TAMS 0x0000000086600000, 0x0000000086600000| Untracked 
| 103|0x0000000086700000, 0x0000000086700000, 0x0000000086800000|  0%| F|  |TAMS 0x0000000086700000, 0x0000000086700000| Untracked 
| 104|0x0000000086800000, 0x0000000086800000, 0x0000000086900000|  0%| F|  |TAMS 0x0000000086800000, 0x0000000086800000| Untracked 
| 105|0x0000000086900000, 0x0000000086900000, 0x0000000086a00000|  0%| F|  |TAMS 0x0000000086900000, 0x0000000086900000| Untracked 
| 106|0x0000000086a00000, 0x0000000086a00000, 0x0000000086b00000|  0%| F|  |TAMS 0x0000000086a00000, 0x0000000086a00000| Untracked 
| 107|0x0000000086b00000, 0x0000000086b00000, 0x0000000086c00000|  0%| F|  |TAMS 0x0000000086b00000, 0x0000000086b00000| Untracked 
| 108|0x0000000086c00000, 0x0000000086c00000, 0x0000000086d00000|  0%| F|  |TAMS 0x0000000086c00000, 0x0000000086c00000| Untracked 
| 109|0x0000000086d00000, 0x0000000086d00000, 0x0000000086e00000|  0%| F|  |TAMS 0x0000000086d00000, 0x0000000086d00000| Untracked 
| 110|0x0000000086e00000, 0x0000000086e00000, 0x0000000086f00000|  0%| F|  |TAMS 0x0000000086e00000, 0x0000000086e00000| Untracked 
| 111|0x0000000086f00000, 0x0000000086f00000, 0x0000000087000000|  0%| F|  |TAMS 0x0000000086f00000, 0x0000000086f00000| Untracked 
| 112|0x0000000087000000, 0x0000000087000000, 0x0000000087100000|  0%| F|  |TAMS 0x0000000087000000, 0x0000000087000000| Untracked 
| 113|0x0000000087100000, 0x0000000087100000, 0x0000000087200000|  0%| F|  |TAMS 0x0000000087100000, 0x0000000087100000| Untracked 
| 114|0x0000000087200000, 0x0000000087200000, 0x0000000087300000|  0%| F|  |TAMS 0x0000000087200000, 0x0000000087200000| Untracked 
| 115|0x0000000087300000, 0x0000000087300000, 0x0000000087400000|  0%| F|  |TAMS 0x0000000087300000, 0x0000000087300000| Untracked 
| 116|0x0000000087400000, 0x0000000087400000, 0x0000000087500000|  0%| F|  |TAMS 0x0000000087400000, 0x0000000087400000| Untracked 
| 117|0x0000000087500000, 0x0000000087500000, 0x0000000087600000|  0%| F|  |TAMS 0x0000000087500000, 0x0000000087500000| Untracked 
| 118|0x0000000087600000, 0x0000000087600000, 0x0000000087700000|  0%| F|  |TAMS 0x0000000087600000, 0x0000000087600000| Untracked 
| 119|0x0000000087700000, 0x0000000087700000, 0x0000000087800000|  0%| F|  |TAMS 0x0000000087700000, 0x0000000087700000| Untracked 
| 120|0x0000000087800000, 0x0000000087800000, 0x0000000087900000|  0%| F|  |TAMS 0x0000000087800000, 0x0000000087800000| Untracked 
| 121|0x0000000087900000, 0x0000000087900000, 0x0000000087a00000|  0%| F|  |TAMS 0x0000000087900000, 0x0000000087900000| Untracked 
| 122|0x0000000087a00000, 0x0000000087a00000, 0x0000000087b00000|  0%| F|  |TAMS 0x0000000087a00000, 0x0000000087a00000| Untracked 
| 123|0x0000000087b00000, 0x0000000087b00000, 0x0000000087c00000|  0%| F|  |TAMS 0x0000000087b00000, 0x0000000087b00000| Untracked 
| 124|0x0000000087c00000, 0x0000000087c00000, 0x0000000087d00000|  0%| F|  |TAMS 0x0000000087c00000, 0x0000000087c00000| Untracked 
| 125|0x0000000087d00000, 0x0000000087d00000, 0x0000000087e00000|  0%| F|  |TAMS 0x0000000087d00000, 0x0000000087d00000| Untracked 
| 126|0x0000000087e00000, 0x0000000087e00000, 0x0000000087f00000|  0%| F|  |TAMS 0x0000000087e00000, 0x0000000087e00000| Untracked 
| 127|0x0000000087f00000, 0x0000000087f00000, 0x0000000088000000|  0%| F|  |TAMS 0x0000000087f00000, 0x0000000087f00000| Untracked 
| 128|0x0000000088000000, 0x0000000088000000, 0x0000000088100000|  0%| F|  |TAMS 0x0000000088000000, 0x0000000088000000| Untracked 
| 129|0x0000000088100000, 0x0000000088100000, 0x0000000088200000|  0%| F|  |TAMS 0x0000000088100000, 0x0000000088100000| Untracked 
| 130|0x0000000088200000, 0x0000000088200000, 0x0000000088300000|  0%| F|  |TAMS 0x0000000088200000, 0x0000000088200000| Untracked 
| 131|0x0000000088300000, 0x0000000088300000, 0x0000000088400000|  0%| F|  |TAMS 0x0000000088300000, 0x0000000088300000| Untracked 
| 132|0x0000000088400000, 0x0000000088400000, 0x0000000088500000|  0%| F|  |TAMS 0x0000000088400000, 0x0000000088400000| Untracked 
| 133|0x0000000088500000, 0x0000000088500000, 0x0000000088600000|  0%| F|  |TAMS 0x0000000088500000, 0x0000000088500000| Untracked 
| 134|0x0000000088600000, 0x0000000088600000, 0x0000000088700000|  0%| F|  |TAMS 0x0000000088600000, 0x0000000088600000| Untracked 
| 135|0x0000000088700000, 0x0000000088700000, 0x0000000088800000|  0%| F|  |TAMS 0x0000000088700000, 0x0000000088700000| Untracked 
| 136|0x0000000088800000, 0x0000000088800000, 0x0000000088900000|  0%| F|  |TAMS 0x0000000088800000, 0x0000000088800000| Untracked 
| 137|0x0000000088900000, 0x0000000088900000, 0x0000000088a00000|  0%| F|  |TAMS 0x0000000088900000, 0x0000000088900000| Untracked 
| 138|0x0000000088a00000, 0x0000000088a00000, 0x0000000088b00000|  0%| F|  |TAMS 0x0000000088a00000, 0x0000000088a00000| Untracked 
| 139|0x0000000088b00000, 0x0000000088b00000, 0x0000000088c00000|  0%| F|  |TAMS 0x0000000088b00000, 0x0000000088b00000| Untracked 
| 140|0x0000000088c00000, 0x0000000088c00000, 0x0000000088d00000|  0%| F|  |TAMS 0x0000000088c00000, 0x0000000088c00000| Untracked 
| 141|0x0000000088d00000, 0x0000000088d00000, 0x0000000088e00000|  0%| F|  |TAMS 0x0000000088d00000, 0x0000000088d00000| Untracked 
| 142|0x0000000088e00000, 0x0000000088e00000, 0x0000000088f00000|  0%| F|  |TAMS 0x0000000088e00000, 0x0000000088e00000| Untracked 
| 143|0x0000000088f00000, 0x0000000088f80800, 0x0000000089000000| 50%| E|  |TAMS 0x0000000088f00000, 0x0000000088f00000| Complete 
| 144|0x0000000089000000, 0x0000000089100000, 0x0000000089100000|100%| E|CS|TAMS 0x0000000089000000, 0x0000000089000000| Complete 
| 145|0x0000000089100000, 0x0000000089200000, 0x0000000089200000|100%| E|CS|TAMS 0x0000000089100000, 0x0000000089100000| Complete 
| 146|0x0000000089200000, 0x0000000089300000, 0x0000000089300000|100%| E|CS|TAMS 0x0000000089200000, 0x0000000089200000| Complete 
| 147|0x0000000089300000, 0x0000000089400000, 0x0000000089400000|100%| E|CS|TAMS 0x0000000089300000, 0x0000000089300000| Complete 
| 148|0x0000000089400000, 0x0000000089500000, 0x0000000089500000|100%| E|CS|TAMS 0x0000000089400000, 0x0000000089400000| Complete 
| 149|0x0000000089500000, 0x0000000089600000, 0x0000000089600000|100%| E|CS|TAMS 0x0000000089500000, 0x0000000089500000| Complete 
| 150|0x0000000089600000, 0x0000000089700000, 0x0000000089700000|100%| E|CS|TAMS 0x0000000089600000, 0x0000000089600000| Complete 
| 151|0x0000000089700000, 0x0000000089800000, 0x0000000089800000|100%| E|CS|TAMS 0x0000000089700000, 0x0000000089700000| Complete 
| 152|0x0000000089800000, 0x0000000089900000, 0x0000000089900000|100%| E|CS|TAMS 0x0000000089800000, 0x0000000089800000| Complete 
| 153|0x0000000089900000, 0x0000000089a00000, 0x0000000089a00000|100%| E|CS|TAMS 0x0000000089900000, 0x0000000089900000| Complete 
| 154|0x0000000089a00000, 0x0000000089b00000, 0x0000000089b00000|100%| E|CS|TAMS 0x0000000089a00000, 0x0000000089a00000| Complete 
| 155|0x0000000089b00000, 0x0000000089c00000, 0x0000000089c00000|100%| E|CS|TAMS 0x0000000089b00000, 0x0000000089b00000| Complete 
| 156|0x0000000089c00000, 0x0000000089d00000, 0x0000000089d00000|100%| E|CS|TAMS 0x0000000089c00000, 0x0000000089c00000| Complete 
| 157|0x0000000089d00000, 0x0000000089e00000, 0x0000000089e00000|100%| E|CS|TAMS 0x0000000089d00000, 0x0000000089d00000| Complete 
| 158|0x0000000089e00000, 0x0000000089f00000, 0x0000000089f00000|100%| E|CS|TAMS 0x0000000089e00000, 0x0000000089e00000| Complete 
| 159|0x0000000089f00000, 0x000000008a000000, 0x000000008a000000|100%| E|CS|TAMS 0x0000000089f00000, 0x0000000089f00000| Complete 
| 160|0x000000008a000000, 0x000000008a100000, 0x000000008a100000|100%| E|CS|TAMS 0x000000008a000000, 0x000000008a000000| Complete 
| 161|0x000000008a100000, 0x000000008a200000, 0x000000008a200000|100%| E|CS|TAMS 0x000000008a100000, 0x000000008a100000| Complete 
| 162|0x000000008a200000, 0x000000008a300000, 0x000000008a300000|100%| E|CS|TAMS 0x000000008a200000, 0x000000008a200000| Complete 
| 163|0x000000008a300000, 0x000000008a400000, 0x000000008a400000|100%| E|CS|TAMS 0x000000008a300000, 0x000000008a300000| Complete 
| 164|0x000000008a400000, 0x000000008a500000, 0x000000008a500000|100%| E|CS|TAMS 0x000000008a400000, 0x000000008a400000| Complete 
| 165|0x000000008a500000, 0x000000008a600000, 0x000000008a600000|100%| E|  |TAMS 0x000000008a500000, 0x000000008a500000| Complete 
| 166|0x000000008a600000, 0x000000008a700000, 0x000000008a700000|100%| E|CS|TAMS 0x000000008a600000, 0x000000008a600000| Complete 
| 167|0x000000008a700000, 0x000000008a800000, 0x000000008a800000|100%| E|CS|TAMS 0x000000008a700000, 0x000000008a700000| Complete 
| 168|0x000000008a800000, 0x000000008a900000, 0x000000008a900000|100%| E|CS|TAMS 0x000000008a800000, 0x000000008a800000| Complete 
| 169|0x000000008a900000, 0x000000008aa00000, 0x000000008aa00000|100%| E|CS|TAMS 0x000000008a900000, 0x000000008a900000| Complete 
| 170|0x000000008aa00000, 0x000000008aa47000, 0x000000008ab00000| 27%| S|CS|TAMS 0x000000008aa00000, 0x000000008aa00000| Complete 
| 171|0x000000008ab00000, 0x000000008ac00000, 0x000000008ac00000|100%| E|CS|TAMS 0x000000008ab00000, 0x000000008ab00000| Complete 

Card table byte_map: [0x000002647f280000,0x000002647f680000] _byte_map_base: 0x000002647ee80000

Marking Bits (Prev, Next): (CMBitMap*) 0x000002646c139998, (CMBitMap*) 0x000002646c1399d0
 Prev Bits: [0x0000026400000000, 0x0000026402000000)
 Next Bits: [0x0000026402000000, 0x0000026404000000)

Polling page: 0x000002646a7c0000

Metaspace:

Usage:
  Non-class:     70.03 MB capacity,    68.77 MB ( 98%) used,     1.07 MB (  2%) free+waste,   199.63 KB ( <1%) overhead. 
      Class:     10.71 MB capacity,    10.06 MB ( 94%) used,   567.63 KB (  5%) free+waste,    90.75 KB ( <1%) overhead. 
       Both:     80.74 MB capacity,    78.83 MB ( 98%) used,     1.62 MB (  2%) free+waste,   290.38 KB ( <1%) overhead. 

Virtual space:
  Non-class space:       72.00 MB reserved,      70.12 MB ( 97%) committed 
      Class space:        1.00 GB reserved,      10.75 MB (  1%) committed 
             Both:        1.07 GB reserved,      80.87 MB (  7%) committed 

Chunk freelists:
   Non-Class:  29.00 KB
       Class:  12.00 KB
        Both:  41.00 KB

MaxMetaspaceSize: 17179869184.00 GB
CompressedClassSpaceSize: 1.00 GB

CodeHeap 'non-profiled nmethods': size=120064Kb used=6224Kb max_used=6224Kb free=113840Kb
 bounds [0x0000026477540000, 0x0000026477b60000, 0x000002647ea80000]
CodeHeap 'profiled nmethods': size=120000Kb used=20490Kb max_used=20490Kb free=99509Kb
 bounds [0x0000026470010000, 0x0000026471420000, 0x0000026477540000]
CodeHeap 'non-nmethods': size=5696Kb used=2325Kb max_used=2370Kb free=3370Kb
 bounds [0x000002646fa80000, 0x000002646fcf0000, 0x0000026470010000]
 total_blobs=10168 nmethods=9214 adapters=865
 compilation: enabled
              stopped_count=0, restarted_count=0
 full_count=0

Compilation events (20 events):
Event: 55.094 Thread 0x0000026406808800 9467       1       com.android.ide.common.blame.MergingLogPersistUtil$SourcePositionsSerializer::access$500 (5 bytes)
Event: 55.094 Thread 0x0000026406808800 nmethod 9467 0x0000026477b4ee90 code [0x0000026477b4f040, 0x0000026477b4f0d8]
Event: 55.095 Thread 0x0000026406808800 9468   !   3       java.io.BufferedWriter::write (117 bytes)
Event: 55.096 Thread 0x0000026406808800 nmethod 9468 0x000002647140e710 code [0x000002647140e920, 0x000002647140efa8]
Event: 55.100 Thread 0x0000026406808800 9469       3       com.google.gson.stream.JsonWriter::beginObject (12 bytes)
Event: 55.101 Thread 0x0000026406808800 nmethod 9469 0x000002647140f310 code [0x000002647140f520, 0x000002647140f908]
Event: 55.102 Thread 0x0000026406808800 9470       3       com.google.gson.stream.JsonWriter::endObject (9 bytes)
Event: 55.102 Thread 0x0000026406808800 nmethod 9470 0x000002647140fa90 code [0x000002647140fc40, 0x000002647140fd88]
Event: 55.146 Thread 0x000002647feac000 nmethod 9462 0x0000026477b4f190 code [0x0000026477b4f440, 0x0000026477b51668]
Event: 55.181 Thread 0x000002647feac000 9471   !   4       java.io.BufferedWriter::write (117 bytes)
Event: 55.188 Thread 0x000002647feac000 nmethod 9471 0x0000026477b52610 code [0x0000026477b527e0, 0x0000026477b53148]
Event: 55.188 Thread 0x000002647feac000 9472   !   4       java.io.BufferedWriter::write (55 bytes)
Event: 55.191 Thread 0x000002647feac000 nmethod 9472 0x0000026477b53610 code [0x0000026477b537a0, 0x0000026477b53ab8]
Event: 55.230 Thread 0x000002647feac000 9473       4       java.util.Arrays::copyOf (19 bytes)
Event: 55.231 Thread 0x000002647feac000 nmethod 9473 0x0000026477b53c90 code [0x0000026477b53e20, 0x0000026477b540b8]
Event: 55.257 Thread 0x0000026406808800 9474       3       com.android.ide.common.blame.MergingLogPersistUtil$SourcePositionsSerializer$JsonTypeAdapter::write (192 bytes)
Event: 55.260 Thread 0x0000026406808800 nmethod 9474 0x000002647140fe10 code [0x0000026471410400, 0x00000264714134d8]
Event: 55.275 Thread 0x0000026406808800 9475       3       com.android.ide.common.blame.MergingLogPersistUtil$SourcePositionsSerializer::<init> (76 bytes)
Event: 55.276 Thread 0x0000026406808800 nmethod 9475 0x0000026471414410 code [0x0000026471414680, 0x0000026471415078]
Event: 55.328 Thread 0x000002647feac000 9476       4       com.android.ide.common.blame.MergingLogPersistUtil$$Lambda$675/0x0000000100a9fc40::accept (12 bytes)

GC Heap History (20 events):
Event: 35.913 GC heap before
{Heap before GC invocations=41 (full 0):
 garbage-first heap   total 101376K, used 77178K [0x0000000080000000, 0x0000000100000000)
  region size 1024K, 29 young (29696K), 4 survivors (4096K)
 Metaspace       used 74754K, capacity 76431K, committed 76668K, reserved 1116160K
  class space    used 9764K, capacity 10371K, committed 10496K, reserved 1048576K
}
Event: 35.933 GC heap after
{Heap after GC invocations=42 (full 0):
 garbage-first heap   total 121856K, used 54400K [0x0000000080000000, 0x0000000100000000)
  region size 1024K, 4 young (4096K), 4 survivors (4096K)
 Metaspace       used 74754K, capacity 76431K, committed 76668K, reserved 1116160K
  class space    used 9764K, capacity 10371K, committed 10496K, reserved 1048576K
}
Event: 38.356 GC heap before
{Heap before GC invocations=43 (full 0):
 garbage-first heap   total 121856K, used 87168K [0x0000000080000000, 0x0000000100000000)
  region size 1024K, 37 young (37888K), 4 survivors (4096K)
 Metaspace       used 75324K, capacity 77096K, committed 77180K, reserved 1116160K
  class space    used 9802K, capacity 10440K, committed 10496K, reserved 1048576K
}
Event: 38.408 GC heap after
{Heap after GC invocations=44 (full 0):
 garbage-first heap   total 121856K, used 56208K [0x0000000080000000, 0x0000000100000000)
  region size 1024K, 4 young (4096K), 4 survivors (4096K)
 Metaspace       used 75324K, capacity 77096K, committed 77180K, reserved 1116160K
  class space    used 9802K, capacity 10440K, committed 10496K, reserved 1048576K
}
Event: 41.250 GC heap before
{Heap before GC invocations=44 (full 0):
 garbage-first heap   total 121856K, used 90000K [0x0000000080000000, 0x0000000100000000)
  region size 1024K, 37 young (37888K), 4 survivors (4096K)
 Metaspace       used 76615K, capacity 78522K, committed 78588K, reserved 1118208K
  class space    used 9935K, capacity 10567K, committed 10624K, reserved 1048576K
}
Event: 41.291 GC heap after
{Heap after GC invocations=45 (full 0):
 garbage-first heap   total 121856K, used 57522K [0x0000000080000000, 0x0000000100000000)
  region size 1024K, 4 young (4096K), 4 survivors (4096K)
 Metaspace       used 76615K, capacity 78522K, committed 78588K, reserved 1118208K
  class space    used 9935K, capacity 10567K, committed 10624K, reserved 1048576K
}
Event: 42.586 GC heap before
{Heap before GC invocations=45 (full 0):
 garbage-first heap   total 121856K, used 91314K [0x0000000080000000, 0x0000000100000000)
  region size 1024K, 38 young (38912K), 4 survivors (4096K)
 Metaspace       used 76833K, capacity 78725K, committed 78844K, reserved 1118208K
  class space    used 9935K, capacity 10567K, committed 10624K, reserved 1048576K
}
Event: 42.614 GC heap after
{Heap after GC invocations=46 (full 0):
 garbage-first heap   total 121856K, used 62787K [0x0000000080000000, 0x0000000100000000)
  region size 1024K, 5 young (5120K), 5 survivors (5120K)
 Metaspace       used 76833K, capacity 78725K, committed 78844K, reserved 1118208K
  class space    used 9935K, capacity 10567K, committed 10624K, reserved 1048576K
}
Event: 42.941 GC heap before
{Heap before GC invocations=46 (full 0):
 garbage-first heap   total 121856K, used 74051K [0x0000000080000000, 0x0000000100000000)
  region size 1024K, 17 young (17408K), 5 survivors (5120K)
 Metaspace       used 76838K, capacity 78725K, committed 78844K, reserved 1118208K
  class space    used 9935K, capacity 10567K, committed 10624K, reserved 1048576K
}
Event: 42.992 GC heap after
{Heap after GC invocations=47 (full 0):
 garbage-first heap   total 146432K, used 65507K [0x0000000080000000, 0x0000000100000000)
  region size 1024K, 3 young (3072K), 3 survivors (3072K)
 Metaspace       used 76838K, capacity 78725K, committed 78844K, reserved 1118208K
  class space    used 9935K, capacity 10567K, committed 10624K, reserved 1048576K
}
Event: 45.617 GC heap before
{Heap before GC invocations=48 (full 0):
 garbage-first heap   total 146432K, used 101347K [0x0000000080000000, 0x0000000100000000)
  region size 1024K, 35 young (35840K), 3 survivors (3072K)
 Metaspace       used 76927K, capacity 78789K, committed 79100K, reserved 1118208K
  class space    used 9935K, capacity 10567K, committed 10624K, reserved 1048576K
}
Event: 45.648 GC heap after
{Heap after GC invocations=49 (full 0):
 garbage-first heap   total 146432K, used 73728K [0x0000000080000000, 0x0000000100000000)
  region size 1024K, 5 young (5120K), 5 survivors (5120K)
 Metaspace       used 76927K, capacity 78789K, committed 79100K, reserved 1118208K
  class space    used 9935K, capacity 10567K, committed 10624K, reserved 1048576K
}
Event: 47.675 GC heap before
{Heap before GC invocations=49 (full 0):
 garbage-first heap   total 146432K, used 95232K [0x0000000080000000, 0x0000000100000000)
  region size 1024K, 28 young (28672K), 5 survivors (5120K)
 Metaspace       used 77870K, capacity 79807K, committed 79996K, reserved 1118208K
  class space    used 10034K, capacity 10693K, committed 10752K, reserved 1048576K
}
Event: 47.710 GC heap after
{Heap after GC invocations=50 (full 0):
 garbage-first heap   total 146432K, used 77246K [0x0000000080000000, 0x0000000100000000)
  region size 1024K, 4 young (4096K), 4 survivors (4096K)
 Metaspace       used 77870K, capacity 79807K, committed 79996K, reserved 1118208K
  class space    used 10034K, capacity 10693K, committed 10752K, reserved 1048576K
}
Event: 48.575 GC heap before
{Heap before GC invocations=51 (full 0):
 garbage-first heap   total 146432K, used 78270K [0x0000000080000000, 0x0000000100000000)
  region size 1024K, 5 young (5120K), 4 survivors (4096K)
 Metaspace       used 77912K, capacity 79871K, committed 79996K, reserved 1118208K
  class space    used 10037K, capacity 10693K, committed 10752K, reserved 1048576K
}
Event: 48.620 GC heap after
{Heap after GC invocations=52 (full 0):
 garbage-first heap   total 146432K, used 78349K [0x0000000080000000, 0x0000000100000000)
  region size 1024K, 1 young (1024K), 1 survivors (1024K)
 Metaspace       used 77912K, capacity 79871K, committed 79996K, reserved 1118208K
  class space    used 10037K, capacity 10693K, committed 10752K, reserved 1048576K
}
Event: 49.422 GC heap before
{Heap before GC invocations=53 (full 0):
 garbage-first heap   total 146432K, used 81421K [0x0000000080000000, 0x0000000100000000)
  region size 1024K, 3 young (3072K), 1 survivors (1024K)
 Metaspace       used 78087K, capacity 80000K, committed 80252K, reserved 1118208K
  class space    used 10051K, capacity 10693K, committed 10752K, reserved 1048576K
}
Event: 49.433 GC heap after
{Heap after GC invocations=54 (full 0):
 garbage-first heap   total 176128K, used 80071K [0x0000000080000000, 0x0000000100000000)
  region size 1024K, 1 young (1024K), 1 survivors (1024K)
 Metaspace       used 78087K, capacity 80000K, committed 80252K, reserved 1118208K
  class space    used 10051K, capacity 10693K, committed 10752K, reserved 1048576K
}
Event: 49.725 GC heap before
{Heap before GC invocations=55 (full 0):
 garbage-first heap   total 176128K, used 79047K [0x0000000080000000, 0x0000000100000000)
  region size 1024K, 2 young (2048K), 1 survivors (1024K)
 Metaspace       used 78237K, capacity 80160K, committed 80252K, reserved 1118208K
  class space    used 10066K, capacity 10725K, committed 10752K, reserved 1048576K
}
Event: 49.729 GC heap after
{Heap after GC invocations=56 (full 0):
 garbage-first heap   total 176128K, used 77034K [0x0000000080000000, 0x0000000100000000)
  region size 1024K, 1 young (1024K), 1 survivors (1024K)
 Metaspace       used 78237K, capacity 80160K, committed 80252K, reserved 1118208K
  class space    used 10066K, capacity 10725K, committed 10752K, reserved 1048576K
}

Deoptimization events (20 events):
Event: 51.150 Thread 0x0000026409bd6800 DEOPT PACKING pc=0x000002647133fdf0 sp=0x000000c9b6efd190
Event: 51.150 Thread 0x0000026409bd6800 DEOPT UNPACKING pc=0x000002646faa72ce sp=0x000000c9b6efc558 mode 0
Event: 51.457 Thread 0x0000026409bd6800 DEOPT PACKING pc=0x00000264713c7cc3 sp=0x000000c9b6efd840
Event: 51.457 Thread 0x0000026409bd6800 DEOPT UNPACKING pc=0x000002646faa72ce sp=0x000000c9b6efcd28 mode 0
Event: 51.832 Thread 0x0000026409bd7800 DEOPT PACKING pc=0x0000026471354a62 sp=0x000000c9b6ffd460
Event: 51.832 Thread 0x0000026409bd7800 DEOPT UNPACKING pc=0x000002646faa72ce sp=0x000000c9b6ffc8a0 mode 0
Event: 51.870 Thread 0x0000026409bd7800 DEOPT PACKING pc=0x0000026471349021 sp=0x000000c9b6ffd400
Event: 51.870 Thread 0x0000026409bd7800 DEOPT UNPACKING pc=0x000002646faa72ce sp=0x000000c9b6ffc800 mode 0
Event: 51.872 Thread 0x0000026409bd7800 DEOPT PACKING pc=0x0000026471349021 sp=0x000000c9b6ffd400
Event: 51.872 Thread 0x0000026409bd7800 DEOPT UNPACKING pc=0x000002646faa72ce sp=0x000000c9b6ffc800 mode 0
Event: 52.094 Thread 0x0000026409bd7800 Uncommon trap: trap_request=0xffffffc6 fr.pc=0x00000264778873a4 relative=0x0000000000000e84
Event: 52.094 Thread 0x0000026409bd7800 Uncommon trap: reason=bimorphic_or_optimized_type_check action=maybe_recompile pc=0x00000264778873a4 method=java.util.Hashtable.addEntry(ILjava/lang/Object;Ljava/lang/Object;I)V @ 28 c2
Event: 52.094 Thread 0x0000026409bd7800 DEOPT PACKING pc=0x00000264778873a4 sp=0x000000c9b6ffd8f0
Event: 52.094 Thread 0x0000026409bd7800 DEOPT UNPACKING pc=0x000002646faa74af sp=0x000000c9b6ffd838 mode 2
Event: 52.095 Thread 0x0000026409bd7800 DEOPT PACKING pc=0x00000264713c7cc3 sp=0x000000c9b6ffd8e0
Event: 52.096 Thread 0x0000026409bd7800 DEOPT UNPACKING pc=0x000002646faa72ce sp=0x000000c9b6ffcdc8 mode 0
Event: 55.094 Thread 0x00000264072a6000 Uncommon trap: trap_request=0xffffff4d fr.pc=0x0000026477b4a854 relative=0x0000000000000614
Event: 55.095 Thread 0x00000264072a6000 Uncommon trap: reason=unstable_if action=reinterpret pc=0x0000026477b4a854 method=java.io.BufferedWriter.min(II)I @ 2 c2
Event: 55.095 Thread 0x00000264072a6000 DEOPT PACKING pc=0x0000026477b4a854 sp=0x000000c9af8f7e10
Event: 55.095 Thread 0x00000264072a6000 DEOPT UNPACKING pc=0x000002646faa74af sp=0x000000c9af8f7d40 mode 2

Classes redefined (0 events):
No events

Internal exceptions (20 events):
Event: 46.403 Thread 0x00000264072a6000 Exception <a 'java/lang/NoSuchMethodError'{0x00000000881c95b8}: <clinit>> (0x00000000881c95b8) thrown at [./src/hotspot/share/prims/jni.cpp, line 1362]
Event: 46.406 Thread 0x00000264072a6000 Exception <a 'java/lang/NoSuchMethodError'{0x00000000881dcd98}: <clinit>> (0x00000000881dcd98) thrown at [./src/hotspot/share/prims/jni.cpp, line 1362]
Event: 46.417 Thread 0x00000264072a6000 Exception <a 'java/lang/NoSuchMethodError'{0x00000000880610b0}: <clinit>> (0x00000000880610b0) thrown at [./src/hotspot/share/prims/jni.cpp, line 1362]
Event: 46.417 Thread 0x00000264072a6000 Exception <a 'java/lang/NoSuchMethodError'{0x00000000880641c8}: <clinit>> (0x00000000880641c8) thrown at [./src/hotspot/share/prims/jni.cpp, line 1362]
Event: 46.417 Thread 0x00000264072a6000 Exception <a 'java/lang/NoSuchMethodError'{0x0000000088069040}: <clinit>> (0x0000000088069040) thrown at [./src/hotspot/share/prims/jni.cpp, line 1362]
Event: 46.431 Thread 0x00000264072a6000 Exception <a 'java/lang/NoSuchMethodError'{0x0000000088074870}: <clinit>> (0x0000000088074870) thrown at [./src/hotspot/share/prims/jni.cpp, line 1362]
Event: 46.435 Thread 0x00000264072a6000 Exception <a 'java/lang/NoSuchMethodError'{0x00000000880cfa68}: <clinit>> (0x00000000880cfa68) thrown at [./src/hotspot/share/prims/jni.cpp, line 1362]
Event: 46.438 Thread 0x00000264072a6000 Exception <a 'java/lang/NoSuchMethodError'{0x0000000087f08ac8}: <clinit>> (0x0000000087f08ac8) thrown at [./src/hotspot/share/prims/jni.cpp, line 1362]
Event: 46.440 Thread 0x00000264072a6000 Exception <a 'java/lang/NoSuchMethodError'{0x0000000087f4b808}: <clinit>> (0x0000000087f4b808) thrown at [./src/hotspot/share/prims/jni.cpp, line 1362]
Event: 46.441 Thread 0x00000264072a6000 Exception <a 'java/lang/NoSuchMethodError'{0x0000000087f4f468}: <clinit>> (0x0000000087f4f468) thrown at [./src/hotspot/share/prims/jni.cpp, line 1362]
Event: 46.441 Thread 0x00000264072a6000 Exception <a 'java/lang/NoSuchMethodError'{0x0000000087f528d0}: <clinit>> (0x0000000087f528d0) thrown at [./src/hotspot/share/prims/jni.cpp, line 1362]
Event: 46.442 Thread 0x00000264072a6000 Exception <a 'java/lang/NoSuchMethodError'{0x0000000087f71c48}: <clinit>> (0x0000000087f71c48) thrown at [./src/hotspot/share/prims/jni.cpp, line 1362]
Event: 46.456 Thread 0x00000264072a6000 Exception <a 'java/lang/NoSuchMethodError'{0x0000000087f90170}: <clinit>> (0x0000000087f90170) thrown at [./src/hotspot/share/prims/jni.cpp, line 1362]
Event: 46.458 Thread 0x00000264072a6000 Exception <a 'java/lang/NoSuchMethodError'{0x0000000087fb8e40}: <clinit>> (0x0000000087fb8e40) thrown at [./src/hotspot/share/prims/jni.cpp, line 1362]
Event: 46.544 Thread 0x00000264072a6000 Exception <a 'java/lang/NoSuchMethodError'{0x0000000087fcedc8}: <clinit>> (0x0000000087fcedc8) thrown at [./src/hotspot/share/prims/jni.cpp, line 1362]
Event: 46.806 Thread 0x00000264072a6000 Exception <a 'java/lang/NoSuchMethodError'{0x0000000087ef8958}: <clinit>> (0x0000000087ef8958) thrown at [./src/hotspot/share/prims/jni.cpp, line 1362]
Event: 48.538 Thread 0x00000264072a6000 Implicit null exception at 0x0000026477abd880 to 0x0000026477ac2d87
Event: 49.741 Thread 0x0000026409bd7800 Exception <a 'java/lang/ClassNotFoundException'{0x000000008ab03720}: sun/awt/resources/spi/awtProvider> (0x000000008ab03720) thrown at [./src/hotspot/share/classfile/systemDictionary.cpp, line 231]
Event: 49.761 Thread 0x0000026409bd7800 Exception <a 'java/io/FileNotFoundException'{0x000000008ab5f630}> (0x000000008ab5f630) thrown at [./src/hotspot/share/prims/jni.cpp, line 615]
Event: 49.762 Thread 0x0000026409bd7800 Exception <a 'java/io/FileNotFoundException'{0x000000008ab63498}> (0x000000008ab63498) thrown at [./src/hotspot/share/prims/jni.cpp, line 615]

Events (20 events):
Event: 50.540 loading class java/util/zip/Deflater
Event: 50.541 loading class java/util/zip/Deflater done
Event: 50.547 loading class java/util/zip/Deflater$DeflaterZStreamRef
Event: 50.547 loading class java/util/zip/Deflater$DeflaterZStreamRef done
Event: 50.547 loading class java/awt/image/PixelInterleavedSampleModel
Event: 50.547 loading class java/awt/image/ComponentSampleModel
Event: 50.548 loading class java/awt/image/ComponentSampleModel done
Event: 50.548 loading class java/awt/image/PixelInterleavedSampleModel done
Event: 50.757 loading class org/gradle/internal/work/AsyncWorkTracker$ProjectLockRetention
Event: 50.757 loading class org/gradle/internal/work/AsyncWorkTracker$ProjectLockRetention done
Event: 51.146 loading class java/awt/geom/Path2D$Double$CopyIterator
Event: 51.146 loading class java/awt/geom/Path2D$Double$CopyIterator done
Event: 54.741 loading class org/gradle/internal/work/DefaultAsyncWorkTracker$3
Event: 54.741 loading class org/gradle/internal/work/DefaultAsyncWorkTracker$3 done
Event: 54.772 loading class com/android/ide/common/blame/MergingLogPersistUtil$SourcePositionsSerializer
Event: 54.772 loading class com/android/ide/common/blame/MergingLogPersistUtil$SourcePositionsSerializer done
Event: 54.781 loading class com/android/ide/common/blame/MergingLogPersistUtil$SourcePositionsSerializer$Kind
Event: 54.781 loading class com/android/ide/common/blame/MergingLogPersistUtil$SourcePositionsSerializer$Kind done
Event: 55.094 Executing VM operation: RevokeBias
Event: 55.095 Executing VM operation: RevokeBias done


Dynamic libraries:
0x00007ff621670000 - 0x00007ff62167a000 	C:\Program Files\Android\Android Studio\jre\bin\java.exe
0x00007ff801a10000 - 0x00007ff801c05000 	C:\WINDOWS\SYSTEM32\ntdll.dll
0x00007ff800240000 - 0x00007ff8002fd000 	C:\WINDOWS\System32\KERNEL32.DLL
0x00007fffff4f0000 - 0x00007fffff7b8000 	C:\WINDOWS\System32\KERNELBASE.dll
0x00007fffff7c0000 - 0x00007fffff8c0000 	C:\WINDOWS\System32\ucrtbase.dll
0x00007ffff79c0000 - 0x00007ffff79d7000 	C:\Program Files\Android\Android Studio\jre\bin\VCRUNTIME140.dll
0x00007ffff2880000 - 0x00007ffff2899000 	C:\Program Files\Android\Android Studio\jre\bin\jli.dll
0x00007ff801590000 - 0x00007ff801730000 	C:\WINDOWS\System32\USER32.dll
0x00007ff800060000 - 0x00007ff800082000 	C:\WINDOWS\System32\win32u.dll
0x00007ff800530000 - 0x00007ff80055a000 	C:\WINDOWS\System32\GDI32.dll
0x00007fffff8c0000 - 0x00007fffff9cb000 	C:\WINDOWS\System32\gdi32full.dll
0x00007fffff3a0000 - 0x00007fffff43d000 	C:\WINDOWS\System32\msvcp_win.dll
0x00007ffff0870000 - 0x00007ffff0b0a000 	C:\WINDOWS\WinSxS\amd64_microsoft.windows.common-controls_6595b64144ccf1df_6.0.19041.844_none_ca00b6081b84eb1d\COMCTL32.dll
0x00007ff800b20000 - 0x00007ff800bbe000 	C:\WINDOWS\System32\msvcrt.dll
0x00007ff800be0000 - 0x00007ff800c10000 	C:\WINDOWS\System32\IMM32.DLL
0x00007fffbf6c0000 - 0x00007fffbf75d000 	C:\Program Files\Android\Android Studio\jre\bin\msvcp140.dll
0x00007fff9a590000 - 0x00007fff9b04c000 	C:\Program Files\Android\Android Studio\jre\bin\server\jvm.dll
0x00007ff801920000 - 0x00007ff8019cc000 	C:\WINDOWS\System32\ADVAPI32.dll
0x00007ff800360000 - 0x00007ff8003fb000 	C:\WINDOWS\System32\sechost.dll
0x00007ff8000f0000 - 0x00007ff80021b000 	C:\WINDOWS\System32\RPCRT4.dll
0x00007ff800bc0000 - 0x00007ff800bc8000 	C:\WINDOWS\System32\PSAPI.DLL
0x00007fffd66c0000 - 0x00007fffd66c9000 	C:\WINDOWS\SYSTEM32\WSOCK32.dll
0x00007ff800cf0000 - 0x00007ff800d5b000 	C:\WINDOWS\System32\WS2_32.dll
0x00007ffff6d30000 - 0x00007ffff6d57000 	C:\WINDOWS\SYSTEM32\WINMM.dll
0x00007ffff6d20000 - 0x00007ffff6d2a000 	C:\WINDOWS\SYSTEM32\VERSION.dll
0x00007ffffcf80000 - 0x00007ffffcf92000 	C:\WINDOWS\SYSTEM32\kernel.appcore.dll
0x00007fffbfd80000 - 0x00007fffbfd91000 	C:\Program Files\Android\Android Studio\jre\bin\verify.dll
0x00007fffec820000 - 0x00007fffeca04000 	C:\WINDOWS\SYSTEM32\DBGHELP.DLL
0x00007fffebb30000 - 0x00007fffebb5c000 	C:\WINDOWS\SYSTEM32\dbgcore.DLL
0x00007fffff320000 - 0x00007fffff3a0000 	C:\WINDOWS\System32\bcryptPrimitives.dll
0x00007fffbe970000 - 0x00007fffbe999000 	C:\Program Files\Android\Android Studio\jre\bin\java.dll
0x00007ffff2e30000 - 0x00007ffff2e3b000 	C:\Program Files\Android\Android Studio\jre\bin\jimage.dll
0x00007fffbf3b0000 - 0x00007fffbf3c8000 	C:\Program Files\Android\Android Studio\jre\bin\zip.dll
0x00007ff800dc0000 - 0x00007ff801502000 	C:\WINDOWS\System32\SHELL32.dll
0x00007ffffd290000 - 0x00007ffffda20000 	C:\WINDOWS\SYSTEM32\windows.storage.dll
0x00007ff800560000 - 0x00007ff8008b5000 	C:\WINDOWS\System32\combase.dll
0x00007ffffeae0000 - 0x00007ffffeb0c000 	C:\WINDOWS\SYSTEM32\Wldp.dll
0x00007ff801870000 - 0x00007ff80191e000 	C:\WINDOWS\System32\SHCORE.dll
0x00007ff800090000 - 0x00007ff8000e5000 	C:\WINDOWS\System32\shlwapi.dll
0x00007fffff080000 - 0x00007fffff09f000 	C:\WINDOWS\SYSTEM32\profapi.dll
0x00007fffbce60000 - 0x00007fffbce7a000 	C:\Program Files\Android\Android Studio\jre\bin\net.dll
0x00007ffff0fc0000 - 0x00007ffff10cb000 	C:\WINDOWS\SYSTEM32\WINHTTP.dll
0x00007ffffe850000 - 0x00007ffffe8ba000 	C:\WINDOWS\system32\mswsock.dll
0x00007fffb8070000 - 0x00007fffb8084000 	C:\Program Files\Android\Android Studio\jre\bin\nio.dll
0x00007fffbe9b0000 - 0x00007fffbe9d7000 	C:\Users\Lenovo\.gradle\native\fdc75f09e3144964f2cf3f50f0aa648679c211496f362492102eb8c894070792\windows-amd64\native-platform.dll
0x00007fffafc50000 - 0x00007fffafde6000 	C:\Users\Lenovo\.gradle\native\12488b8bf47d2d4c9fbf2f6322a914ad602e24e48041cd04a747c6da556b65c4\windows-amd64\native-platform-file-events.dll
0x00007ffff2c90000 - 0x00007ffff2c9a000 	C:\Program Files\Android\Android Studio\jre\bin\management.dll
0x00007ffff2ad0000 - 0x00007ffff2adc000 	C:\Program Files\Android\Android Studio\jre\bin\management_ext.dll
0x00007ffffea20000 - 0x00007ffffea38000 	C:\WINDOWS\SYSTEM32\CRYPTSP.dll
0x00007ffffe1f0000 - 0x00007ffffe224000 	C:\WINDOWS\system32\rsaenh.dll
0x00007fffff2f0000 - 0x00007fffff317000 	C:\WINDOWS\System32\bcrypt.dll
0x00007fffff040000 - 0x00007fffff06e000 	C:\WINDOWS\SYSTEM32\USERENV.dll
0x00007ffffea40000 - 0x00007ffffea4c000 	C:\WINDOWS\SYSTEM32\CRYPTBASE.dll
0x00007ffffe540000 - 0x00007ffffe57b000 	C:\WINDOWS\SYSTEM32\IPHLPAPI.DLL
0x00007ff801860000 - 0x00007ff801868000 	C:\WINDOWS\System32\NSI.dll
0x00007ffff4d70000 - 0x00007ffff4d87000 	C:\WINDOWS\SYSTEM32\dhcpcsvc6.DLL
0x00007ffff4d50000 - 0x00007ffff4d6d000 	C:\WINDOWS\SYSTEM32\dhcpcsvc.DLL
0x00007ffffe580000 - 0x00007ffffe64c000 	C:\WINDOWS\SYSTEM32\DNSAPI.dll
0x00007ffff6fb0000 - 0x00007ffff6fbb000 	C:\WINDOWS\SYSTEM32\WINNSI.DLL
0x00007fffa5750000 - 0x00007fffa58f2000 	C:\Program Files\Android\Android Studio\jre\bin\awt.dll
0x00007ff800400000 - 0x00007ff8004cd000 	C:\WINDOWS\System32\OLEAUT32.dll
0x00007ffffcff0000 - 0x00007ffffd01f000 	C:\WINDOWS\SYSTEM32\dwmapi.dll
0x00007ffffcb20000 - 0x00007ffffcbb0000 	C:\WINDOWS\SYSTEM32\apphelp.dll
0x00007ffffcbd0000 - 0x00007ffffcc6e000 	C:\WINDOWS\system32\uxtheme.dll

dbghelp: loaded successfully - version: 4.0.5 - missing functions: none
symbol engine: initialized successfully - sym options: 0x614 - pdb path: .;C:\Program Files\Android\Android Studio\jre\bin;C:\WINDOWS\SYSTEM32;C:\WINDOWS\WinSxS\amd64_microsoft.windows.common-controls_6595b64144ccf1df_6.0.19041.844_none_ca00b6081b84eb1d;C:\Program Files\Android\Android Studio\jre\bin\server;C:\Users\Lenovo\.gradle\native\fdc75f09e3144964f2cf3f50f0aa648679c211496f362492102eb8c894070792\windows-amd64;C:\Users\Lenovo\.gradle\native\12488b8bf47d2d4c9fbf2f6322a914ad602e24e48041cd04a747c6da556b65c4\windows-amd64

VM Arguments:
jvm_args: --add-opens=java.base/java.util=ALL-UNNAMED --add-opens=java.base/java.lang=ALL-UNNAMED --add-opens=java.base/java.lang.invoke=ALL-UNNAMED --add-opens=java.prefs/java.util.prefs=ALL-UNNAMED -Xmx2048m -Dfile.encoding=UTF-8 -Duser.country=CA -Duser.language=en -Duser.variant 
java_command: org.gradle.launcher.daemon.bootstrap.GradleDaemon 6.7.1
java_class_path (initial): C:\Users\Lenovo\.gradle\wrapper\dists\gradle-6.7.1-bin\bwlcbys1h7rz3272sye1xwiv6\gradle-6.7.1\lib\gradle-launcher-6.7.1.jar
Launcher Type: SUN_STANDARD

[Global flags]
     intx CICompilerCount                          = 2                                         {product} {ergonomic}
     uint ConcGCThreads                            = 1                                         {product} {ergonomic}
     uint G1ConcRefinementThreads                  = 2                                         {product} {ergonomic}
   size_t G1HeapRegionSize                         = 1048576                                   {product} {ergonomic}
    uintx GCDrainStackTargetSize                   = 64                                        {product} {ergonomic}
   size_t InitialHeapSize                          = 58720256                                  {product} {ergonomic}
   size_t MarkStackSize                            = 4194304                                   {product} {ergonomic}
   size_t MaxHeapSize                              = 2147483648                                {product} {command line}
   size_t MaxNewSize                               = 1287651328                                {product} {ergonomic}
   size_t MinHeapDeltaBytes                        = 1048576                                   {product} {ergonomic}
    uintx NonNMethodCodeHeapSize                   = 5825164                                {pd product} {ergonomic}
    uintx NonProfiledCodeHeapSize                  = 122916538                              {pd product} {ergonomic}
    uintx ProfiledCodeHeapSize                     = 122916538                              {pd product} {ergonomic}
    uintx ReservedCodeCacheSize                    = 251658240                              {pd product} {ergonomic}
     bool SegmentedCodeCache                       = true                                      {product} {ergonomic}
     bool UseCompressedClassPointers               = true                                 {lp64_product} {ergonomic}
     bool UseCompressedOops                        = true                                 {lp64_product} {ergonomic}
     bool UseG1GC                                  = true                                      {product} {ergonomic}
     bool UseLargePagesIndividualAllocation        = false                                  {pd product} {ergonomic}

Logging:
Log output configuration:
 #0: stdout all=warning uptime,level,tags
 #1: stderr all=off uptime,level,tags

Environment Variables:
PATH=C:\Python39\Scripts\;C:\Python39\;C:\Program Files\Common Files\Oracle\Java\javapath;C:\Program Files (x86)\Common Files\Oracle\Java\javapath;C:\oraclexe\app\oracle\product\11.2.0\server\bin;C:\python38\Scripts\;C:\python38\;C:\WINDOWS\system32;C:\WINDOWS;C:\WINDOWS\System32\Wbem;C:\WINDOWS\System32\WindowsPowerShell\v1.0\;C:\WINDOWS\System32\OpenSSH\;C:\Program Files\Microsoft SQL Server\Client SDK\ODBC\170\Tools\Binn\;C:\Program Files (x86)\Microsoft SQL Server\150\Tools\Binn\;C:\Program Files\Microsoft SQL Server\150\Tools\Binn\;C:\Program Files\Microsoft SQL Server\150\DTS\Binn\;C:\Program Files (x86)\Microsoft SQL Server\150\DTS\Binn\;C:\Program Files\dotnet\;C:\Program Files\Microsoft SQL Server\130\Tools\Binn\;C:\Program Files\nodejs\;C:\ProgramData\chocolatey\bin;C:\Program Files\Git\cmd;C:\Program Files\MySQL\MySQL Shell 8.0\bin\;C:\Users\Lenovo\AppData\Local\Microsoft\WindowsApps;;C:\Users\Lenovo\AppData\Local\Programs\Microsoft VS Code\bin;C:\Users\Lenovo\.dotnet\tools;C:\Users\Lenovo\AppData\Roaming\npm
USERNAME=Lenovo
OS=Windows_NT
PROCESSOR_IDENTIFIER=AMD64 Family 23 Model 24 Stepping 1, AuthenticAMD



---------------  S Y S T E M  ---------------

OS: Windows 10 , 64 bit Build 19041 (10.0.19041.928)
OS uptime: 8 days 1:36 hours

CPU:total 2 (initial active 2) (2 cores per cpu, 1 threads per core) family 23 model 24 stepping 1, cmov, cx8, fxsr, mmx, sse, sse2, sse3, ssse3, sse4.1, sse4.2, popcnt, avx, avx2, aes, clmul, mmxext, 3dnowpref, lzcnt, sse4a, tsc, tscinvbit, tscinv, bmi1, bmi2, adx, sha, fma

Memory: 4k page, system-wide physical 3460M (169M free)
TotalPageFile size 14212M (AvailPageFile size 5M)
current process WorkingSet (physical memory assigned to process): 175M, peak: 224M
current process commit charge ("private bytes"): 423M, peak: 425M

vm_info: OpenJDK 64-Bit Server VM (11.0.8+10-b944.6842174) for windows-amd64 JRE (11.0.8+10-b944.6842174), built on Sep 19 2020 01:11:42 by "builder" with MS VC++ 14.0 (VS2015)

END.
